WARNING: Error loading config file: /home/.docker/config.json: Invalid auth configuration file
-- Logs begin at Tue 2021-08-17 17:50:16 UTC, end at Tue 2021-08-17 17:51:29 UTC. --
Aug 17 17:50:16 remote-control-plane systemd[1]: Starting containerd container runtime...
Aug 17 17:50:16 remote-control-plane systemd[1]: Started containerd container runtime.
Aug 17 17:50:17 remote-control-plane systemd[1]: Stopping containerd container runtime...
Aug 17 17:50:17 remote-control-plane systemd[1]: containerd.service: Succeeded.
Aug 17 17:50:17 remote-control-plane systemd[1]: Stopped containerd container runtime.
Aug 17 17:50:17 remote-control-plane systemd[1]: Starting containerd container runtime...
Aug 17 17:50:17 remote-control-plane systemd[1]: Started containerd container runtime.
Aug 17 17:50:17 remote-control-plane containerd[236]: time="2021-08-17T17:50:17.200780400Z" level=info msg="starting containerd" revision=12dca9790f4cb6b18a6a7a027ce420145cb98ee7 version=v1.5.1
Aug 17 17:50:17 remote-control-plane containerd[236]: time="2021-08-17T17:50:17.229428300Z" level=info msg="loading plugin \"io.containerd.content.v1.content\"..." type=io.containerd.content.v1
Aug 17 17:50:17 remote-control-plane containerd[236]: time="2021-08-17T17:50:17.229497700Z" level=info msg="loading plugin \"io.containerd.snapshotter.v1.aufs\"..." type=io.containerd.snapshotter.v1
Aug 17 17:50:17 remote-control-plane containerd[236]: time="2021-08-17T17:50:17.231216100Z" level=info msg="skip loading plugin \"io.containerd.snapshotter.v1.aufs\"..." error="aufs is not supported (modprobe aufs failed: exit status 1 \"modprobe: FATAL: Module aufs not found in directory /lib/modules/5.10.25-linuxkit\\n\"): skip plugin" type=io.containerd.snapshotter.v1
Aug 17 17:50:17 remote-control-plane containerd[236]: time="2021-08-17T17:50:17.231279400Z" level=info msg="loading plugin \"io.containerd.snapshotter.v1.btrfs\"..." type=io.containerd.snapshotter.v1
Aug 17 17:50:17 remote-control-plane containerd[236]: time="2021-08-17T17:50:17.231635200Z" level=info msg="skip loading plugin \"io.containerd.snapshotter.v1.btrfs\"..." error="path /var/lib/containerd/io.containerd.snapshotter.v1.btrfs (ext4) must be a btrfs filesystem to be used with the btrfs snapshotter: skip plugin" type=io.containerd.snapshotter.v1
Aug 17 17:50:17 remote-control-plane containerd[236]: time="2021-08-17T17:50:17.231682500Z" level=info msg="loading plugin \"io.containerd.snapshotter.v1.devmapper\"..." type=io.containerd.snapshotter.v1
Aug 17 17:50:17 remote-control-plane containerd[236]: time="2021-08-17T17:50:17.231725500Z" level=warning msg="failed to load plugin io.containerd.snapshotter.v1.devmapper" error="devmapper not configured"
Aug 17 17:50:17 remote-control-plane containerd[236]: time="2021-08-17T17:50:17.231753200Z" level=info msg="loading plugin \"io.containerd.snapshotter.v1.native\"..." type=io.containerd.snapshotter.v1
Aug 17 17:50:17 remote-control-plane containerd[236]: time="2021-08-17T17:50:17.231790000Z" level=info msg="loading plugin \"io.containerd.snapshotter.v1.overlayfs\"..." type=io.containerd.snapshotter.v1
Aug 17 17:50:17 remote-control-plane containerd[236]: time="2021-08-17T17:50:17.231895400Z" level=info msg="loading plugin \"io.containerd.snapshotter.v1.zfs\"..." type=io.containerd.snapshotter.v1
Aug 17 17:50:17 remote-control-plane containerd[236]: time="2021-08-17T17:50:17.232244900Z" level=info msg="skip loading plugin \"io.containerd.snapshotter.v1.zfs\"..." error="path /var/lib/containerd/io.containerd.snapshotter.v1.zfs must be a zfs filesystem to be used with the zfs snapshotter: skip plugin" type=io.containerd.snapshotter.v1
Aug 17 17:50:17 remote-control-plane containerd[236]: time="2021-08-17T17:50:17.232293700Z" level=info msg="loading plugin \"io.containerd.metadata.v1.bolt\"..." type=io.containerd.metadata.v1
Aug 17 17:50:17 remote-control-plane containerd[236]: time="2021-08-17T17:50:17.232321400Z" level=warning msg="could not use snapshotter devmapper in metadata plugin" error="devmapper not configured"
Aug 17 17:50:17 remote-control-plane containerd[236]: time="2021-08-17T17:50:17.232341100Z" level=info msg="metadata content store policy set" policy=shared
Aug 17 17:50:17 remote-control-plane containerd[236]: time="2021-08-17T17:50:17.232417800Z" level=info msg="loading plugin \"io.containerd.differ.v1.walking\"..." type=io.containerd.differ.v1
Aug 17 17:50:17 remote-control-plane containerd[236]: time="2021-08-17T17:50:17.232441400Z" level=info msg="loading plugin \"io.containerd.gc.v1.scheduler\"..." type=io.containerd.gc.v1
Aug 17 17:50:17 remote-control-plane containerd[236]: time="2021-08-17T17:50:17.232504800Z" level=info msg="loading plugin \"io.containerd.service.v1.introspection-service\"..." type=io.containerd.service.v1
Aug 17 17:50:17 remote-control-plane containerd[236]: time="2021-08-17T17:50:17.232553500Z" level=info msg="loading plugin \"io.containerd.service.v1.containers-service\"..." type=io.containerd.service.v1
Aug 17 17:50:17 remote-control-plane containerd[236]: time="2021-08-17T17:50:17.232582300Z" level=info msg="loading plugin \"io.containerd.service.v1.content-service\"..." type=io.containerd.service.v1
Aug 17 17:50:17 remote-control-plane containerd[236]: time="2021-08-17T17:50:17.232606700Z" level=info msg="loading plugin \"io.containerd.service.v1.diff-service\"..." type=io.containerd.service.v1
Aug 17 17:50:17 remote-control-plane containerd[236]: time="2021-08-17T17:50:17.232626500Z" level=info msg="loading plugin \"io.containerd.service.v1.images-service\"..." type=io.containerd.service.v1
Aug 17 17:50:17 remote-control-plane containerd[236]: time="2021-08-17T17:50:17.232646800Z" level=info msg="loading plugin \"io.containerd.service.v1.leases-service\"..." type=io.containerd.service.v1
Aug 17 17:50:17 remote-control-plane containerd[236]: time="2021-08-17T17:50:17.232668900Z" level=info msg="loading plugin \"io.containerd.service.v1.namespaces-service\"..." type=io.containerd.service.v1
Aug 17 17:50:17 remote-control-plane containerd[236]: time="2021-08-17T17:50:17.232689400Z" level=info msg="loading plugin \"io.containerd.service.v1.snapshots-service\"..." type=io.containerd.service.v1
Aug 17 17:50:17 remote-control-plane containerd[236]: time="2021-08-17T17:50:17.232713900Z" level=info msg="loading plugin \"io.containerd.runtime.v1.linux\"..." type=io.containerd.runtime.v1
Aug 17 17:50:17 remote-control-plane containerd[236]: time="2021-08-17T17:50:17.232772800Z" level=info msg="loading plugin \"io.containerd.runtime.v2.task\"..." type=io.containerd.runtime.v2
Aug 17 17:50:17 remote-control-plane containerd[236]: time="2021-08-17T17:50:17.232835900Z" level=info msg="loading plugin \"io.containerd.monitor.v1.cgroups\"..." type=io.containerd.monitor.v1
Aug 17 17:50:17 remote-control-plane containerd[236]: time="2021-08-17T17:50:17.233219200Z" level=info msg="loading plugin \"io.containerd.service.v1.tasks-service\"..." type=io.containerd.service.v1
Aug 17 17:50:17 remote-control-plane containerd[236]: time="2021-08-17T17:50:17.233262300Z" level=info msg="loading plugin \"io.containerd.internal.v1.restart\"..." type=io.containerd.internal.v1
Aug 17 17:50:17 remote-control-plane containerd[236]: time="2021-08-17T17:50:17.233314100Z" level=info msg="loading plugin \"io.containerd.grpc.v1.containers\"..." type=io.containerd.grpc.v1
Aug 17 17:50:17 remote-control-plane containerd[236]: time="2021-08-17T17:50:17.233343300Z" level=info msg="loading plugin \"io.containerd.grpc.v1.content\"..." type=io.containerd.grpc.v1
Aug 17 17:50:17 remote-control-plane containerd[236]: time="2021-08-17T17:50:17.233365000Z" level=info msg="loading plugin \"io.containerd.grpc.v1.diff\"..." type=io.containerd.grpc.v1
Aug 17 17:50:17 remote-control-plane containerd[236]: time="2021-08-17T17:50:17.233384900Z" level=info msg="loading plugin \"io.containerd.grpc.v1.events\"..." type=io.containerd.grpc.v1
Aug 17 17:50:17 remote-control-plane containerd[236]: time="2021-08-17T17:50:17.233403300Z" level=info msg="loading plugin \"io.containerd.grpc.v1.healthcheck\"..." type=io.containerd.grpc.v1
Aug 17 17:50:17 remote-control-plane containerd[236]: time="2021-08-17T17:50:17.233426300Z" level=info msg="loading plugin \"io.containerd.grpc.v1.images\"..." type=io.containerd.grpc.v1
Aug 17 17:50:17 remote-control-plane containerd[236]: time="2021-08-17T17:50:17.233451800Z" level=info msg="loading plugin \"io.containerd.grpc.v1.leases\"..." type=io.containerd.grpc.v1
Aug 17 17:50:17 remote-control-plane containerd[236]: time="2021-08-17T17:50:17.233471200Z" level=info msg="loading plugin \"io.containerd.grpc.v1.namespaces\"..." type=io.containerd.grpc.v1
Aug 17 17:50:17 remote-control-plane containerd[236]: time="2021-08-17T17:50:17.233495300Z" level=info msg="loading plugin \"io.containerd.internal.v1.opt\"..." type=io.containerd.internal.v1
Aug 17 17:50:17 remote-control-plane containerd[236]: time="2021-08-17T17:50:17.233564400Z" level=info msg="loading plugin \"io.containerd.grpc.v1.snapshots\"..." type=io.containerd.grpc.v1
Aug 17 17:50:17 remote-control-plane containerd[236]: time="2021-08-17T17:50:17.233601700Z" level=info msg="loading plugin \"io.containerd.grpc.v1.tasks\"..." type=io.containerd.grpc.v1
Aug 17 17:50:17 remote-control-plane containerd[236]: time="2021-08-17T17:50:17.233627900Z" level=info msg="loading plugin \"io.containerd.grpc.v1.version\"..." type=io.containerd.grpc.v1
Aug 17 17:50:17 remote-control-plane containerd[236]: time="2021-08-17T17:50:17.233651700Z" level=info msg="loading plugin \"io.containerd.grpc.v1.cri\"..." type=io.containerd.grpc.v1
Aug 17 17:50:17 remote-control-plane containerd[236]: time="2021-08-17T17:50:17.233795900Z" level=warning msg="`mirrors` is deprecated, please use `config_path` instead"
Aug 17 17:50:17 remote-control-plane containerd[236]: time="2021-08-17T17:50:17.233876600Z" level=info msg="Start cri plugin with config {PluginConfig:{ContainerdConfig:{Snapshotter:overlayfs DefaultRuntimeName:runc DefaultRuntime:{Type: Engine: PodAnnotations:[] ContainerAnnotations:[] Root: Options:map[] PrivilegedWithoutHostDevices:false BaseRuntimeSpec:} UntrustedWorkloadRuntime:{Type: Engine: PodAnnotations:[] ContainerAnnotations:[] Root: Options:map[] PrivilegedWithoutHostDevices:false BaseRuntimeSpec:} Runtimes:map[runc:{Type:io.containerd.runc.v2 Engine: PodAnnotations:[] ContainerAnnotations:[] Root: Options:map[] PrivilegedWithoutHostDevices:false BaseRuntimeSpec:} test-handler:{Type:io.containerd.runc.v2 Engine: PodAnnotations:[] ContainerAnnotations:[] Root: Options:map[] PrivilegedWithoutHostDevices:false BaseRuntimeSpec:}] NoPivot:false DisableSnapshotAnnotations:true DiscardUnpackedLayers:true} CniConfig:{NetworkPluginBinDir:/opt/cni/bin NetworkPluginConfDir:/etc/cni/net.d NetworkPluginMaxConfNum:1 NetworkPluginConfTemplate:} Registry:{ConfigPath: Mirrors:map[localhost:5000:{Endpoints:[http://kind-registry:5000]}] Configs:map[] Auths:map[] Headers:map[]} ImageDecryption:{KeyModel:node} DisableTCPService:true StreamServerAddress:127.0.0.1 StreamServerPort:0 StreamIdleTimeout:4h0m0s EnableSelinux:false SelinuxCategoryRange:1024 SandboxImage:k8s.gcr.io/pause:3.4.1 StatsCollectPeriod:10 SystemdCgroup:false EnableTLSStreaming:false X509KeyPairStreaming:{TLSCertFile: TLSKeyFile:} MaxContainerLogLineSize:16384 DisableCgroup:false DisableApparmor:false RestrictOOMScoreAdj:false MaxConcurrentDownloads:3 DisableProcMount:false UnsetSeccompProfile: TolerateMissingHugetlbController:true DisableHugetlbController:true IgnoreImageDefinedVolumes:false NetNSMountsUnderStateDir:false} ContainerdRootDir:/var/lib/containerd ContainerdEndpoint:/run/containerd/containerd.sock RootDir:/var/lib/containerd/io.containerd.grpc.v1.cri StateDir:/run/containerd/io.containerd.grpc.v1.cri}"
Aug 17 17:50:17 remote-control-plane containerd[236]: time="2021-08-17T17:50:17.233935000Z" level=info msg="Connect containerd service"
Aug 17 17:50:17 remote-control-plane containerd[236]: time="2021-08-17T17:50:17.233989800Z" level=info msg="Get image filesystem path \"/var/lib/containerd/io.containerd.snapshotter.v1.overlayfs\""
Aug 17 17:50:17 remote-control-plane containerd[236]: time="2021-08-17T17:50:17.234349400Z" level=error msg="failed to load cni during init, please check CRI plugin status before setting up network for pods" error="cni config load failed: no network config found in /etc/cni/net.d: cni plugin not initialized: failed to load cni config"
Aug 17 17:50:17 remote-control-plane containerd[236]: time="2021-08-17T17:50:17.234400300Z" level=info msg="loading plugin \"io.containerd.grpc.v1.introspection\"..." type=io.containerd.grpc.v1
Aug 17 17:50:17 remote-control-plane containerd[236]: time="2021-08-17T17:50:17.234609800Z" level=info msg=serving... address=/run/containerd/containerd.sock.ttrpc
Aug 17 17:50:17 remote-control-plane containerd[236]: time="2021-08-17T17:50:17.234667600Z" level=info msg=serving... address=/run/containerd/containerd.sock
Aug 17 17:50:17 remote-control-plane containerd[236]: time="2021-08-17T17:50:17.234700200Z" level=info msg="containerd successfully booted in 0.036740s"
Aug 17 17:50:17 remote-control-plane containerd[236]: time="2021-08-17T17:50:17.236129100Z" level=info msg="Start subscribing containerd event"
Aug 17 17:50:17 remote-control-plane containerd[236]: time="2021-08-17T17:50:17.236922300Z" level=info msg="Start recovering state"
Aug 17 17:50:17 remote-control-plane containerd[236]: time="2021-08-17T17:50:17.244726100Z" level=warning msg="The image docker.io/kindest/kindnetd:v20210326-1e038dc5 is not unpacked."
Aug 17 17:50:17 remote-control-plane containerd[236]: time="2021-08-17T17:50:17.246537800Z" level=warning msg="The image docker.io/rancher/local-path-provisioner:v0.0.14 is not unpacked."
Aug 17 17:50:17 remote-control-plane containerd[236]: time="2021-08-17T17:50:17.247389600Z" level=warning msg="The image k8s.gcr.io/build-image/debian-base:v2.1.0 is not unpacked."
Aug 17 17:50:17 remote-control-plane containerd[236]: time="2021-08-17T17:50:17.248316700Z" level=warning msg="The image k8s.gcr.io/coredns/coredns:v1.8.0 is not unpacked."
Aug 17 17:50:17 remote-control-plane containerd[236]: time="2021-08-17T17:50:17.249431900Z" level=warning msg="The image k8s.gcr.io/etcd:3.4.13-0 is not unpacked."
Aug 17 17:50:17 remote-control-plane containerd[236]: time="2021-08-17T17:50:17.250460600Z" level=warning msg="The image k8s.gcr.io/kube-apiserver:v1.21.1 is not unpacked."
Aug 17 17:50:17 remote-control-plane containerd[236]: time="2021-08-17T17:50:17.251272000Z" level=warning msg="The image k8s.gcr.io/kube-controller-manager:v1.21.1 is not unpacked."
Aug 17 17:50:17 remote-control-plane containerd[236]: time="2021-08-17T17:50:17.251856500Z" level=warning msg="The image k8s.gcr.io/kube-proxy:v1.21.1 is not unpacked."
Aug 17 17:50:17 remote-control-plane containerd[236]: time="2021-08-17T17:50:17.254528300Z" level=warning msg="The image k8s.gcr.io/kube-scheduler:v1.21.1 is not unpacked."
Aug 17 17:50:17 remote-control-plane containerd[236]: time="2021-08-17T17:50:17.255581400Z" level=warning msg="The image k8s.gcr.io/pause:3.4.1 is not unpacked."
Aug 17 17:50:17 remote-control-plane containerd[236]: time="2021-08-17T17:50:17.256904900Z" level=warning msg="The image sha256:0369cf4303ffdb467dc219990960a9baa8512a54b0ad9283eaf55bd6c0adb934 is not unpacked."
Aug 17 17:50:17 remote-control-plane containerd[236]: time="2021-08-17T17:50:17.258520400Z" level=warning msg="The image sha256:0f8457a4c2ecaceac160805013dc3c61c63a1ff3dee74a473a36249a748e0253 is not unpacked."
Aug 17 17:50:17 remote-control-plane containerd[236]: time="2021-08-17T17:50:17.260743000Z" level=warning msg="The image sha256:296a6d5035e2d6919249e02709a488d680ddca91357602bd65e605eac967b899 is not unpacked."
Aug 17 17:50:17 remote-control-plane containerd[236]: time="2021-08-17T17:50:17.262104900Z" level=warning msg="The image sha256:3a0115c78c4b13fdfc3cab9b53a5e20c404f0e5afe8bf14a3cc1a920e107a360 is not unpacked."
Aug 17 17:50:17 remote-control-plane containerd[236]: time="2021-08-17T17:50:17.263331100Z" level=warning msg="The image sha256:5cc243819b4ff9e1544096205a5dbc5e7d7ec5e49dc77bf8743ed7636a933995 is not unpacked."
Aug 17 17:50:17 remote-control-plane containerd[236]: time="2021-08-17T17:50:17.264308800Z" level=warning msg="The image sha256:6de166512aa223315ff9cfd49bd4f13aab1591cd8fc57e31270f0e4aa34129cb is not unpacked."
Aug 17 17:50:17 remote-control-plane containerd[236]: time="2021-08-17T17:50:17.265188900Z" level=warning msg="The image sha256:a6aa58804445822d24e0ff31e8faaf47101311d6505b83bc2b93777d809eb375 is not unpacked."
Aug 17 17:50:17 remote-control-plane containerd[236]: time="2021-08-17T17:50:17.265762800Z" level=warning msg="The image sha256:c7c6c86897b63067b540640b3b47ba46e0587542fc6511eef3bd1f833e1319e1 is not unpacked."
Aug 17 17:50:17 remote-control-plane containerd[236]: time="2021-08-17T17:50:17.266508000Z" level=warning msg="The image sha256:dcd3c2885cca57315a79524ccdd75deffb3ac1377fcc48d619426d18a695492f is not unpacked."
Aug 17 17:50:17 remote-control-plane containerd[236]: time="2021-08-17T17:50:17.267048100Z" level=warning msg="The image sha256:e422121c9c5f97623245b7e600eeb5e223ee623f21fa04da985ae71057d8d70b is not unpacked."
Aug 17 17:50:17 remote-control-plane containerd[236]: time="2021-08-17T17:50:17.267624400Z" level=info msg="Start event monitor"
Aug 17 17:50:17 remote-control-plane containerd[236]: time="2021-08-17T17:50:17.267671200Z" level=info msg="Start snapshots syncer"
Aug 17 17:50:17 remote-control-plane containerd[236]: time="2021-08-17T17:50:17.267693300Z" level=info msg="Start cni network conf syncer"
Aug 17 17:50:17 remote-control-plane containerd[236]: time="2021-08-17T17:50:17.267711300Z" level=info msg="Start streaming server"
Aug 17 17:50:30 remote-control-plane containerd[236]: time="2021-08-17T17:50:30.870459400Z" level=info msg="RunPodsandbox for &PodSandboxMetadata{Name:etcd-remote-control-plane,Uid:464f70cc19489045f3a12d8fc40c8986,Namespace:kube-system,Attempt:0,}"
Aug 17 17:50:30 remote-control-plane containerd[236]: time="2021-08-17T17:50:30.870459400Z" level=info msg="RunPodsandbox for &PodSandboxMetadata{Name:kube-controller-manager-remote-control-plane,Uid:00413c9191df709893361d18bc0fcc16,Namespace:kube-system,Attempt:0,}"
Aug 17 17:50:30 remote-control-plane containerd[236]: time="2021-08-17T17:50:30.870459400Z" level=info msg="RunPodsandbox for &PodSandboxMetadata{Name:kube-scheduler-remote-control-plane,Uid:91fcc6c180befeefc8bb69fd100aff4d,Namespace:kube-system,Attempt:0,}"
Aug 17 17:50:30 remote-control-plane containerd[236]: time="2021-08-17T17:50:30.871946000Z" level=info msg="RunPodsandbox for &PodSandboxMetadata{Name:kube-apiserver-remote-control-plane,Uid:9b0a6fe1ae446c8289ca29f8bcbb3394,Namespace:kube-system,Attempt:0,}"
Aug 17 17:50:30 remote-control-plane containerd[236]: time="2021-08-17T17:50:30.918741300Z" level=info msg="starting signal loop" namespace=k8s.io path=/run/containerd/io.containerd.runtime.v2.task/k8s.io/20b1e661595234954af728eca606b7d99b2e6447d9218da42101b3ceaf70bd31 pid=388
Aug 17 17:50:30 remote-control-plane containerd[236]: time="2021-08-17T17:50:30.931728800Z" level=info msg="starting signal loop" namespace=k8s.io path=/run/containerd/io.containerd.runtime.v2.task/k8s.io/3dae93c4ef39f886322a050690ddeba8fd025144a1e1939c329b4ac15404010b pid=412
Aug 17 17:50:30 remote-control-plane containerd[236]: time="2021-08-17T17:50:30.936531800Z" level=info msg="starting signal loop" namespace=k8s.io path=/run/containerd/io.containerd.runtime.v2.task/k8s.io/4ee01eea878ab3e22cc1e2d637a8c110602d6e743925bd7a402610e9a9a15605 pid=434
Aug 17 17:50:30 remote-control-plane containerd[236]: time="2021-08-17T17:50:30.940529100Z" level=info msg="starting signal loop" namespace=k8s.io path=/run/containerd/io.containerd.runtime.v2.task/k8s.io/03ae635bd5cdad7802226f9fde0b0fac1ed2e11f2091963790d80cde12a176cc pid=440
Aug 17 17:50:31 remote-control-plane containerd[236]: time="2021-08-17T17:50:31.029584800Z" level=info msg="RunPodSandbox for &PodSandboxMetadata{Name:kube-apiserver-remote-control-plane,Uid:9b0a6fe1ae446c8289ca29f8bcbb3394,Namespace:kube-system,Attempt:0,} returns sandbox id \"20b1e661595234954af728eca606b7d99b2e6447d9218da42101b3ceaf70bd31\""
Aug 17 17:50:31 remote-control-plane containerd[236]: time="2021-08-17T17:50:31.031185800Z" level=info msg="RunPodSandbox for &PodSandboxMetadata{Name:kube-scheduler-remote-control-plane,Uid:91fcc6c180befeefc8bb69fd100aff4d,Namespace:kube-system,Attempt:0,} returns sandbox id \"3dae93c4ef39f886322a050690ddeba8fd025144a1e1939c329b4ac15404010b\""
Aug 17 17:50:31 remote-control-plane containerd[236]: time="2021-08-17T17:50:31.034404900Z" level=info msg="CreateContainer within sandbox \"20b1e661595234954af728eca606b7d99b2e6447d9218da42101b3ceaf70bd31\" for container &ContainerMetadata{Name:kube-apiserver,Attempt:0,}"
Aug 17 17:50:31 remote-control-plane containerd[236]: time="2021-08-17T17:50:31.034815400Z" level=info msg="CreateContainer within sandbox \"3dae93c4ef39f886322a050690ddeba8fd025144a1e1939c329b4ac15404010b\" for container &ContainerMetadata{Name:kube-scheduler,Attempt:0,}"
Aug 17 17:50:31 remote-control-plane containerd[236]: time="2021-08-17T17:50:31.036181000Z" level=info msg="RunPodSandbox for &PodSandboxMetadata{Name:etcd-remote-control-plane,Uid:464f70cc19489045f3a12d8fc40c8986,Namespace:kube-system,Attempt:0,} returns sandbox id \"4ee01eea878ab3e22cc1e2d637a8c110602d6e743925bd7a402610e9a9a15605\""
Aug 17 17:50:31 remote-control-plane containerd[236]: time="2021-08-17T17:50:31.041648100Z" level=info msg="CreateContainer within sandbox \"4ee01eea878ab3e22cc1e2d637a8c110602d6e743925bd7a402610e9a9a15605\" for container &ContainerMetadata{Name:etcd,Attempt:0,}"
Aug 17 17:50:31 remote-control-plane containerd[236]: time="2021-08-17T17:50:31.044941300Z" level=info msg="RunPodSandbox for &PodSandboxMetadata{Name:kube-controller-manager-remote-control-plane,Uid:00413c9191df709893361d18bc0fcc16,Namespace:kube-system,Attempt:0,} returns sandbox id \"03ae635bd5cdad7802226f9fde0b0fac1ed2e11f2091963790d80cde12a176cc\""
Aug 17 17:50:31 remote-control-plane containerd[236]: time="2021-08-17T17:50:31.047603200Z" level=info msg="CreateContainer within sandbox \"03ae635bd5cdad7802226f9fde0b0fac1ed2e11f2091963790d80cde12a176cc\" for container &ContainerMetadata{Name:kube-controller-manager,Attempt:0,}"
Aug 17 17:50:31 remote-control-plane containerd[236]: time="2021-08-17T17:50:31.831589600Z" level=info msg="CreateContainer within sandbox \"3dae93c4ef39f886322a050690ddeba8fd025144a1e1939c329b4ac15404010b\" for &ContainerMetadata{Name:kube-scheduler,Attempt:0,} returns container id \"fba9b232a19748dd18ea44a3f94fbc173d8eece70f9b2538a495f22e5567ece1\""
Aug 17 17:50:31 remote-control-plane containerd[236]: time="2021-08-17T17:50:31.832761600Z" level=info msg="StartContainer for \"fba9b232a19748dd18ea44a3f94fbc173d8eece70f9b2538a495f22e5567ece1\""
Aug 17 17:50:31 remote-control-plane containerd[236]: time="2021-08-17T17:50:31.905140900Z" level=info msg="CreateContainer within sandbox \"20b1e661595234954af728eca606b7d99b2e6447d9218da42101b3ceaf70bd31\" for &ContainerMetadata{Name:kube-apiserver,Attempt:0,} returns container id \"c2063fa4f8d2c30b058d859a3d7cbb2605c434e6f4421a33ee58518a0d0eaaf7\""
Aug 17 17:50:31 remote-control-plane containerd[236]: time="2021-08-17T17:50:31.906393700Z" level=info msg="StartContainer for \"c2063fa4f8d2c30b058d859a3d7cbb2605c434e6f4421a33ee58518a0d0eaaf7\""
Aug 17 17:50:31 remote-control-plane containerd[236]: time="2021-08-17T17:50:31.976512100Z" level=info msg="StartContainer for \"fba9b232a19748dd18ea44a3f94fbc173d8eece70f9b2538a495f22e5567ece1\" returns successfully"
Aug 17 17:50:32 remote-control-plane containerd[236]: time="2021-08-17T17:50:32.055671800Z" level=info msg="CreateContainer within sandbox \"03ae635bd5cdad7802226f9fde0b0fac1ed2e11f2091963790d80cde12a176cc\" for &ContainerMetadata{Name:kube-controller-manager,Attempt:0,} returns container id \"9af7bacbde2f8439fd6f81560c63920753e1666daa23fa317eb43ab9d78eb290\""
Aug 17 17:50:32 remote-control-plane containerd[236]: time="2021-08-17T17:50:32.056283100Z" level=info msg="StartContainer for \"9af7bacbde2f8439fd6f81560c63920753e1666daa23fa317eb43ab9d78eb290\""
Aug 17 17:50:32 remote-control-plane containerd[236]: time="2021-08-17T17:50:32.083301700Z" level=info msg="StartContainer for \"c2063fa4f8d2c30b058d859a3d7cbb2605c434e6f4421a33ee58518a0d0eaaf7\" returns successfully"
Aug 17 17:50:32 remote-control-plane containerd[236]: time="2021-08-17T17:50:32.207262500Z" level=info msg="StartContainer for \"9af7bacbde2f8439fd6f81560c63920753e1666daa23fa317eb43ab9d78eb290\" returns successfully"
Aug 17 17:50:36 remote-control-plane containerd[236]: time="2021-08-17T17:50:36.077768300Z" level=info msg="CreateContainer within sandbox \"4ee01eea878ab3e22cc1e2d637a8c110602d6e743925bd7a402610e9a9a15605\" for &ContainerMetadata{Name:etcd,Attempt:0,} returns container id \"7692d70d122e5b59fee13e8c1218af2683f556254f3c9cb829927a108ad67176\""
Aug 17 17:50:36 remote-control-plane containerd[236]: time="2021-08-17T17:50:36.078522000Z" level=info msg="StartContainer for \"7692d70d122e5b59fee13e8c1218af2683f556254f3c9cb829927a108ad67176\""
Aug 17 17:50:36 remote-control-plane containerd[236]: time="2021-08-17T17:50:36.163933400Z" level=info msg="StartContainer for \"7692d70d122e5b59fee13e8c1218af2683f556254f3c9cb829927a108ad67176\" returns successfully"
Aug 17 17:51:00 remote-control-plane containerd[236]: time="2021-08-17T17:51:00.168207600Z" level=info msg="No cni config template is specified, wait for other system components to drop the config."
Aug 17 17:51:01 remote-control-plane containerd[236]: time="2021-08-17T17:51:01.549333400Z" level=info msg="RunPodsandbox for &PodSandboxMetadata{Name:kindnet-l4dm5,Uid:c33b3ca2-7d37-4ecf-a2bc-5aaebc13d79d,Namespace:kube-system,Attempt:0,}"
Aug 17 17:51:01 remote-control-plane containerd[236]: time="2021-08-17T17:51:01.551280600Z" level=info msg="RunPodsandbox for &PodSandboxMetadata{Name:kube-proxy-hbpmz,Uid:703f6444-43cd-49ac-9d50-e6badc1279b9,Namespace:kube-system,Attempt:0,}"
Aug 17 17:51:01 remote-control-plane containerd[236]: time="2021-08-17T17:51:01.598203400Z" level=info msg="starting signal loop" namespace=k8s.io path=/run/containerd/io.containerd.runtime.v2.task/k8s.io/882ca86a4e6c671f8dc62b1034fe7f367d62647e9e4c8b1452b31f2fcd67a420 pid=1685
Aug 17 17:51:01 remote-control-plane containerd[236]: time="2021-08-17T17:51:01.602791100Z" level=info msg="starting signal loop" namespace=k8s.io path=/run/containerd/io.containerd.runtime.v2.task/k8s.io/b3ed40f5da9d40b38eaf33268dd5dbe70ffc876ca02577b9317024a5210d38aa pid=1672
Aug 17 17:51:01 remote-control-plane containerd[236]: time="2021-08-17T17:51:01.722393100Z" level=info msg="RunPodSandbox for &PodSandboxMetadata{Name:kube-proxy-hbpmz,Uid:703f6444-43cd-49ac-9d50-e6badc1279b9,Namespace:kube-system,Attempt:0,} returns sandbox id \"882ca86a4e6c671f8dc62b1034fe7f367d62647e9e4c8b1452b31f2fcd67a420\""
Aug 17 17:51:01 remote-control-plane containerd[236]: time="2021-08-17T17:51:01.730177900Z" level=info msg="CreateContainer within sandbox \"882ca86a4e6c671f8dc62b1034fe7f367d62647e9e4c8b1452b31f2fcd67a420\" for container &ContainerMetadata{Name:kube-proxy,Attempt:0,}"
Aug 17 17:51:01 remote-control-plane containerd[236]: time="2021-08-17T17:51:01.959354000Z" level=info msg="RunPodSandbox for &PodSandboxMetadata{Name:kindnet-l4dm5,Uid:c33b3ca2-7d37-4ecf-a2bc-5aaebc13d79d,Namespace:kube-system,Attempt:0,} returns sandbox id \"b3ed40f5da9d40b38eaf33268dd5dbe70ffc876ca02577b9317024a5210d38aa\""
Aug 17 17:51:01 remote-control-plane containerd[236]: time="2021-08-17T17:51:01.963803400Z" level=info msg="CreateContainer within sandbox \"b3ed40f5da9d40b38eaf33268dd5dbe70ffc876ca02577b9317024a5210d38aa\" for container &ContainerMetadata{Name:kindnet-cni,Attempt:0,}"
Aug 17 17:51:03 remote-control-plane containerd[236]: time="2021-08-17T17:51:03.641766000Z" level=info msg="CreateContainer within sandbox \"882ca86a4e6c671f8dc62b1034fe7f367d62647e9e4c8b1452b31f2fcd67a420\" for &ContainerMetadata{Name:kube-proxy,Attempt:0,} returns container id \"08bb8cb066d69f0e9f2523c69a70725e9231431f9e1752fc2c9c75112c0eb3a1\""
Aug 17 17:51:03 remote-control-plane containerd[236]: time="2021-08-17T17:51:03.643980600Z" level=info msg="StartContainer for \"08bb8cb066d69f0e9f2523c69a70725e9231431f9e1752fc2c9c75112c0eb3a1\""
Aug 17 17:51:03 remote-control-plane containerd[236]: time="2021-08-17T17:51:03.771900400Z" level=info msg="StartContainer for \"08bb8cb066d69f0e9f2523c69a70725e9231431f9e1752fc2c9c75112c0eb3a1\" returns successfully"
Aug 17 17:51:05 remote-control-plane containerd[236]: time="2021-08-17T17:51:05.357718500Z" level=info msg="CreateContainer within sandbox \"b3ed40f5da9d40b38eaf33268dd5dbe70ffc876ca02577b9317024a5210d38aa\" for &ContainerMetadata{Name:kindnet-cni,Attempt:0,} returns container id \"60ef5ab05c6a3a044795f61b1e701dd8cf07263cc4a828fad4e4098e8e8cf498\""
Aug 17 17:51:05 remote-control-plane containerd[236]: time="2021-08-17T17:51:05.358965000Z" level=info msg="StartContainer for \"60ef5ab05c6a3a044795f61b1e701dd8cf07263cc4a828fad4e4098e8e8cf498\""
Aug 17 17:51:05 remote-control-plane containerd[236]: time="2021-08-17T17:51:05.470934300Z" level=info msg="StartContainer for \"60ef5ab05c6a3a044795f61b1e701dd8cf07263cc4a828fad4e4098e8e8cf498\" returns successfully"
Aug 17 17:51:06 remote-control-plane containerd[236]: time="2021-08-17T17:51:06.127379800Z" level=error msg="failed to reload cni configuration after receiving fs change event(\"/etc/cni/net.d/10-kindnet.conflist.temp\": WRITE)" error="cni config load failed: no network config found in /etc/cni/net.d: cni plugin not initialized: failed to load cni config"
Aug 17 17:51:06 remote-control-plane containerd[236]: time="2021-08-17T17:51:06.127881300Z" level=error msg="failed to reload cni configuration after receiving fs change event(\"/etc/cni/net.d/10-kindnet.conflist.temp\": WRITE)" error="cni config load failed: no network config found in /etc/cni/net.d: cni plugin not initialized: failed to load cni config"
Aug 17 17:51:06 remote-control-plane containerd[236]: time="2021-08-17T17:51:06.127951100Z" level=error msg="failed to reload cni configuration after receiving fs change event(\"/etc/cni/net.d/10-kindnet.conflist.temp\": WRITE)" error="cni config load failed: no network config found in /etc/cni/net.d: cni plugin not initialized: failed to load cni config"
Aug 17 17:51:16 remote-control-plane containerd[236]: time="2021-08-17T17:51:16.667826800Z" level=info msg="RunPodsandbox for &PodSandboxMetadata{Name:metrics-server-99b5b5fc6-9qhnd,Uid:e03a8bf0-e5b7-438d-9b99-38344a80e6e4,Namespace:kube-system,Attempt:0,}"
Aug 17 17:51:16 remote-control-plane containerd[236]: time="2021-08-17T17:51:16.763293900Z" level=info msg="starting signal loop" namespace=k8s.io path=/run/containerd/io.containerd.runtime.v2.task/k8s.io/293d38972bae3d115d8c1e6ed251bc6ea36544ad2df3ff7c89e5c13de72d5df1 pid=2708
Aug 17 17:51:16 remote-control-plane containerd[236]: time="2021-08-17T17:51:16.984968400Z" level=info msg="RunPodSandbox for &PodSandboxMetadata{Name:metrics-server-99b5b5fc6-9qhnd,Uid:e03a8bf0-e5b7-438d-9b99-38344a80e6e4,Namespace:kube-system,Attempt:0,} returns sandbox id \"293d38972bae3d115d8c1e6ed251bc6ea36544ad2df3ff7c89e5c13de72d5df1\""
Aug 17 17:51:16 remote-control-plane containerd[236]: time="2021-08-17T17:51:16.989663900Z" level=info msg="PullImage \"k8s.gcr.io/metrics-server/metrics-server:v0.4.4\""
Aug 17 17:51:19 remote-control-plane containerd[236]: time="2021-08-17T17:51:19.467547900Z" level=info msg="RunPodsandbox for &PodSandboxMetadata{Name:local-path-provisioner-547f784dff-prcrg,Uid:92bb4020-a040-4d36-8ce5-6f7f46670553,Namespace:local-path-storage,Attempt:0,}"
Aug 17 17:51:19 remote-control-plane containerd[236]: time="2021-08-17T17:51:19.471433400Z" level=info msg="RunPodsandbox for &PodSandboxMetadata{Name:coredns-558bd4d5db-wd7r7,Uid:ad08e964-a048-4b17-945e-768e47c8fb66,Namespace:kube-system,Attempt:0,}"
Aug 17 17:51:19 remote-control-plane containerd[236]: time="2021-08-17T17:51:19.731132600Z" level=info msg="starting signal loop" namespace=k8s.io path=/run/containerd/io.containerd.runtime.v2.task/k8s.io/cac96201dd8d5eeb3706654b6d065f90a7281944a3641b22f842c92b6cfa2ebe pid=2850
Aug 17 17:51:19 remote-control-plane containerd[236]: time="2021-08-17T17:51:19.758830900Z" level=info msg="starting signal loop" namespace=k8s.io path=/run/containerd/io.containerd.runtime.v2.task/k8s.io/c501657aebb45cb4418afd57c9b7afbb682873a5410398de50ea1bea12485f93 pid=2855
Aug 17 17:51:19 remote-control-plane containerd[236]: time="2021-08-17T17:51:19.773416900Z" level=info msg="RunPodsandbox for &PodSandboxMetadata{Name:coredns-558bd4d5db-hxcwx,Uid:1ab532dc-5d99-4dfc-87e3-92f9376b64fb,Namespace:kube-system,Attempt:0,}"
Aug 17 17:51:19 remote-control-plane containerd[236]: time="2021-08-17T17:51:19.920056600Z" level=info msg="starting signal loop" namespace=k8s.io path=/run/containerd/io.containerd.runtime.v2.task/k8s.io/9e55aadf7107045cba6cb33cb62d0a12719023f2e10a48aa8b73094e2d804253 pid=2951
Aug 17 17:51:19 remote-control-plane containerd[236]: time="2021-08-17T17:51:19.976301900Z" level=info msg="RunPodSandbox for &PodSandboxMetadata{Name:coredns-558bd4d5db-wd7r7,Uid:ad08e964-a048-4b17-945e-768e47c8fb66,Namespace:kube-system,Attempt:0,} returns sandbox id \"cac96201dd8d5eeb3706654b6d065f90a7281944a3641b22f842c92b6cfa2ebe\""
Aug 17 17:51:19 remote-control-plane containerd[236]: time="2021-08-17T17:51:19.989713200Z" level=info msg="CreateContainer within sandbox \"cac96201dd8d5eeb3706654b6d065f90a7281944a3641b22f842c92b6cfa2ebe\" for container &ContainerMetadata{Name:coredns,Attempt:0,}"
Aug 17 17:51:20 remote-control-plane containerd[236]: time="2021-08-17T17:51:20.138839700Z" level=info msg="RunPodSandbox for &PodSandboxMetadata{Name:local-path-provisioner-547f784dff-prcrg,Uid:92bb4020-a040-4d36-8ce5-6f7f46670553,Namespace:local-path-storage,Attempt:0,} returns sandbox id \"c501657aebb45cb4418afd57c9b7afbb682873a5410398de50ea1bea12485f93\""
Aug 17 17:51:20 remote-control-plane containerd[236]: time="2021-08-17T17:51:20.146281200Z" level=info msg="CreateContainer within sandbox \"c501657aebb45cb4418afd57c9b7afbb682873a5410398de50ea1bea12485f93\" for container &ContainerMetadata{Name:local-path-provisioner,Attempt:0,}"
Aug 17 17:51:20 remote-control-plane containerd[236]: time="2021-08-17T17:51:20.158881000Z" level=info msg="RunPodSandbox for &PodSandboxMetadata{Name:coredns-558bd4d5db-hxcwx,Uid:1ab532dc-5d99-4dfc-87e3-92f9376b64fb,Namespace:kube-system,Attempt:0,} returns sandbox id \"9e55aadf7107045cba6cb33cb62d0a12719023f2e10a48aa8b73094e2d804253\""
Aug 17 17:51:20 remote-control-plane containerd[236]: time="2021-08-17T17:51:20.167931300Z" level=info msg="CreateContainer within sandbox \"9e55aadf7107045cba6cb33cb62d0a12719023f2e10a48aa8b73094e2d804253\" for container &ContainerMetadata{Name:coredns,Attempt:0,}"
Aug 17 17:51:21 remote-control-plane containerd[236]: time="2021-08-17T17:51:21.082186800Z" level=info msg="RunPodsandbox for &PodSandboxMetadata{Name:speaker-dc9fp,Uid:a04cc055-082f-4188-875a-a1c259f7b496,Namespace:metallb-system,Attempt:0,}"
Aug 17 17:51:21 remote-control-plane containerd[236]: time="2021-08-17T17:51:21.186292100Z" level=info msg="starting signal loop" namespace=k8s.io path=/run/containerd/io.containerd.runtime.v2.task/k8s.io/1b4584eccdd7571c3d03f9a229c52beaa53611a023b7a328d9e856506b5d18f0 pid=3025
Aug 17 17:51:21 remote-control-plane containerd[236]: time="2021-08-17T17:51:21.300544200Z" level=info msg="ImageCreate event &ImageCreate{Name:k8s.gcr.io/metrics-server/metrics-server:v0.4.4,Labels:map[string]string{io.cri-containerd.image: managed,},XXX_unrecognized:[],}"
Aug 17 17:51:21 remote-control-plane containerd[236]: time="2021-08-17T17:51:21.302091500Z" level=info msg="ImageCreate event &ImageCreate{Name:sha256:181172b235b225c5644edae46296bd7c2305c05113e89a9b4274a952546743f4,Labels:map[string]string{io.cri-containerd.image: managed,},XXX_unrecognized:[],}"
Aug 17 17:51:21 remote-control-plane containerd[236]: time="2021-08-17T17:51:21.313681300Z" level=info msg="ImageUpdate event &ImageUpdate{Name:k8s.gcr.io/metrics-server/metrics-server:v0.4.4,Labels:map[string]string{io.cri-containerd.image: managed,},XXX_unrecognized:[],}"
Aug 17 17:51:21 remote-control-plane containerd[236]: time="2021-08-17T17:51:21.326212700Z" level=info msg="ImageCreate event &ImageCreate{Name:k8s.gcr.io/metrics-server/metrics-server@sha256:f8643f007c8a604388eadbdac43d76b95b56ccd13f7447dd0934b594b9f7b363,Labels:map[string]string{io.cri-containerd.image: managed,},XXX_unrecognized:[],}"
Aug 17 17:51:21 remote-control-plane containerd[236]: time="2021-08-17T17:51:21.326658700Z" level=info msg="PullImage \"k8s.gcr.io/metrics-server/metrics-server:v0.4.4\" returns image reference \"sha256:181172b235b225c5644edae46296bd7c2305c05113e89a9b4274a952546743f4\""
Aug 17 17:51:21 remote-control-plane containerd[236]: time="2021-08-17T17:51:21.333864200Z" level=info msg="CreateContainer within sandbox \"293d38972bae3d115d8c1e6ed251bc6ea36544ad2df3ff7c89e5c13de72d5df1\" for container &ContainerMetadata{Name:metrics-server,Attempt:0,}"
Aug 17 17:51:21 remote-control-plane containerd[236]: time="2021-08-17T17:51:21.444637300Z" level=info msg="RunPodsandbox for &PodSandboxMetadata{Name:controller-fb659dc8-drf8f,Uid:bf7210da-ca95-45ca-9848-5faf2ed0d5dd,Namespace:metallb-system,Attempt:0,}"
Aug 17 17:51:21 remote-control-plane containerd[236]: time="2021-08-17T17:51:21.528186600Z" level=info msg="CreateContainer within sandbox \"293d38972bae3d115d8c1e6ed251bc6ea36544ad2df3ff7c89e5c13de72d5df1\" for &ContainerMetadata{Name:metrics-server,Attempt:0,} returns container id \"86b9a702f292f5024f2fc2007db7148d1666ec69b6bfca6e6124b43304b2c10e\""
Aug 17 17:51:21 remote-control-plane containerd[236]: time="2021-08-17T17:51:21.529818700Z" level=info msg="StartContainer for \"86b9a702f292f5024f2fc2007db7148d1666ec69b6bfca6e6124b43304b2c10e\""
Aug 17 17:51:21 remote-control-plane containerd[236]: time="2021-08-17T17:51:21.648181700Z" level=info msg="starting signal loop" namespace=k8s.io path=/run/containerd/io.containerd.runtime.v2.task/k8s.io/b486a481384ff729c020c7cebaf5e346dfb106798e6dad7462f2799fe0e374fb pid=3115
Aug 17 17:51:21 remote-control-plane containerd[236]: time="2021-08-17T17:51:21.796274000Z" level=info msg="StartContainer for \"86b9a702f292f5024f2fc2007db7148d1666ec69b6bfca6e6124b43304b2c10e\" returns successfully"
Aug 17 17:51:21 remote-control-plane containerd[236]: time="2021-08-17T17:51:21.918141700Z" level=info msg="RunPodSandbox for &PodSandboxMetadata{Name:speaker-dc9fp,Uid:a04cc055-082f-4188-875a-a1c259f7b496,Namespace:metallb-system,Attempt:0,} returns sandbox id \"1b4584eccdd7571c3d03f9a229c52beaa53611a023b7a328d9e856506b5d18f0\""
Aug 17 17:51:21 remote-control-plane containerd[236]: time="2021-08-17T17:51:21.927383700Z" level=info msg="PullImage \"metallb/speaker:v0.9.3\""
Aug 17 17:51:22 remote-control-plane containerd[236]: time="2021-08-17T17:51:22.313462100Z" level=info msg="RunPodSandbox for &PodSandboxMetadata{Name:controller-fb659dc8-drf8f,Uid:bf7210da-ca95-45ca-9848-5faf2ed0d5dd,Namespace:metallb-system,Attempt:0,} returns sandbox id \"b486a481384ff729c020c7cebaf5e346dfb106798e6dad7462f2799fe0e374fb\""
Aug 17 17:51:22 remote-control-plane containerd[236]: time="2021-08-17T17:51:22.565394300Z" level=info msg="CreateContainer within sandbox \"cac96201dd8d5eeb3706654b6d065f90a7281944a3641b22f842c92b6cfa2ebe\" for &ContainerMetadata{Name:coredns,Attempt:0,} returns container id \"f5721a803af95f8799804d973f58fe1acba61259fcdee9525e5506a1ca8c4bea\""
Aug 17 17:51:22 remote-control-plane containerd[236]: time="2021-08-17T17:51:22.566227200Z" level=info msg="StartContainer for \"f5721a803af95f8799804d973f58fe1acba61259fcdee9525e5506a1ca8c4bea\""
Aug 17 17:51:22 remote-control-plane containerd[236]: time="2021-08-17T17:51:22.742738200Z" level=info msg="StartContainer for \"f5721a803af95f8799804d973f58fe1acba61259fcdee9525e5506a1ca8c4bea\" returns successfully"
Aug 17 17:51:22 remote-control-plane containerd[236]: time="2021-08-17T17:51:22.827915400Z" level=info msg="CreateContainer within sandbox \"9e55aadf7107045cba6cb33cb62d0a12719023f2e10a48aa8b73094e2d804253\" for &ContainerMetadata{Name:coredns,Attempt:0,} returns container id \"9555b4d750db7a03d2def85813d4fa5e5d6c109119e3045998045d2b5577c0b9\""
Aug 17 17:51:22 remote-control-plane containerd[236]: time="2021-08-17T17:51:22.829644100Z" level=info msg="StartContainer for \"9555b4d750db7a03d2def85813d4fa5e5d6c109119e3045998045d2b5577c0b9\""
Aug 17 17:51:22 remote-control-plane containerd[236]: time="2021-08-17T17:51:22.955470200Z" level=info msg="CreateContainer within sandbox \"c501657aebb45cb4418afd57c9b7afbb682873a5410398de50ea1bea12485f93\" for &ContainerMetadata{Name:local-path-provisioner,Attempt:0,} returns container id \"f1a57dfa5c377fb77ce3f639c6fd40929c15e6f5d48c8e902171531fcbffea11\""
Aug 17 17:51:22 remote-control-plane containerd[236]: time="2021-08-17T17:51:22.959141100Z" level=info msg="StartContainer for \"f1a57dfa5c377fb77ce3f639c6fd40929c15e6f5d48c8e902171531fcbffea11\""
Aug 17 17:51:23 remote-control-plane containerd[236]: time="2021-08-17T17:51:23.005090900Z" level=info msg="StartContainer for \"9555b4d750db7a03d2def85813d4fa5e5d6c109119e3045998045d2b5577c0b9\" returns successfully"
Aug 17 17:51:23 remote-control-plane containerd[236]: time="2021-08-17T17:51:23.237833300Z" level=info msg="StartContainer for \"f1a57dfa5c377fb77ce3f639c6fd40929c15e6f5d48c8e902171531fcbffea11\" returns successfully"
Aug 17 17:51:25 remote-control-plane containerd[236]: time="2021-08-17T17:51:25.715765500Z" level=info msg="ImageCreate event &ImageCreate{Name:docker.io/metallb/speaker:v0.9.3,Labels:map[string]string{io.cri-containerd.image: managed,},XXX_unrecognized:[],}"
Aug 17 17:51:25 remote-control-plane containerd[236]: time="2021-08-17T17:51:25.724186000Z" level=info msg="ImageCreate event &ImageCreate{Name:sha256:f241be9dae66654ca9c3fc0ade0ac4c042cf360518a77520d196035057644eee,Labels:map[string]string{io.cri-containerd.image: managed,},XXX_unrecognized:[],}"
Aug 17 17:51:25 remote-control-plane containerd[236]: time="2021-08-17T17:51:25.731011000Z" level=info msg="ImageUpdate event &ImageUpdate{Name:docker.io/metallb/speaker:v0.9.3,Labels:map[string]string{io.cri-containerd.image: managed,},XXX_unrecognized:[],}"
Aug 17 17:51:25 remote-control-plane containerd[236]: time="2021-08-17T17:51:25.741221900Z" level=info msg="PullImage \"metallb/speaker:v0.9.3\" returns image reference \"sha256:f241be9dae66654ca9c3fc0ade0ac4c042cf360518a77520d196035057644eee\""
Aug 17 17:51:25 remote-control-plane containerd[236]: time="2021-08-17T17:51:25.733710700Z" level=info msg="ImageCreate event &ImageCreate{Name:docker.io/metallb/speaker@sha256:2b74eca0f25e946e9a1dc4b94b9da067b1fec4244364d266283dfbbab546a629,Labels:map[string]string{io.cri-containerd.image: managed,},XXX_unrecognized:[],}"
Aug 17 17:51:25 remote-control-plane containerd[236]: time="2021-08-17T17:51:25.743690400Z" level=info msg="PullImage \"metallb/controller:v0.9.3\""
Aug 17 17:51:25 remote-control-plane containerd[236]: time="2021-08-17T17:51:25.746191600Z" level=info msg="CreateContainer within sandbox \"1b4584eccdd7571c3d03f9a229c52beaa53611a023b7a328d9e856506b5d18f0\" for container &ContainerMetadata{Name:speaker,Attempt:0,}"
Aug 17 17:51:25 remote-control-plane containerd[236]: time="2021-08-17T17:51:25.964008500Z" level=info msg="CreateContainer within sandbox \"1b4584eccdd7571c3d03f9a229c52beaa53611a023b7a328d9e856506b5d18f0\" for &ContainerMetadata{Name:speaker,Attempt:0,} returns container id \"02614a342092ffb244b68fbf523a0e5741a407f1090ecd61c6fda0cd49ca7fde\""
Aug 17 17:51:25 remote-control-plane containerd[236]: time="2021-08-17T17:51:25.969060200Z" level=info msg="StartContainer for \"02614a342092ffb244b68fbf523a0e5741a407f1090ecd61c6fda0cd49ca7fde\""
Aug 17 17:51:26 remote-control-plane containerd[236]: time="2021-08-17T17:51:26.271293600Z" level=info msg="StartContainer for \"02614a342092ffb244b68fbf523a0e5741a407f1090ecd61c6fda0cd49ca7fde\" returns successfully"
Aug 17 17:51:28 remote-control-plane containerd[236]: time="2021-08-17T17:51:28.814327200Z" level=info msg="ImageCreate event &ImageCreate{Name:docker.io/metallb/controller:v0.9.3,Labels:map[string]string{io.cri-containerd.image: managed,},XXX_unrecognized:[],}"
Aug 17 17:51:28 remote-control-plane containerd[236]: time="2021-08-17T17:51:28.819711700Z" level=info msg="ImageCreate event &ImageCreate{Name:sha256:4715cbeb692895ce6e233bcdb713632775e943eed606a0169f3d46ebf79d2af8,Labels:map[string]string{io.cri-containerd.image: managed,},XXX_unrecognized:[],}"
Aug 17 17:51:28 remote-control-plane containerd[236]: time="2021-08-17T17:51:28.823829300Z" level=info msg="ImageUpdate event &ImageUpdate{Name:docker.io/metallb/controller:v0.9.3,Labels:map[string]string{io.cri-containerd.image: managed,},XXX_unrecognized:[],}"
Aug 17 17:51:28 remote-control-plane containerd[236]: time="2021-08-17T17:51:28.827236600Z" level=info msg="ImageCreate event &ImageCreate{Name:docker.io/metallb/controller@sha256:c0c6f8655f9c855bc6e10c9a9975413d253b91063e91732021f07eca140797eb,Labels:map[string]string{io.cri-containerd.image: managed,},XXX_unrecognized:[],}"
Aug 17 17:51:28 remote-control-plane containerd[236]: time="2021-08-17T17:51:28.829966000Z" level=info msg="PullImage \"metallb/controller:v0.9.3\" returns image reference \"sha256:4715cbeb692895ce6e233bcdb713632775e943eed606a0169f3d46ebf79d2af8\""
Aug 17 17:51:28 remote-control-plane containerd[236]: time="2021-08-17T17:51:28.834768900Z" level=info msg="CreateContainer within sandbox \"b486a481384ff729c020c7cebaf5e346dfb106798e6dad7462f2799fe0e374fb\" for container &ContainerMetadata{Name:controller,Attempt:0,}"
Aug 17 17:51:28 remote-control-plane containerd[236]: time="2021-08-17T17:51:28.942376600Z" level=info msg="CreateContainer within sandbox \"b486a481384ff729c020c7cebaf5e346dfb106798e6dad7462f2799fe0e374fb\" for &ContainerMetadata{Name:controller,Attempt:0,} returns container id \"8f20da9cc2daaf43a0d8e51e5b3bf2338e92cc37ac8feb328056d462acc67a66\""
Aug 17 17:51:28 remote-control-plane containerd[236]: time="2021-08-17T17:51:28.943588700Z" level=info msg="StartContainer for \"8f20da9cc2daaf43a0d8e51e5b3bf2338e92cc37ac8feb328056d462acc67a66\""
Aug 17 17:51:29 remote-control-plane containerd[236]: time="2021-08-17T17:51:29.254118100Z" level=info msg="StartContainer for \"8f20da9cc2daaf43a0d8e51e5b3bf2338e92cc37ac8feb328056d462acc67a66\" returns successfully"
