2021-08-17T17:50:34.422793Z stderr F I0817 17:50:34.422585       1 serving.go:347] Generated self-signed cert in-memory
2021-08-17T17:50:40.7403746Z stderr F W0817 17:50:40.736509       1 requestheader_controller.go:193] Unable to get configmap/extension-apiserver-authentication in kube-system.  Usually fixed by 'kubectl create rolebinding -n kube-system ROLEBINDING_NAME --role=extension-apiserver-authentication-reader --serviceaccount=YOUR_NS:YOUR_SA'
2021-08-17T17:50:40.7404088Z stderr F W0817 17:50:40.736600       1 authentication.go:337] Error looking up in-cluster authentication configuration: configmaps "extension-apiserver-authentication" is forbidden: User "system:kube-scheduler" cannot get resource "configmaps" in API group "" in the namespace "kube-system"
2021-08-17T17:50:40.7404728Z stderr F W0817 17:50:40.736622       1 authentication.go:338] Continuing without authentication configuration. This may treat all requests as anonymous.
2021-08-17T17:50:40.740493Z stderr F W0817 17:50:40.736634       1 authentication.go:339] To require authentication configuration lookup to succeed, set --authentication-tolerate-lookup-failure=false
2021-08-17T17:50:40.7630665Z stderr F I0817 17:50:40.762893       1 secure_serving.go:197] Serving securely on 127.0.0.1:10259
2021-08-17T17:50:40.7694569Z stderr F I0817 17:50:40.763709       1 configmap_cafile_content.go:202] Starting client-ca::kube-system::extension-apiserver-authentication::client-ca-file
2021-08-17T17:50:40.7695354Z stderr F I0817 17:50:40.763740       1 shared_informer.go:240] Waiting for caches to sync for client-ca::kube-system::extension-apiserver-authentication::client-ca-file
2021-08-17T17:50:40.7695531Z stderr F I0817 17:50:40.763779       1 tlsconfig.go:240] Starting DynamicServingCertificateController
2021-08-17T17:50:40.7830275Z stderr F E0817 17:50:40.782850       1 reflector.go:138] k8s.io/client-go/informers/factory.go:134: Failed to watch *v1.PodDisruptionBudget: failed to list *v1.PodDisruptionBudget: poddisruptionbudgets.policy is forbidden: User "system:kube-scheduler" cannot list resource "poddisruptionbudgets" in API group "policy" at the cluster scope
2021-08-17T17:50:40.7833969Z stderr F E0817 17:50:40.783217       1 reflector.go:138] k8s.io/client-go/informers/factory.go:134: Failed to watch *v1.Node: failed to list *v1.Node: nodes is forbidden: User "system:kube-scheduler" cannot list resource "nodes" in API group "" at the cluster scope
2021-08-17T17:50:40.7836887Z stderr F E0817 17:50:40.783517       1 reflector.go:138] k8s.io/client-go/informers/factory.go:134: Failed to watch *v1.Pod: failed to list *v1.Pod: pods is forbidden: User "system:kube-scheduler" cannot list resource "pods" in API group "" at the cluster scope
2021-08-17T17:50:40.7839218Z stderr F E0817 17:50:40.783739       1 reflector.go:138] k8s.io/client-go/informers/factory.go:134: Failed to watch *v1.StatefulSet: failed to list *v1.StatefulSet: statefulsets.apps is forbidden: User "system:kube-scheduler" cannot list resource "statefulsets" in API group "apps" at the cluster scope
2021-08-17T17:50:40.7926779Z stderr F E0817 17:50:40.792453       1 reflector.go:138] k8s.io/apiserver/pkg/server/dynamiccertificates/configmap_cafile_content.go:206: Failed to watch *v1.ConfigMap: failed to list *v1.ConfigMap: configmaps "extension-apiserver-authentication" is forbidden: User "system:kube-scheduler" cannot list resource "configmaps" in API group "" in the namespace "kube-system"
2021-08-17T17:50:40.7965168Z stderr F E0817 17:50:40.796365       1 reflector.go:138] k8s.io/client-go/informers/factory.go:134: Failed to watch *v1.CSIDriver: failed to list *v1.CSIDriver: csidrivers.storage.k8s.io is forbidden: User "system:kube-scheduler" cannot list resource "csidrivers" in API group "storage.k8s.io" at the cluster scope
2021-08-17T17:50:40.7985851Z stderr F E0817 17:50:40.798448       1 reflector.go:138] k8s.io/client-go/informers/factory.go:134: Failed to watch *v1.ReplicationController: failed to list *v1.ReplicationController: replicationcontrollers is forbidden: User "system:kube-scheduler" cannot list resource "replicationcontrollers" in API group "" at the cluster scope
2021-08-17T17:50:40.798831Z stderr F E0817 17:50:40.798701       1 reflector.go:138] k8s.io/client-go/informers/factory.go:134: Failed to watch *v1.CSINode: failed to list *v1.CSINode: csinodes.storage.k8s.io is forbidden: User "system:kube-scheduler" cannot list resource "csinodes" in API group "storage.k8s.io" at the cluster scope
2021-08-17T17:50:40.7988615Z stderr F E0817 17:50:40.798762       1 reflector.go:138] k8s.io/client-go/informers/factory.go:134: Failed to watch *v1.Service: failed to list *v1.Service: services is forbidden: User "system:kube-scheduler" cannot list resource "services" in API group "" at the cluster scope
2021-08-17T17:50:40.7989704Z stderr F E0817 17:50:40.798902       1 reflector.go:138] k8s.io/client-go/informers/factory.go:134: Failed to watch *v1.PersistentVolumeClaim: failed to list *v1.PersistentVolumeClaim: persistentvolumeclaims is forbidden: User "system:kube-scheduler" cannot list resource "persistentvolumeclaims" in API group "" at the cluster scope
2021-08-17T17:50:40.7990913Z stderr F E0817 17:50:40.798965       1 reflector.go:138] k8s.io/client-go/informers/factory.go:134: Failed to watch *v1.PersistentVolume: failed to list *v1.PersistentVolume: persistentvolumes is forbidden: User "system:kube-scheduler" cannot list resource "persistentvolumes" in API group "" at the cluster scope
2021-08-17T17:50:40.7995675Z stderr F E0817 17:50:40.799391       1 reflector.go:138] k8s.io/client-go/informers/factory.go:134: Failed to watch *v1.StorageClass: failed to list *v1.StorageClass: storageclasses.storage.k8s.io is forbidden: User "system:kube-scheduler" cannot list resource "storageclasses" in API group "storage.k8s.io" at the cluster scope
2021-08-17T17:50:40.7995815Z stderr F E0817 17:50:40.799442       1 reflector.go:138] k8s.io/client-go/informers/factory.go:134: Failed to watch *v1.ReplicaSet: failed to list *v1.ReplicaSet: replicasets.apps is forbidden: User "system:kube-scheduler" cannot list resource "replicasets" in API group "apps" at the cluster scope
2021-08-17T17:50:40.8000985Z stderr F E0817 17:50:40.799893       1 reflector.go:138] k8s.io/client-go/informers/factory.go:134: Failed to watch *v1beta1.CSIStorageCapacity: failed to list *v1beta1.CSIStorageCapacity: csistoragecapacities.storage.k8s.io is forbidden: User "system:kube-scheduler" cannot list resource "csistoragecapacities" in API group "storage.k8s.io" at the cluster scope
2021-08-17T17:50:41.6370172Z stderr F E0817 17:50:41.636828       1 reflector.go:138] k8s.io/apiserver/pkg/server/dynamiccertificates/configmap_cafile_content.go:206: Failed to watch *v1.ConfigMap: failed to list *v1.ConfigMap: configmaps "extension-apiserver-authentication" is forbidden: User "system:kube-scheduler" cannot list resource "configmaps" in API group "" in the namespace "kube-system"
2021-08-17T17:50:41.6370404Z stderr F E0817 17:50:41.636828       1 reflector.go:138] k8s.io/client-go/informers/factory.go:134: Failed to watch *v1.PersistentVolume: failed to list *v1.PersistentVolume: persistentvolumes is forbidden: User "system:kube-scheduler" cannot list resource "persistentvolumes" in API group "" at the cluster scope
2021-08-17T17:50:41.7269662Z stderr F E0817 17:50:41.726788       1 reflector.go:138] k8s.io/client-go/informers/factory.go:134: Failed to watch *v1beta1.CSIStorageCapacity: failed to list *v1beta1.CSIStorageCapacity: csistoragecapacities.storage.k8s.io is forbidden: User "system:kube-scheduler" cannot list resource "csistoragecapacities" in API group "storage.k8s.io" at the cluster scope
2021-08-17T17:50:41.7848861Z stderr F E0817 17:50:41.784449       1 reflector.go:138] k8s.io/client-go/informers/factory.go:134: Failed to watch *v1.PodDisruptionBudget: failed to list *v1.PodDisruptionBudget: poddisruptionbudgets.policy is forbidden: User "system:kube-scheduler" cannot list resource "poddisruptionbudgets" in API group "policy" at the cluster scope
2021-08-17T17:50:41.9218737Z stderr F E0817 17:50:41.921329       1 reflector.go:138] k8s.io/client-go/informers/factory.go:134: Failed to watch *v1.Node: failed to list *v1.Node: nodes is forbidden: User "system:kube-scheduler" cannot list resource "nodes" in API group "" at the cluster scope
2021-08-17T17:50:41.9308412Z stderr F E0817 17:50:41.930652       1 reflector.go:138] k8s.io/client-go/informers/factory.go:134: Failed to watch *v1.CSINode: failed to list *v1.CSINode: csinodes.storage.k8s.io is forbidden: User "system:kube-scheduler" cannot list resource "csinodes" in API group "storage.k8s.io" at the cluster scope
2021-08-17T17:50:41.9924995Z stderr F E0817 17:50:41.992363       1 reflector.go:138] k8s.io/client-go/informers/factory.go:134: Failed to watch *v1.Pod: failed to list *v1.Pod: pods is forbidden: User "system:kube-scheduler" cannot list resource "pods" in API group "" at the cluster scope
2021-08-17T17:50:42.0183227Z stderr F E0817 17:50:42.017747       1 reflector.go:138] k8s.io/client-go/informers/factory.go:134: Failed to watch *v1.ReplicationController: failed to list *v1.ReplicationController: replicationcontrollers is forbidden: User "system:kube-scheduler" cannot list resource "replicationcontrollers" in API group "" at the cluster scope
2021-08-17T17:50:42.1981311Z stderr F E0817 17:50:42.197297       1 reflector.go:138] k8s.io/client-go/informers/factory.go:134: Failed to watch *v1.StorageClass: failed to list *v1.StorageClass: storageclasses.storage.k8s.io is forbidden: User "system:kube-scheduler" cannot list resource "storageclasses" in API group "storage.k8s.io" at the cluster scope
2021-08-17T17:50:42.2284219Z stderr F E0817 17:50:42.228258       1 reflector.go:138] k8s.io/client-go/informers/factory.go:134: Failed to watch *v1.StatefulSet: failed to list *v1.StatefulSet: statefulsets.apps is forbidden: User "system:kube-scheduler" cannot list resource "statefulsets" in API group "apps" at the cluster scope
2021-08-17T17:50:43.3291656Z stderr F I0817 17:50:43.328989       1 shared_informer.go:247] Caches are synced for client-ca::kube-system::extension-apiserver-authentication::client-ca-file 
2021-08-17T17:50:44.9353889Z stderr F I0817 17:50:44.930283       1 leaderelection.go:243] attempting to acquire leader lease kube-system/kube-scheduler...
2021-08-17T17:50:44.9544204Z stderr F I0817 17:50:44.953593       1 leaderelection.go:253] successfully acquired lease kube-system/kube-scheduler
