2021-08-17T17:50:32.7547527Z stderr F I0817 17:50:32.750288       1 serving.go:347] Generated self-signed cert in-memory
2021-08-17T17:50:41.7702485Z stderr F W0817 17:50:41.768906       1 requestheader_controller.go:193] Unable to get configmap/extension-apiserver-authentication in kube-system.  Usually fixed by 'kubectl create rolebinding -n kube-system ROLEBINDING_NAME --role=extension-apiserver-authentication-reader --serviceaccount=YOUR_NS:YOUR_SA'
2021-08-17T17:50:41.7702874Z stderr F W0817 17:50:41.769176       1 authentication.go:337] Error looking up in-cluster authentication configuration: configmaps "extension-apiserver-authentication" is forbidden: User "system:kube-scheduler" cannot get resource "configmaps" in API group "" in the namespace "kube-system"
2021-08-17T17:50:41.7743364Z stderr F W0817 17:50:41.771390       1 authentication.go:338] Continuing without authentication configuration. This may treat all requests as anonymous.
2021-08-17T17:50:41.7745206Z stderr F W0817 17:50:41.774458       1 authentication.go:339] To require authentication configuration lookup to succeed, set --authentication-tolerate-lookup-failure=false
2021-08-17T17:50:41.8504333Z stderr F I0817 17:50:41.849696       1 configmap_cafile_content.go:202] Starting client-ca::kube-system::extension-apiserver-authentication::client-ca-file
2021-08-17T17:50:41.850455Z stderr F I0817 17:50:41.849904       1 shared_informer.go:240] Waiting for caches to sync for client-ca::kube-system::extension-apiserver-authentication::client-ca-file
2021-08-17T17:50:41.8506381Z stderr F I0817 17:50:41.850338       1 secure_serving.go:197] Serving securely on 127.0.0.1:10259
2021-08-17T17:50:41.854344Z stderr F I0817 17:50:41.854147       1 tlsconfig.go:240] Starting DynamicServingCertificateController
2021-08-17T17:50:41.8551976Z stderr F E0817 17:50:41.854970       1 reflector.go:138] k8s.io/apiserver/pkg/server/dynamiccertificates/configmap_cafile_content.go:206: Failed to watch *v1.ConfigMap: failed to list *v1.ConfigMap: configmaps "extension-apiserver-authentication" is forbidden: User "system:kube-scheduler" cannot list resource "configmaps" in API group "" in the namespace "kube-system"
2021-08-17T17:50:41.8681598Z stderr F E0817 17:50:41.867947       1 reflector.go:138] k8s.io/client-go/informers/factory.go:134: Failed to watch *v1.PersistentVolumeClaim: failed to list *v1.PersistentVolumeClaim: persistentvolumeclaims is forbidden: User "system:kube-scheduler" cannot list resource "persistentvolumeclaims" in API group "" at the cluster scope
2021-08-17T17:50:41.8687046Z stderr F E0817 17:50:41.868547       1 reflector.go:138] k8s.io/client-go/informers/factory.go:134: Failed to watch *v1.Service: failed to list *v1.Service: services is forbidden: User "system:kube-scheduler" cannot list resource "services" in API group "" at the cluster scope
2021-08-17T17:50:41.8691227Z stderr F E0817 17:50:41.868678       1 reflector.go:138] k8s.io/client-go/informers/factory.go:134: Failed to watch *v1.CSIDriver: failed to list *v1.CSIDriver: csidrivers.storage.k8s.io is forbidden: User "system:kube-scheduler" cannot list resource "csidrivers" in API group "storage.k8s.io" at the cluster scope
2021-08-17T17:50:41.8691397Z stderr F E0817 17:50:41.868932       1 reflector.go:138] k8s.io/client-go/informers/factory.go:134: Failed to watch *v1.Node: failed to list *v1.Node: nodes is forbidden: User "system:kube-scheduler" cannot list resource "nodes" in API group "" at the cluster scope
2021-08-17T17:50:41.870207Z stderr F E0817 17:50:41.869166       1 reflector.go:138] k8s.io/client-go/informers/factory.go:134: Failed to watch *v1.StorageClass: failed to list *v1.StorageClass: storageclasses.storage.k8s.io is forbidden: User "system:kube-scheduler" cannot list resource "storageclasses" in API group "storage.k8s.io" at the cluster scope
2021-08-17T17:50:41.871696Z stderr F E0817 17:50:41.870589       1 reflector.go:138] k8s.io/client-go/informers/factory.go:134: Failed to watch *v1.CSINode: failed to list *v1.CSINode: csinodes.storage.k8s.io is forbidden: User "system:kube-scheduler" cannot list resource "csinodes" in API group "storage.k8s.io" at the cluster scope
2021-08-17T17:50:41.8717333Z stderr F E0817 17:50:41.870933       1 reflector.go:138] k8s.io/client-go/informers/factory.go:134: Failed to watch *v1beta1.CSIStorageCapacity: failed to list *v1beta1.CSIStorageCapacity: csistoragecapacities.storage.k8s.io is forbidden: User "system:kube-scheduler" cannot list resource "csistoragecapacities" in API group "storage.k8s.io" at the cluster scope
2021-08-17T17:50:41.8718571Z stderr F E0817 17:50:41.871408       1 reflector.go:138] k8s.io/client-go/informers/factory.go:134: Failed to watch *v1.Pod: failed to list *v1.Pod: pods is forbidden: User "system:kube-scheduler" cannot list resource "pods" in API group "" at the cluster scope
2021-08-17T17:50:41.8718889Z stderr F E0817 17:50:41.871618       1 reflector.go:138] k8s.io/client-go/informers/factory.go:134: Failed to watch *v1.ReplicationController: failed to list *v1.ReplicationController: replicationcontrollers is forbidden: User "system:kube-scheduler" cannot list resource "replicationcontrollers" in API group "" at the cluster scope
2021-08-17T17:50:41.871987Z stderr F E0817 17:50:41.871709       1 reflector.go:138] k8s.io/client-go/informers/factory.go:134: Failed to watch *v1.ReplicaSet: failed to list *v1.ReplicaSet: replicasets.apps is forbidden: User "system:kube-scheduler" cannot list resource "replicasets" in API group "apps" at the cluster scope
2021-08-17T17:50:41.8732028Z stderr F E0817 17:50:41.873090       1 reflector.go:138] k8s.io/client-go/informers/factory.go:134: Failed to watch *v1.StatefulSet: failed to list *v1.StatefulSet: statefulsets.apps is forbidden: User "system:kube-scheduler" cannot list resource "statefulsets" in API group "apps" at the cluster scope
2021-08-17T17:50:41.8771719Z stderr F E0817 17:50:41.877025       1 reflector.go:138] k8s.io/client-go/informers/factory.go:134: Failed to watch *v1.PersistentVolume: failed to list *v1.PersistentVolume: persistentvolumes is forbidden: User "system:kube-scheduler" cannot list resource "persistentvolumes" in API group "" at the cluster scope
2021-08-17T17:50:41.8834096Z stderr F E0817 17:50:41.882893       1 reflector.go:138] k8s.io/client-go/informers/factory.go:134: Failed to watch *v1.PodDisruptionBudget: failed to list *v1.PodDisruptionBudget: poddisruptionbudgets.policy is forbidden: User "system:kube-scheduler" cannot list resource "poddisruptionbudgets" in API group "policy" at the cluster scope
2021-08-17T17:50:42.7209053Z stderr F E0817 17:50:42.720683       1 reflector.go:138] k8s.io/apiserver/pkg/server/dynamiccertificates/configmap_cafile_content.go:206: Failed to watch *v1.ConfigMap: failed to list *v1.ConfigMap: configmaps "extension-apiserver-authentication" is forbidden: User "system:kube-scheduler" cannot list resource "configmaps" in API group "" in the namespace "kube-system"
2021-08-17T17:50:42.8258872Z stderr F E0817 17:50:42.825711       1 reflector.go:138] k8s.io/client-go/informers/factory.go:134: Failed to watch *v1.PersistentVolumeClaim: failed to list *v1.PersistentVolumeClaim: persistentvolumeclaims is forbidden: User "system:kube-scheduler" cannot list resource "persistentvolumeclaims" in API group "" at the cluster scope
2021-08-17T17:50:42.858745Z stderr F E0817 17:50:42.857709       1 reflector.go:138] k8s.io/client-go/informers/factory.go:134: Failed to watch *v1.PersistentVolume: failed to list *v1.PersistentVolume: persistentvolumes is forbidden: User "system:kube-scheduler" cannot list resource "persistentvolumes" in API group "" at the cluster scope
2021-08-17T17:50:42.9969032Z stderr F E0817 17:50:42.996596       1 reflector.go:138] k8s.io/client-go/informers/factory.go:134: Failed to watch *v1.Node: failed to list *v1.Node: nodes is forbidden: User "system:kube-scheduler" cannot list resource "nodes" in API group "" at the cluster scope
2021-08-17T17:50:43.0631675Z stderr F E0817 17:50:43.062723       1 reflector.go:138] k8s.io/client-go/informers/factory.go:134: Failed to watch *v1.PodDisruptionBudget: failed to list *v1.PodDisruptionBudget: poddisruptionbudgets.policy is forbidden: User "system:kube-scheduler" cannot list resource "poddisruptionbudgets" in API group "policy" at the cluster scope
2021-08-17T17:50:43.0867563Z stderr F E0817 17:50:43.084316       1 reflector.go:138] k8s.io/client-go/informers/factory.go:134: Failed to watch *v1.StatefulSet: failed to list *v1.StatefulSet: statefulsets.apps is forbidden: User "system:kube-scheduler" cannot list resource "statefulsets" in API group "apps" at the cluster scope
2021-08-17T17:50:45.0159257Z stderr F I0817 17:50:45.015700       1 shared_informer.go:247] Caches are synced for client-ca::kube-system::extension-apiserver-authentication::client-ca-file 
2021-08-17T17:50:46.1202558Z stderr F I0817 17:50:46.120008       1 leaderelection.go:243] attempting to acquire leader lease kube-system/kube-scheduler...
2021-08-17T17:50:46.1353668Z stderr F I0817 17:50:46.135107       1 leaderelection.go:253] successfully acquired lease kube-system/kube-scheduler
