2021-08-17T17:50:36.7391193Z stderr F [WARNING] Deprecated '--logger=capnslog' flag is set; use '--logger=zap' flag instead
2021-08-17T17:50:36.739158Z stderr F 2021-08-17 17:50:36.738909 I | etcdmain: etcd Version: 3.4.13
2021-08-17T17:50:36.7391731Z stderr F 2021-08-17 17:50:36.738969 I | etcdmain: Git SHA: ae9734ed2
2021-08-17T17:50:36.739186Z stderr F 2021-08-17 17:50:36.738983 I | etcdmain: Go Version: go1.12.17
2021-08-17T17:50:36.7391957Z stderr F 2021-08-17 17:50:36.738995 I | etcdmain: Go OS/Arch: linux/amd64
2021-08-17T17:50:36.7392503Z stderr F 2021-08-17 17:50:36.739007 I | etcdmain: setting maximum number of CPUs to 8, total number of available CPUs is 8
2021-08-17T17:50:36.7392748Z stderr F [WARNING] Deprecated '--logger=capnslog' flag is set; use '--logger=zap' flag instead
2021-08-17T17:50:36.739286Z stderr F 2021-08-17 17:50:36.739158 I | embed: peerTLS: cert = /etc/kubernetes/pki/etcd/peer.crt, key = /etc/kubernetes/pki/etcd/peer.key, trusted-ca = /etc/kubernetes/pki/etcd/ca.crt, client-cert-auth = true, crl-file = 
2021-08-17T17:50:36.7399721Z stderr F 2021-08-17 17:50:36.739753 I | embed: name = external-control-plane
2021-08-17T17:50:36.7399929Z stderr F 2021-08-17 17:50:36.739786 I | embed: data dir = /tmp/kind-cluster-etcd
2021-08-17T17:50:36.7400062Z stderr F 2021-08-17 17:50:36.739799 I | embed: member dir = /tmp/kind-cluster-etcd/member
2021-08-17T17:50:36.7400174Z stderr F 2021-08-17 17:50:36.739811 I | embed: heartbeat = 100ms
2021-08-17T17:50:36.7403388Z stderr F 2021-08-17 17:50:36.739823 I | embed: election = 1000ms
2021-08-17T17:50:36.7403533Z stderr F 2021-08-17 17:50:36.740135 I | embed: snapshot count = 10000
2021-08-17T17:50:36.7403682Z stderr F 2021-08-17 17:50:36.740172 I | embed: advertise client URLs = https://172.18.0.4:2379
2021-08-17T17:50:36.7514059Z stderr F 2021-08-17 17:50:36.751201 I | etcdserver: starting member 5320353a7d98bdee in cluster b61dd090a9d8a70a
2021-08-17T17:50:36.7517751Z stderr F raft2021/08/17 17:50:36 INFO: 5320353a7d98bdee switched to configuration voters=()
2021-08-17T17:50:36.7518323Z stderr F raft2021/08/17 17:50:36 INFO: 5320353a7d98bdee became follower at term 0
2021-08-17T17:50:36.751848Z stderr F raft2021/08/17 17:50:36 INFO: newRaft 5320353a7d98bdee [peers: [], term: 0, commit: 0, applied: 0, lastindex: 0, lastterm: 0]
2021-08-17T17:50:36.7518573Z stderr F raft2021/08/17 17:50:36 INFO: 5320353a7d98bdee became follower at term 1
2021-08-17T17:50:36.751895Z stderr F raft2021/08/17 17:50:36 INFO: 5320353a7d98bdee switched to configuration voters=(5989846029734297070)
2021-08-17T17:50:36.7523595Z stderr F 2021-08-17 17:50:36.752187 W | auth: simple token is not cryptographically signed
2021-08-17T17:50:36.7536867Z stderr F 2021-08-17 17:50:36.753535 I | etcdserver: starting server... [version: 3.4.13, cluster version: to_be_decided]
2021-08-17T17:50:36.7539097Z stderr F 2021-08-17 17:50:36.753721 I | etcdserver: 5320353a7d98bdee as single-node; fast-forwarding 9 ticks (election ticks 10)
2021-08-17T17:50:36.754196Z stderr F raft2021/08/17 17:50:36 INFO: 5320353a7d98bdee switched to configuration voters=(5989846029734297070)
2021-08-17T17:50:36.75435Z stderr F 2021-08-17 17:50:36.754160 I | etcdserver/membership: added member 5320353a7d98bdee [https://172.18.0.4:2380] to cluster b61dd090a9d8a70a
2021-08-17T17:50:36.7553916Z stderr F 2021-08-17 17:50:36.755247 I | embed: ClientTLS: cert = /etc/kubernetes/pki/etcd/server.crt, key = /etc/kubernetes/pki/etcd/server.key, trusted-ca = /etc/kubernetes/pki/etcd/ca.crt, client-cert-auth = true, crl-file = 
2021-08-17T17:50:36.7554083Z stderr F 2021-08-17 17:50:36.755309 I | embed: listening for peers on 172.18.0.4:2380
2021-08-17T17:50:36.7554981Z stderr F 2021-08-17 17:50:36.755373 I | embed: listening for metrics on http://127.0.0.1:2381
2021-08-17T17:50:36.8533925Z stderr F raft2021/08/17 17:50:36 INFO: 5320353a7d98bdee is starting a new election at term 1
2021-08-17T17:50:36.8534359Z stderr F raft2021/08/17 17:50:36 INFO: 5320353a7d98bdee became candidate at term 2
2021-08-17T17:50:36.8535907Z stderr F raft2021/08/17 17:50:36 INFO: 5320353a7d98bdee received MsgVoteResp from 5320353a7d98bdee at term 2
2021-08-17T17:50:36.8536435Z stderr F raft2021/08/17 17:50:36 INFO: 5320353a7d98bdee became leader at term 2
2021-08-17T17:50:36.8536686Z stderr F raft2021/08/17 17:50:36 INFO: raft.node: 5320353a7d98bdee elected leader 5320353a7d98bdee at term 2
2021-08-17T17:50:36.8542363Z stderr F 2021-08-17 17:50:36.853801 I | etcdserver: published {Name:external-control-plane ClientURLs:[https://172.18.0.4:2379]} to cluster b61dd090a9d8a70a
2021-08-17T17:50:36.8542759Z stderr F 2021-08-17 17:50:36.853865 I | embed: ready to serve client requests
2021-08-17T17:50:36.8543047Z stderr F 2021-08-17 17:50:36.853897 I | etcdserver: setting up the initial cluster version to 3.4
2021-08-17T17:50:36.8543521Z stderr F 2021-08-17 17:50:36.854148 I | embed: ready to serve client requests
2021-08-17T17:50:36.8544436Z stderr F 2021-08-17 17:50:36.854275 N | etcdserver/membership: set the initial cluster version to 3.4
2021-08-17T17:50:36.8547968Z stderr F 2021-08-17 17:50:36.854540 I | etcdserver/api: enabled capabilities for version 3.4
2021-08-17T17:50:36.8589224Z stderr F 2021-08-17 17:50:36.858720 I | embed: serving client requests on 172.18.0.4:2379
2021-08-17T17:50:36.8594603Z stderr F 2021-08-17 17:50:36.859264 I | embed: serving client requests on 127.0.0.1:2379
2021-08-17T17:51:01.6763483Z stderr F 2021-08-17 17:51:01.675924 I | etcdserver/api/etcdhttp: /health OK (status code 200)
2021-08-17T17:51:02.6218454Z stderr F 2021-08-17 17:51:02.621151 I | etcdserver/api/etcdhttp: /health OK (status code 200)
2021-08-17T17:51:12.6217665Z stderr F 2021-08-17 17:51:12.621499 I | etcdserver/api/etcdhttp: /health OK (status code 200)
2021-08-17T17:51:22.5880048Z stderr F 2021-08-17 17:51:22.587395 I | etcdserver/api/etcdhttp: /health OK (status code 200)
2021-08-17T17:51:32.5885944Z stderr F 2021-08-17 17:51:32.588135 I | etcdserver/api/etcdhttp: /health OK (status code 200)
