2021-08-17T17:50:34.5341713Z stderr F I0817 17:50:34.530000       1 serving.go:347] Generated self-signed cert in-memory
2021-08-17T17:50:40.6744337Z stderr F W0817 17:50:40.673974       1 requestheader_controller.go:193] Unable to get configmap/extension-apiserver-authentication in kube-system.  Usually fixed by 'kubectl create rolebinding -n kube-system ROLEBINDING_NAME --role=extension-apiserver-authentication-reader --serviceaccount=YOUR_NS:YOUR_SA'
2021-08-17T17:50:40.6744825Z stderr F W0817 17:50:40.674017       1 authentication.go:337] Error looking up in-cluster authentication configuration: configmaps "extension-apiserver-authentication" is forbidden: User "system:kube-scheduler" cannot get resource "configmaps" in API group "" in the namespace "kube-system"
2021-08-17T17:50:40.6744996Z stderr F W0817 17:50:40.674035       1 authentication.go:338] Continuing without authentication configuration. This may treat all requests as anonymous.
2021-08-17T17:50:40.6745143Z stderr F W0817 17:50:40.674048       1 authentication.go:339] To require authentication configuration lookup to succeed, set --authentication-tolerate-lookup-failure=false
2021-08-17T17:50:40.6990316Z stderr F I0817 17:50:40.698826       1 secure_serving.go:197] Serving securely on 127.0.0.1:10259
2021-08-17T17:50:40.69913Z stderr F I0817 17:50:40.698963       1 configmap_cafile_content.go:202] Starting client-ca::kube-system::extension-apiserver-authentication::client-ca-file
2021-08-17T17:50:40.6991478Z stderr F I0817 17:50:40.698989       1 shared_informer.go:240] Waiting for caches to sync for client-ca::kube-system::extension-apiserver-authentication::client-ca-file
2021-08-17T17:50:40.6996317Z stderr F I0817 17:50:40.699361       1 tlsconfig.go:240] Starting DynamicServingCertificateController
2021-08-17T17:50:40.7080446Z stderr F E0817 17:50:40.705728       1 reflector.go:138] k8s.io/client-go/informers/factory.go:134: Failed to watch *v1beta1.CSIStorageCapacity: failed to list *v1beta1.CSIStorageCapacity: csistoragecapacities.storage.k8s.io is forbidden: User "system:kube-scheduler" cannot list resource "csistoragecapacities" in API group "storage.k8s.io" at the cluster scope
2021-08-17T17:50:40.7080716Z stderr F E0817 17:50:40.705947       1 reflector.go:138] k8s.io/client-go/informers/factory.go:134: Failed to watch *v1.PersistentVolume: failed to list *v1.PersistentVolume: persistentvolumes is forbidden: User "system:kube-scheduler" cannot list resource "persistentvolumes" in API group "" at the cluster scope
2021-08-17T17:50:40.7080837Z stderr F E0817 17:50:40.706123       1 reflector.go:138] k8s.io/client-go/informers/factory.go:134: Failed to watch *v1.ReplicationController: failed to list *v1.ReplicationController: replicationcontrollers is forbidden: User "system:kube-scheduler" cannot list resource "replicationcontrollers" in API group "" at the cluster scope
2021-08-17T17:50:40.7080989Z stderr F E0817 17:50:40.706304       1 reflector.go:138] k8s.io/client-go/informers/factory.go:134: Failed to watch *v1.Pod: failed to list *v1.Pod: pods is forbidden: User "system:kube-scheduler" cannot list resource "pods" in API group "" at the cluster scope
2021-08-17T17:50:40.7081297Z stderr F E0817 17:50:40.706512       1 reflector.go:138] k8s.io/client-go/informers/factory.go:134: Failed to watch *v1.CSIDriver: failed to list *v1.CSIDriver: csidrivers.storage.k8s.io is forbidden: User "system:kube-scheduler" cannot list resource "csidrivers" in API group "storage.k8s.io" at the cluster scope
2021-08-17T17:50:40.7081434Z stderr F E0817 17:50:40.706616       1 reflector.go:138] k8s.io/client-go/informers/factory.go:134: Failed to watch *v1.Node: failed to list *v1.Node: nodes is forbidden: User "system:kube-scheduler" cannot list resource "nodes" in API group "" at the cluster scope
2021-08-17T17:50:40.7081558Z stderr F E0817 17:50:40.706778       1 reflector.go:138] k8s.io/client-go/informers/factory.go:134: Failed to watch *v1.PodDisruptionBudget: failed to list *v1.PodDisruptionBudget: poddisruptionbudgets.policy is forbidden: User "system:kube-scheduler" cannot list resource "poddisruptionbudgets" in API group "policy" at the cluster scope
2021-08-17T17:50:40.7082495Z stderr F E0817 17:50:40.706986       1 reflector.go:138] k8s.io/client-go/informers/factory.go:134: Failed to watch *v1.PersistentVolumeClaim: failed to list *v1.PersistentVolumeClaim: persistentvolumeclaims is forbidden: User "system:kube-scheduler" cannot list resource "persistentvolumeclaims" in API group "" at the cluster scope
2021-08-17T17:50:40.7157388Z stderr F E0817 17:50:40.715494       1 reflector.go:138] k8s.io/client-go/informers/factory.go:134: Failed to watch *v1.Service: failed to list *v1.Service: services is forbidden: User "system:kube-scheduler" cannot list resource "services" in API group "" at the cluster scope
2021-08-17T17:50:40.7158017Z stderr F E0817 17:50:40.715687       1 reflector.go:138] k8s.io/client-go/informers/factory.go:134: Failed to watch *v1.StatefulSet: failed to list *v1.StatefulSet: statefulsets.apps is forbidden: User "system:kube-scheduler" cannot list resource "statefulsets" in API group "apps" at the cluster scope
2021-08-17T17:50:40.7161349Z stderr F E0817 17:50:40.715990       1 reflector.go:138] k8s.io/client-go/informers/factory.go:134: Failed to watch *v1.ReplicaSet: failed to list *v1.ReplicaSet: replicasets.apps is forbidden: User "system:kube-scheduler" cannot list resource "replicasets" in API group "apps" at the cluster scope
2021-08-17T17:50:40.7242169Z stderr F E0817 17:50:40.707107       1 reflector.go:138] k8s.io/client-go/informers/factory.go:134: Failed to watch *v1.CSINode: failed to list *v1.CSINode: csinodes.storage.k8s.io is forbidden: User "system:kube-scheduler" cannot list resource "csinodes" in API group "storage.k8s.io" at the cluster scope
2021-08-17T17:50:40.7246535Z stderr F E0817 17:50:40.724524       1 reflector.go:138] k8s.io/client-go/informers/factory.go:134: Failed to watch *v1.StorageClass: failed to list *v1.StorageClass: storageclasses.storage.k8s.io is forbidden: User "system:kube-scheduler" cannot list resource "storageclasses" in API group "storage.k8s.io" at the cluster scope
2021-08-17T17:50:40.73Z stderr F E0817 17:50:40.729868       1 reflector.go:138] k8s.io/apiserver/pkg/server/dynamiccertificates/configmap_cafile_content.go:206: Failed to watch *v1.ConfigMap: failed to list *v1.ConfigMap: configmaps "extension-apiserver-authentication" is forbidden: User "system:kube-scheduler" cannot list resource "configmaps" in API group "" in the namespace "kube-system"
2021-08-17T17:50:41.583224Z stderr F E0817 17:50:41.583042       1 reflector.go:138] k8s.io/client-go/informers/factory.go:134: Failed to watch *v1.PersistentVolumeClaim: failed to list *v1.PersistentVolumeClaim: persistentvolumeclaims is forbidden: User "system:kube-scheduler" cannot list resource "persistentvolumeclaims" in API group "" at the cluster scope
2021-08-17T17:50:41.6605897Z stderr F E0817 17:50:41.660249       1 reflector.go:138] k8s.io/client-go/informers/factory.go:134: Failed to watch *v1.StorageClass: failed to list *v1.StorageClass: storageclasses.storage.k8s.io is forbidden: User "system:kube-scheduler" cannot list resource "storageclasses" in API group "storage.k8s.io" at the cluster scope
2021-08-17T17:50:41.8008469Z stderr F E0817 17:50:41.800616       1 reflector.go:138] k8s.io/client-go/informers/factory.go:134: Failed to watch *v1.PodDisruptionBudget: failed to list *v1.PodDisruptionBudget: poddisruptionbudgets.policy is forbidden: User "system:kube-scheduler" cannot list resource "poddisruptionbudgets" in API group "policy" at the cluster scope
2021-08-17T17:50:41.8086675Z stderr F E0817 17:50:41.808499       1 reflector.go:138] k8s.io/client-go/informers/factory.go:134: Failed to watch *v1.Pod: failed to list *v1.Pod: pods is forbidden: User "system:kube-scheduler" cannot list resource "pods" in API group "" at the cluster scope
2021-08-17T17:50:41.9551456Z stderr F E0817 17:50:41.954921       1 reflector.go:138] k8s.io/apiserver/pkg/server/dynamiccertificates/configmap_cafile_content.go:206: Failed to watch *v1.ConfigMap: failed to list *v1.ConfigMap: configmaps "extension-apiserver-authentication" is forbidden: User "system:kube-scheduler" cannot list resource "configmaps" in API group "" in the namespace "kube-system"
2021-08-17T17:50:41.98985Z stderr F E0817 17:50:41.989656       1 reflector.go:138] k8s.io/client-go/informers/factory.go:134: Failed to watch *v1.CSIDriver: failed to list *v1.CSIDriver: csidrivers.storage.k8s.io is forbidden: User "system:kube-scheduler" cannot list resource "csidrivers" in API group "storage.k8s.io" at the cluster scope
2021-08-17T17:50:42.0009024Z stderr F E0817 17:50:42.000690       1 reflector.go:138] k8s.io/client-go/informers/factory.go:134: Failed to watch *v1.PersistentVolume: failed to list *v1.PersistentVolume: persistentvolumes is forbidden: User "system:kube-scheduler" cannot list resource "persistentvolumes" in API group "" at the cluster scope
2021-08-17T17:50:42.0453436Z stderr F E0817 17:50:42.045010       1 reflector.go:138] k8s.io/client-go/informers/factory.go:134: Failed to watch *v1.StatefulSet: failed to list *v1.StatefulSet: statefulsets.apps is forbidden: User "system:kube-scheduler" cannot list resource "statefulsets" in API group "apps" at the cluster scope
2021-08-17T17:50:42.0489409Z stderr F E0817 17:50:42.048663       1 reflector.go:138] k8s.io/client-go/informers/factory.go:134: Failed to watch *v1.ReplicaSet: failed to list *v1.ReplicaSet: replicasets.apps is forbidden: User "system:kube-scheduler" cannot list resource "replicasets" in API group "apps" at the cluster scope
2021-08-17T17:50:42.1388681Z stderr F E0817 17:50:42.137735       1 reflector.go:138] k8s.io/client-go/informers/factory.go:134: Failed to watch *v1.Service: failed to list *v1.Service: services is forbidden: User "system:kube-scheduler" cannot list resource "services" in API group "" at the cluster scope
2021-08-17T17:50:44.7675247Z stderr F I0817 17:50:44.767269       1 leaderelection.go:243] attempting to acquire leader lease kube-system/kube-scheduler...
2021-08-17T17:50:44.7799876Z stderr F I0817 17:50:44.779712       1 leaderelection.go:253] successfully acquired lease kube-system/kube-scheduler
2021-08-17T17:50:44.9674345Z stderr F I0817 17:50:44.965112       1 shared_informer.go:247] Caches are synced for client-ca::kube-system::extension-apiserver-authentication::client-ca-file 
