2021-08-17T17:51:30.5927619Z stdout F {"branch":"HEAD","caller":"main.go:82","commit":"v0.9.3","msg":"MetalLB speaker starting version 0.9.3 (commit v0.9.3, branch HEAD)","ts":"2021-08-17T17:51:30.5921723Z","version":"0.9.3"}
2021-08-17T17:51:30.6929505Z stdout F {"caller":"main.go:186","msg":"Node event","node addr":"172.18.0.4","node event":"NodeJoin","node name":"external-control-plane","ts":"2021-08-17T17:51:30.6922788Z"}
2021-08-17T17:51:30.6929876Z stdout F {"caller":"main.go:187","msg":"Call Force Sync","ts":"2021-08-17T17:51:30.6925912Z"}
2021-08-17T17:51:30.7000751Z stdout F {"caller":"announcer.go:103","event":"createARPResponder","interface":"veth98b53cdd","msg":"created ARP responder for interface","ts":"2021-08-17T17:51:30.6983512Z"}
2021-08-17T17:51:30.7004619Z stdout F {"caller":"announcer.go:103","event":"createARPResponder","interface":"veth86670710","msg":"created ARP responder for interface","ts":"2021-08-17T17:51:30.7000497Z"}
2021-08-17T17:51:30.7011175Z stdout F {"caller":"announcer.go:103","event":"createARPResponder","interface":"veth771bb4d2","msg":"created ARP responder for interface","ts":"2021-08-17T17:51:30.7007553Z"}
2021-08-17T17:51:30.7019421Z stdout F {"caller":"announcer.go:103","event":"createARPResponder","interface":"veth386240e3","msg":"created ARP responder for interface","ts":"2021-08-17T17:51:30.7013839Z"}
2021-08-17T17:51:30.7925614Z stdout F {"caller":"announcer.go:103","event":"createARPResponder","interface":"vethfe534abd","msg":"created ARP responder for interface","ts":"2021-08-17T17:51:30.7911234Z"}
2021-08-17T17:51:30.7935528Z stdout F {"caller":"announcer.go:103","event":"createARPResponder","interface":"eth0","msg":"created ARP responder for interface","ts":"2021-08-17T17:51:30.7933018Z"}
2021-08-17T17:51:30.7939476Z stdout F {"caller":"announcer.go:112","event":"createNDPResponder","interface":"eth0","msg":"created NDP responder for interface","ts":"2021-08-17T17:51:30.7937638Z"}
2021-08-17T17:51:30.8939488Z stdout F {"caller":"main.go:202","component":"MemberList","msg":"net.go:785: [DEBUG] memberlist: Initiating push/pull sync with: 172.18.0.4:7946","ts":"2021-08-17T17:51:30.8937259Z"}
2021-08-17T17:51:30.8939869Z stdout F {"caller":"main.go:202","component":"MemberList","msg":"net.go:210: [DEBUG] memberlist: Stream connection from=172.18.0.4:59128","ts":"2021-08-17T17:51:30.8938046Z"}
2021-08-17T17:51:30.9917782Z stdout F {"caller":"main.go:163","error ?":null,"msg":"Memberlist join","nb joigned":1,"op":"startup","ts":"2021-08-17T17:51:30.9913206Z"}
2021-08-17T17:51:31.3930218Z stdout F {"caller":"main.go:267","event":"startUpdate","msg":"start of service update","service":"kube-system/kube-dns","ts":"2021-08-17T17:51:31.3919412Z"}
2021-08-17T17:51:31.3935311Z stdout F {"caller":"main.go:271","event":"endUpdate","msg":"end of service update","service":"kube-system/kube-dns","ts":"2021-08-17T17:51:31.3920289Z"}
2021-08-17T17:51:31.3936298Z stdout F {"caller":"main.go:267","event":"startUpdate","msg":"start of service update","service":"kube-system/metrics-server","ts":"2021-08-17T17:51:31.3920878Z"}
2021-08-17T17:51:31.3937708Z stdout F {"caller":"main.go:271","event":"endUpdate","msg":"end of service update","service":"kube-system/metrics-server","ts":"2021-08-17T17:51:31.3921153Z"}
2021-08-17T17:51:31.3938863Z stdout F {"caller":"main.go:267","event":"startUpdate","msg":"start of service update","service":"default/kubernetes","ts":"2021-08-17T17:51:31.392335Z"}
2021-08-17T17:51:31.3939074Z stdout F {"caller":"main.go:271","event":"endUpdate","msg":"end of service update","service":"default/kubernetes","ts":"2021-08-17T17:51:31.3924302Z"}
2021-08-17T17:51:31.3940278Z stdout F {"caller":"bgp_controller.go:285","event":"nodeLabelsChanged","msg":"Node labels changed, resyncing BGP peers","ts":"2021-08-17T17:51:31.3924663Z"}
2021-08-17T17:51:31.3942487Z stdout F {"caller":"main.go:386","configmap":"metallb-system/config","event":"startUpdate","msg":"start of config update","ts":"2021-08-17T17:51:31.3926871Z"}
2021-08-17T17:51:31.3946475Z stdout F {"caller":"main.go:410","configmap":"metallb-system/config","event":"endUpdate","msg":"end of config update","ts":"2021-08-17T17:51:31.3927644Z"}
2021-08-17T17:51:31.3949661Z stdout F {"caller":"k8s.go:402","configmap":"metallb-system/config","event":"configLoaded","msg":"config (re)loaded","ts":"2021-08-17T17:51:31.3927925Z"}
2021-08-17T17:51:31.3986522Z stdout F {"caller":"main.go:267","event":"startUpdate","msg":"start of service update","service":"default/kubernetes","ts":"2021-08-17T17:51:31.3983413Z"}
2021-08-17T17:51:31.3986881Z stdout F {"caller":"main.go:271","event":"endUpdate","msg":"end of service update","service":"default/kubernetes","ts":"2021-08-17T17:51:31.398415Z"}
2021-08-17T17:51:31.3987035Z stdout F {"caller":"main.go:267","event":"startUpdate","msg":"start of service update","service":"kube-system/kube-dns","ts":"2021-08-17T17:51:31.3984605Z"}
2021-08-17T17:51:31.3987185Z stdout F {"caller":"main.go:271","event":"endUpdate","msg":"end of service update","service":"kube-system/kube-dns","ts":"2021-08-17T17:51:31.398483Z"}
2021-08-17T17:51:31.3987537Z stdout F {"caller":"main.go:267","event":"startUpdate","msg":"start of service update","service":"kube-system/metrics-server","ts":"2021-08-17T17:51:31.3985658Z"}
2021-08-17T17:51:31.3987883Z stdout F {"caller":"main.go:271","event":"endUpdate","msg":"end of service update","service":"kube-system/metrics-server","ts":"2021-08-17T17:51:31.3986764Z"}
