WARNING: Error loading config file: /home/.docker/config.json: Invalid auth configuration file
-- Logs begin at Tue 2021-08-17 17:50:16 UTC, end at Tue 2021-08-17 17:51:29 UTC. --
Aug 17 17:50:16 config-control-plane systemd[1]: Starting containerd container runtime...
Aug 17 17:50:16 config-control-plane systemd[1]: Started containerd container runtime.
Aug 17 17:50:17 config-control-plane systemd[1]: Stopping containerd container runtime...
Aug 17 17:50:17 config-control-plane systemd[1]: containerd.service: Succeeded.
Aug 17 17:50:17 config-control-plane systemd[1]: Stopped containerd container runtime.
Aug 17 17:50:17 config-control-plane systemd[1]: Starting containerd container runtime...
Aug 17 17:50:17 config-control-plane systemd[1]: Started containerd container runtime.
Aug 17 17:50:17 config-control-plane containerd[236]: time="2021-08-17T17:50:17.208518000Z" level=info msg="starting containerd" revision=12dca9790f4cb6b18a6a7a027ce420145cb98ee7 version=v1.5.1
Aug 17 17:50:17 config-control-plane containerd[236]: time="2021-08-17T17:50:17.246697100Z" level=info msg="loading plugin \"io.containerd.content.v1.content\"..." type=io.containerd.content.v1
Aug 17 17:50:17 config-control-plane containerd[236]: time="2021-08-17T17:50:17.246805500Z" level=info msg="loading plugin \"io.containerd.snapshotter.v1.aufs\"..." type=io.containerd.snapshotter.v1
Aug 17 17:50:17 config-control-plane containerd[236]: time="2021-08-17T17:50:17.250303500Z" level=info msg="skip loading plugin \"io.containerd.snapshotter.v1.aufs\"..." error="aufs is not supported (modprobe aufs failed: exit status 1 \"modprobe: FATAL: Module aufs not found in directory /lib/modules/5.10.25-linuxkit\\n\"): skip plugin" type=io.containerd.snapshotter.v1
Aug 17 17:50:17 config-control-plane containerd[236]: time="2021-08-17T17:50:17.250373000Z" level=info msg="loading plugin \"io.containerd.snapshotter.v1.btrfs\"..." type=io.containerd.snapshotter.v1
Aug 17 17:50:17 config-control-plane containerd[236]: time="2021-08-17T17:50:17.251066900Z" level=info msg="skip loading plugin \"io.containerd.snapshotter.v1.btrfs\"..." error="path /var/lib/containerd/io.containerd.snapshotter.v1.btrfs (ext4) must be a btrfs filesystem to be used with the btrfs snapshotter: skip plugin" type=io.containerd.snapshotter.v1
Aug 17 17:50:17 config-control-plane containerd[236]: time="2021-08-17T17:50:17.251156700Z" level=info msg="loading plugin \"io.containerd.snapshotter.v1.devmapper\"..." type=io.containerd.snapshotter.v1
Aug 17 17:50:17 config-control-plane containerd[236]: time="2021-08-17T17:50:17.251220700Z" level=warning msg="failed to load plugin io.containerd.snapshotter.v1.devmapper" error="devmapper not configured"
Aug 17 17:50:17 config-control-plane containerd[236]: time="2021-08-17T17:50:17.253142400Z" level=info msg="loading plugin \"io.containerd.snapshotter.v1.native\"..." type=io.containerd.snapshotter.v1
Aug 17 17:50:17 config-control-plane containerd[236]: time="2021-08-17T17:50:17.253250200Z" level=info msg="loading plugin \"io.containerd.snapshotter.v1.overlayfs\"..." type=io.containerd.snapshotter.v1
Aug 17 17:50:17 config-control-plane containerd[236]: time="2021-08-17T17:50:17.253392900Z" level=info msg="loading plugin \"io.containerd.snapshotter.v1.zfs\"..." type=io.containerd.snapshotter.v1
Aug 17 17:50:17 config-control-plane containerd[236]: time="2021-08-17T17:50:17.253973200Z" level=info msg="skip loading plugin \"io.containerd.snapshotter.v1.zfs\"..." error="path /var/lib/containerd/io.containerd.snapshotter.v1.zfs must be a zfs filesystem to be used with the zfs snapshotter: skip plugin" type=io.containerd.snapshotter.v1
Aug 17 17:50:17 config-control-plane containerd[236]: time="2021-08-17T17:50:17.254023300Z" level=info msg="loading plugin \"io.containerd.metadata.v1.bolt\"..." type=io.containerd.metadata.v1
Aug 17 17:50:17 config-control-plane containerd[236]: time="2021-08-17T17:50:17.254090800Z" level=warning msg="could not use snapshotter devmapper in metadata plugin" error="devmapper not configured"
Aug 17 17:50:17 config-control-plane containerd[236]: time="2021-08-17T17:50:17.254113300Z" level=info msg="metadata content store policy set" policy=shared
Aug 17 17:50:17 config-control-plane containerd[236]: time="2021-08-17T17:50:17.254205600Z" level=info msg="loading plugin \"io.containerd.differ.v1.walking\"..." type=io.containerd.differ.v1
Aug 17 17:50:17 config-control-plane containerd[236]: time="2021-08-17T17:50:17.254239700Z" level=info msg="loading plugin \"io.containerd.gc.v1.scheduler\"..." type=io.containerd.gc.v1
Aug 17 17:50:17 config-control-plane containerd[236]: time="2021-08-17T17:50:17.254300900Z" level=info msg="loading plugin \"io.containerd.service.v1.introspection-service\"..." type=io.containerd.service.v1
Aug 17 17:50:17 config-control-plane containerd[236]: time="2021-08-17T17:50:17.254340800Z" level=info msg="loading plugin \"io.containerd.service.v1.containers-service\"..." type=io.containerd.service.v1
Aug 17 17:50:17 config-control-plane containerd[236]: time="2021-08-17T17:50:17.254360300Z" level=info msg="loading plugin \"io.containerd.service.v1.content-service\"..." type=io.containerd.service.v1
Aug 17 17:50:17 config-control-plane containerd[236]: time="2021-08-17T17:50:17.254385300Z" level=info msg="loading plugin \"io.containerd.service.v1.diff-service\"..." type=io.containerd.service.v1
Aug 17 17:50:17 config-control-plane containerd[236]: time="2021-08-17T17:50:17.254411800Z" level=info msg="loading plugin \"io.containerd.service.v1.images-service\"..." type=io.containerd.service.v1
Aug 17 17:50:17 config-control-plane containerd[236]: time="2021-08-17T17:50:17.254440800Z" level=info msg="loading plugin \"io.containerd.service.v1.leases-service\"..." type=io.containerd.service.v1
Aug 17 17:50:17 config-control-plane containerd[236]: time="2021-08-17T17:50:17.254466500Z" level=info msg="loading plugin \"io.containerd.service.v1.namespaces-service\"..." type=io.containerd.service.v1
Aug 17 17:50:17 config-control-plane containerd[236]: time="2021-08-17T17:50:17.254491200Z" level=info msg="loading plugin \"io.containerd.service.v1.snapshots-service\"..." type=io.containerd.service.v1
Aug 17 17:50:17 config-control-plane containerd[236]: time="2021-08-17T17:50:17.254514600Z" level=info msg="loading plugin \"io.containerd.runtime.v1.linux\"..." type=io.containerd.runtime.v1
Aug 17 17:50:17 config-control-plane containerd[236]: time="2021-08-17T17:50:17.254587000Z" level=info msg="loading plugin \"io.containerd.runtime.v2.task\"..." type=io.containerd.runtime.v2
Aug 17 17:50:17 config-control-plane containerd[236]: time="2021-08-17T17:50:17.254644200Z" level=info msg="loading plugin \"io.containerd.monitor.v1.cgroups\"..." type=io.containerd.monitor.v1
Aug 17 17:50:17 config-control-plane containerd[236]: time="2021-08-17T17:50:17.255221500Z" level=info msg="loading plugin \"io.containerd.service.v1.tasks-service\"..." type=io.containerd.service.v1
Aug 17 17:50:17 config-control-plane containerd[236]: time="2021-08-17T17:50:17.255260200Z" level=info msg="loading plugin \"io.containerd.internal.v1.restart\"..." type=io.containerd.internal.v1
Aug 17 17:50:17 config-control-plane containerd[236]: time="2021-08-17T17:50:17.255322900Z" level=info msg="loading plugin \"io.containerd.grpc.v1.containers\"..." type=io.containerd.grpc.v1
Aug 17 17:50:17 config-control-plane containerd[236]: time="2021-08-17T17:50:17.255349300Z" level=info msg="loading plugin \"io.containerd.grpc.v1.content\"..." type=io.containerd.grpc.v1
Aug 17 17:50:17 config-control-plane containerd[236]: time="2021-08-17T17:50:17.255367900Z" level=info msg="loading plugin \"io.containerd.grpc.v1.diff\"..." type=io.containerd.grpc.v1
Aug 17 17:50:17 config-control-plane containerd[236]: time="2021-08-17T17:50:17.255390600Z" level=info msg="loading plugin \"io.containerd.grpc.v1.events\"..." type=io.containerd.grpc.v1
Aug 17 17:50:17 config-control-plane containerd[236]: time="2021-08-17T17:50:17.255412800Z" level=info msg="loading plugin \"io.containerd.grpc.v1.healthcheck\"..." type=io.containerd.grpc.v1
Aug 17 17:50:17 config-control-plane containerd[236]: time="2021-08-17T17:50:17.255441400Z" level=info msg="loading plugin \"io.containerd.grpc.v1.images\"..." type=io.containerd.grpc.v1
Aug 17 17:50:17 config-control-plane containerd[236]: time="2021-08-17T17:50:17.255464200Z" level=info msg="loading plugin \"io.containerd.grpc.v1.leases\"..." type=io.containerd.grpc.v1
Aug 17 17:50:17 config-control-plane containerd[236]: time="2021-08-17T17:50:17.255489600Z" level=info msg="loading plugin \"io.containerd.grpc.v1.namespaces\"..." type=io.containerd.grpc.v1
Aug 17 17:50:17 config-control-plane containerd[236]: time="2021-08-17T17:50:17.255508500Z" level=info msg="loading plugin \"io.containerd.internal.v1.opt\"..." type=io.containerd.internal.v1
Aug 17 17:50:17 config-control-plane containerd[236]: time="2021-08-17T17:50:17.255587100Z" level=info msg="loading plugin \"io.containerd.grpc.v1.snapshots\"..." type=io.containerd.grpc.v1
Aug 17 17:50:17 config-control-plane containerd[236]: time="2021-08-17T17:50:17.255614800Z" level=info msg="loading plugin \"io.containerd.grpc.v1.tasks\"..." type=io.containerd.grpc.v1
Aug 17 17:50:17 config-control-plane containerd[236]: time="2021-08-17T17:50:17.255640500Z" level=info msg="loading plugin \"io.containerd.grpc.v1.version\"..." type=io.containerd.grpc.v1
Aug 17 17:50:17 config-control-plane containerd[236]: time="2021-08-17T17:50:17.255663600Z" level=info msg="loading plugin \"io.containerd.grpc.v1.cri\"..." type=io.containerd.grpc.v1
Aug 17 17:50:17 config-control-plane containerd[236]: time="2021-08-17T17:50:17.255825200Z" level=warning msg="`mirrors` is deprecated, please use `config_path` instead"
Aug 17 17:50:17 config-control-plane containerd[236]: time="2021-08-17T17:50:17.255991600Z" level=info msg="Start cri plugin with config {PluginConfig:{ContainerdConfig:{Snapshotter:overlayfs DefaultRuntimeName:runc DefaultRuntime:{Type: Engine: PodAnnotations:[] ContainerAnnotations:[] Root: Options:map[] PrivilegedWithoutHostDevices:false BaseRuntimeSpec:} UntrustedWorkloadRuntime:{Type: Engine: PodAnnotations:[] ContainerAnnotations:[] Root: Options:map[] PrivilegedWithoutHostDevices:false BaseRuntimeSpec:} Runtimes:map[runc:{Type:io.containerd.runc.v2 Engine: PodAnnotations:[] ContainerAnnotations:[] Root: Options:map[] PrivilegedWithoutHostDevices:false BaseRuntimeSpec:} test-handler:{Type:io.containerd.runc.v2 Engine: PodAnnotations:[] ContainerAnnotations:[] Root: Options:map[] PrivilegedWithoutHostDevices:false BaseRuntimeSpec:}] NoPivot:false DisableSnapshotAnnotations:true DiscardUnpackedLayers:true} CniConfig:{NetworkPluginBinDir:/opt/cni/bin NetworkPluginConfDir:/etc/cni/net.d NetworkPluginMaxConfNum:1 NetworkPluginConfTemplate:} Registry:{ConfigPath: Mirrors:map[localhost:5000:{Endpoints:[http://kind-registry:5000]}] Configs:map[] Auths:map[] Headers:map[]} ImageDecryption:{KeyModel:node} DisableTCPService:true StreamServerAddress:127.0.0.1 StreamServerPort:0 StreamIdleTimeout:4h0m0s EnableSelinux:false SelinuxCategoryRange:1024 SandboxImage:k8s.gcr.io/pause:3.4.1 StatsCollectPeriod:10 SystemdCgroup:false EnableTLSStreaming:false X509KeyPairStreaming:{TLSCertFile: TLSKeyFile:} MaxContainerLogLineSize:16384 DisableCgroup:false DisableApparmor:false RestrictOOMScoreAdj:false MaxConcurrentDownloads:3 DisableProcMount:false UnsetSeccompProfile: TolerateMissingHugetlbController:true DisableHugetlbController:true IgnoreImageDefinedVolumes:false NetNSMountsUnderStateDir:false} ContainerdRootDir:/var/lib/containerd ContainerdEndpoint:/run/containerd/containerd.sock RootDir:/var/lib/containerd/io.containerd.grpc.v1.cri StateDir:/run/containerd/io.containerd.grpc.v1.cri}"
Aug 17 17:50:17 config-control-plane containerd[236]: time="2021-08-17T17:50:17.256054000Z" level=info msg="Connect containerd service"
Aug 17 17:50:17 config-control-plane containerd[236]: time="2021-08-17T17:50:17.256149100Z" level=info msg="Get image filesystem path \"/var/lib/containerd/io.containerd.snapshotter.v1.overlayfs\""
Aug 17 17:50:17 config-control-plane containerd[236]: time="2021-08-17T17:50:17.258662800Z" level=error msg="failed to load cni during init, please check CRI plugin status before setting up network for pods" error="cni config load failed: no network config found in /etc/cni/net.d: cni plugin not initialized: failed to load cni config"
Aug 17 17:50:17 config-control-plane containerd[236]: time="2021-08-17T17:50:17.258794100Z" level=info msg="loading plugin \"io.containerd.grpc.v1.introspection\"..." type=io.containerd.grpc.v1
Aug 17 17:50:17 config-control-plane containerd[236]: time="2021-08-17T17:50:17.259081800Z" level=info msg="Start subscribing containerd event"
Aug 17 17:50:17 config-control-plane containerd[236]: time="2021-08-17T17:50:17.259483100Z" level=info msg="Start recovering state"
Aug 17 17:50:17 config-control-plane containerd[236]: time="2021-08-17T17:50:17.259509600Z" level=info msg=serving... address=/run/containerd/containerd.sock.ttrpc
Aug 17 17:50:17 config-control-plane containerd[236]: time="2021-08-17T17:50:17.259652700Z" level=info msg=serving... address=/run/containerd/containerd.sock
Aug 17 17:50:17 config-control-plane containerd[236]: time="2021-08-17T17:50:17.259899400Z" level=info msg="containerd successfully booted in 0.068720s"
Aug 17 17:50:17 config-control-plane containerd[236]: time="2021-08-17T17:50:17.261870000Z" level=warning msg="The image docker.io/kindest/kindnetd:v20210326-1e038dc5 is not unpacked."
Aug 17 17:50:17 config-control-plane containerd[236]: time="2021-08-17T17:50:17.265443600Z" level=warning msg="The image docker.io/rancher/local-path-provisioner:v0.0.14 is not unpacked."
Aug 17 17:50:17 config-control-plane containerd[236]: time="2021-08-17T17:50:17.267208700Z" level=warning msg="The image k8s.gcr.io/build-image/debian-base:v2.1.0 is not unpacked."
Aug 17 17:50:17 config-control-plane containerd[236]: time="2021-08-17T17:50:17.268426100Z" level=warning msg="The image k8s.gcr.io/coredns/coredns:v1.8.0 is not unpacked."
Aug 17 17:50:17 config-control-plane containerd[236]: time="2021-08-17T17:50:17.270955600Z" level=warning msg="The image k8s.gcr.io/etcd:3.4.13-0 is not unpacked."
Aug 17 17:50:17 config-control-plane containerd[236]: time="2021-08-17T17:50:17.272775300Z" level=warning msg="The image k8s.gcr.io/kube-apiserver:v1.21.1 is not unpacked."
Aug 17 17:50:17 config-control-plane containerd[236]: time="2021-08-17T17:50:17.273856100Z" level=warning msg="The image k8s.gcr.io/kube-controller-manager:v1.21.1 is not unpacked."
Aug 17 17:50:17 config-control-plane containerd[236]: time="2021-08-17T17:50:17.274934400Z" level=warning msg="The image k8s.gcr.io/kube-proxy:v1.21.1 is not unpacked."
Aug 17 17:50:17 config-control-plane containerd[236]: time="2021-08-17T17:50:17.275872400Z" level=warning msg="The image k8s.gcr.io/kube-scheduler:v1.21.1 is not unpacked."
Aug 17 17:50:17 config-control-plane containerd[236]: time="2021-08-17T17:50:17.276538900Z" level=warning msg="The image k8s.gcr.io/pause:3.4.1 is not unpacked."
Aug 17 17:50:17 config-control-plane containerd[236]: time="2021-08-17T17:50:17.277438900Z" level=warning msg="The image sha256:0369cf4303ffdb467dc219990960a9baa8512a54b0ad9283eaf55bd6c0adb934 is not unpacked."
Aug 17 17:50:17 config-control-plane containerd[236]: time="2021-08-17T17:50:17.278935100Z" level=warning msg="The image sha256:0f8457a4c2ecaceac160805013dc3c61c63a1ff3dee74a473a36249a748e0253 is not unpacked."
Aug 17 17:50:17 config-control-plane containerd[236]: time="2021-08-17T17:50:17.280035000Z" level=warning msg="The image sha256:296a6d5035e2d6919249e02709a488d680ddca91357602bd65e605eac967b899 is not unpacked."
Aug 17 17:50:17 config-control-plane containerd[236]: time="2021-08-17T17:50:17.281261100Z" level=warning msg="The image sha256:3a0115c78c4b13fdfc3cab9b53a5e20c404f0e5afe8bf14a3cc1a920e107a360 is not unpacked."
Aug 17 17:50:17 config-control-plane containerd[236]: time="2021-08-17T17:50:17.282148800Z" level=warning msg="The image sha256:5cc243819b4ff9e1544096205a5dbc5e7d7ec5e49dc77bf8743ed7636a933995 is not unpacked."
Aug 17 17:50:17 config-control-plane containerd[236]: time="2021-08-17T17:50:17.282958900Z" level=warning msg="The image sha256:6de166512aa223315ff9cfd49bd4f13aab1591cd8fc57e31270f0e4aa34129cb is not unpacked."
Aug 17 17:50:17 config-control-plane containerd[236]: time="2021-08-17T17:50:17.284364100Z" level=warning msg="The image sha256:a6aa58804445822d24e0ff31e8faaf47101311d6505b83bc2b93777d809eb375 is not unpacked."
Aug 17 17:50:17 config-control-plane containerd[236]: time="2021-08-17T17:50:17.285144500Z" level=warning msg="The image sha256:c7c6c86897b63067b540640b3b47ba46e0587542fc6511eef3bd1f833e1319e1 is not unpacked."
Aug 17 17:50:17 config-control-plane containerd[236]: time="2021-08-17T17:50:17.285775400Z" level=warning msg="The image sha256:dcd3c2885cca57315a79524ccdd75deffb3ac1377fcc48d619426d18a695492f is not unpacked."
Aug 17 17:50:17 config-control-plane containerd[236]: time="2021-08-17T17:50:17.286681900Z" level=warning msg="The image sha256:e422121c9c5f97623245b7e600eeb5e223ee623f21fa04da985ae71057d8d70b is not unpacked."
Aug 17 17:50:17 config-control-plane containerd[236]: time="2021-08-17T17:50:17.287154700Z" level=info msg="Start event monitor"
Aug 17 17:50:17 config-control-plane containerd[236]: time="2021-08-17T17:50:17.287201000Z" level=info msg="Start snapshots syncer"
Aug 17 17:50:17 config-control-plane containerd[236]: time="2021-08-17T17:50:17.287222000Z" level=info msg="Start cni network conf syncer"
Aug 17 17:50:17 config-control-plane containerd[236]: time="2021-08-17T17:50:17.287241700Z" level=info msg="Start streaming server"
Aug 17 17:50:31 config-control-plane containerd[236]: time="2021-08-17T17:50:31.374949100Z" level=info msg="RunPodsandbox for &PodSandboxMetadata{Name:kube-apiserver-config-control-plane,Uid:6f9f8d44cbdd820f10746e0421ee018f,Namespace:kube-system,Attempt:0,}"
Aug 17 17:50:31 config-control-plane containerd[236]: time="2021-08-17T17:50:31.377438000Z" level=info msg="RunPodsandbox for &PodSandboxMetadata{Name:etcd-config-control-plane,Uid:72c47c236abf4280d9f8b6af5ec1850d,Namespace:kube-system,Attempt:0,}"
Aug 17 17:50:31 config-control-plane containerd[236]: time="2021-08-17T17:50:31.377993400Z" level=info msg="RunPodsandbox for &PodSandboxMetadata{Name:kube-scheduler-config-control-plane,Uid:18ab771e4cf3f5b60acc165ef57a754d,Namespace:kube-system,Attempt:0,}"
Aug 17 17:50:31 config-control-plane containerd[236]: time="2021-08-17T17:50:31.378126800Z" level=info msg="RunPodsandbox for &PodSandboxMetadata{Name:kube-controller-manager-config-control-plane,Uid:bd0bc82861de35a27312a75b3201e56c,Namespace:kube-system,Attempt:0,}"
Aug 17 17:50:31 config-control-plane containerd[236]: time="2021-08-17T17:50:31.437484300Z" level=info msg="starting signal loop" namespace=k8s.io path=/run/containerd/io.containerd.runtime.v2.task/k8s.io/f16183dfb0d48be18a8c3b9453a6eeddbc39a34ee345a6f6b85958cefedcd83c pid=384
Aug 17 17:50:31 config-control-plane containerd[236]: time="2021-08-17T17:50:31.479085000Z" level=info msg="starting signal loop" namespace=k8s.io path=/run/containerd/io.containerd.runtime.v2.task/k8s.io/3a84f9741bd0739d6226bc86f586f669a3e1ff22d60fac4e440bcefb371b95d8 pid=424
Aug 17 17:50:31 config-control-plane containerd[236]: time="2021-08-17T17:50:31.484632900Z" level=info msg="starting signal loop" namespace=k8s.io path=/run/containerd/io.containerd.runtime.v2.task/k8s.io/ab5b486d1653b6e87893a25e0401278bb84ecc9c2df53e51f61c2855a1c0e02a pid=412
Aug 17 17:50:31 config-control-plane containerd[236]: time="2021-08-17T17:50:31.489642800Z" level=info msg="starting signal loop" namespace=k8s.io path=/run/containerd/io.containerd.runtime.v2.task/k8s.io/ccc67969d5457064c06bd5add4fefc25dad9087e6f7babe4274ff334446bd33f pid=441
Aug 17 17:50:31 config-control-plane containerd[236]: time="2021-08-17T17:50:31.781684200Z" level=info msg="RunPodSandbox for &PodSandboxMetadata{Name:kube-controller-manager-config-control-plane,Uid:bd0bc82861de35a27312a75b3201e56c,Namespace:kube-system,Attempt:0,} returns sandbox id \"3a84f9741bd0739d6226bc86f586f669a3e1ff22d60fac4e440bcefb371b95d8\""
Aug 17 17:50:31 config-control-plane containerd[236]: time="2021-08-17T17:50:31.784528300Z" level=info msg="RunPodSandbox for &PodSandboxMetadata{Name:etcd-config-control-plane,Uid:72c47c236abf4280d9f8b6af5ec1850d,Namespace:kube-system,Attempt:0,} returns sandbox id \"ab5b486d1653b6e87893a25e0401278bb84ecc9c2df53e51f61c2855a1c0e02a\""
Aug 17 17:50:31 config-control-plane containerd[236]: time="2021-08-17T17:50:31.784430900Z" level=info msg="RunPodSandbox for &PodSandboxMetadata{Name:kube-apiserver-config-control-plane,Uid:6f9f8d44cbdd820f10746e0421ee018f,Namespace:kube-system,Attempt:0,} returns sandbox id \"f16183dfb0d48be18a8c3b9453a6eeddbc39a34ee345a6f6b85958cefedcd83c\""
Aug 17 17:50:31 config-control-plane containerd[236]: time="2021-08-17T17:50:31.789128500Z" level=info msg="CreateContainer within sandbox \"3a84f9741bd0739d6226bc86f586f669a3e1ff22d60fac4e440bcefb371b95d8\" for container &ContainerMetadata{Name:kube-controller-manager,Attempt:0,}"
Aug 17 17:50:31 config-control-plane containerd[236]: time="2021-08-17T17:50:31.791867000Z" level=info msg="CreateContainer within sandbox \"ab5b486d1653b6e87893a25e0401278bb84ecc9c2df53e51f61c2855a1c0e02a\" for container &ContainerMetadata{Name:etcd,Attempt:0,}"
Aug 17 17:50:31 config-control-plane containerd[236]: time="2021-08-17T17:50:31.793312400Z" level=info msg="CreateContainer within sandbox \"f16183dfb0d48be18a8c3b9453a6eeddbc39a34ee345a6f6b85958cefedcd83c\" for container &ContainerMetadata{Name:kube-apiserver,Attempt:0,}"
Aug 17 17:50:31 config-control-plane containerd[236]: time="2021-08-17T17:50:31.804247700Z" level=info msg="RunPodSandbox for &PodSandboxMetadata{Name:kube-scheduler-config-control-plane,Uid:18ab771e4cf3f5b60acc165ef57a754d,Namespace:kube-system,Attempt:0,} returns sandbox id \"ccc67969d5457064c06bd5add4fefc25dad9087e6f7babe4274ff334446bd33f\""
Aug 17 17:50:31 config-control-plane containerd[236]: time="2021-08-17T17:50:31.811474200Z" level=info msg="CreateContainer within sandbox \"ccc67969d5457064c06bd5add4fefc25dad9087e6f7babe4274ff334446bd33f\" for container &ContainerMetadata{Name:kube-scheduler,Attempt:0,}"
Aug 17 17:50:33 config-control-plane containerd[236]: time="2021-08-17T17:50:33.481949500Z" level=info msg="CreateContainer within sandbox \"ccc67969d5457064c06bd5add4fefc25dad9087e6f7babe4274ff334446bd33f\" for &ContainerMetadata{Name:kube-scheduler,Attempt:0,} returns container id \"7d7281b97c6031ef33412a4e8d443faf96e4cfdec258eb9fceeb4bdaad6bc290\""
Aug 17 17:50:33 config-control-plane containerd[236]: time="2021-08-17T17:50:33.482881300Z" level=info msg="StartContainer for \"7d7281b97c6031ef33412a4e8d443faf96e4cfdec258eb9fceeb4bdaad6bc290\""
Aug 17 17:50:33 config-control-plane containerd[236]: time="2021-08-17T17:50:33.592096900Z" level=info msg="CreateContainer within sandbox \"f16183dfb0d48be18a8c3b9453a6eeddbc39a34ee345a6f6b85958cefedcd83c\" for &ContainerMetadata{Name:kube-apiserver,Attempt:0,} returns container id \"be319aaf5c66e986394134aca43f4bba5be4e3e7355a93b4d8d94eb8dfbd7b9d\""
Aug 17 17:50:33 config-control-plane containerd[236]: time="2021-08-17T17:50:33.593499900Z" level=info msg="StartContainer for \"be319aaf5c66e986394134aca43f4bba5be4e3e7355a93b4d8d94eb8dfbd7b9d\""
Aug 17 17:50:33 config-control-plane containerd[236]: time="2021-08-17T17:50:33.613687000Z" level=info msg="CreateContainer within sandbox \"3a84f9741bd0739d6226bc86f586f669a3e1ff22d60fac4e440bcefb371b95d8\" for &ContainerMetadata{Name:kube-controller-manager,Attempt:0,} returns container id \"289c9de72f9d8dd842cc6153357508bdc5913bf1a65ab4f7c6a16bdc2cb9b932\""
Aug 17 17:50:33 config-control-plane containerd[236]: time="2021-08-17T17:50:33.615260000Z" level=info msg="StartContainer for \"289c9de72f9d8dd842cc6153357508bdc5913bf1a65ab4f7c6a16bdc2cb9b932\""
Aug 17 17:50:33 config-control-plane containerd[236]: time="2021-08-17T17:50:33.617024000Z" level=info msg="StartContainer for \"7d7281b97c6031ef33412a4e8d443faf96e4cfdec258eb9fceeb4bdaad6bc290\" returns successfully"
Aug 17 17:50:33 config-control-plane containerd[236]: time="2021-08-17T17:50:33.894009700Z" level=info msg="StartContainer for \"be319aaf5c66e986394134aca43f4bba5be4e3e7355a93b4d8d94eb8dfbd7b9d\" returns successfully"
Aug 17 17:50:33 config-control-plane containerd[236]: time="2021-08-17T17:50:33.926274900Z" level=info msg="StartContainer for \"289c9de72f9d8dd842cc6153357508bdc5913bf1a65ab4f7c6a16bdc2cb9b932\" returns successfully"
Aug 17 17:50:36 config-control-plane containerd[236]: time="2021-08-17T17:50:36.388200400Z" level=info msg="CreateContainer within sandbox \"ab5b486d1653b6e87893a25e0401278bb84ecc9c2df53e51f61c2855a1c0e02a\" for &ContainerMetadata{Name:etcd,Attempt:0,} returns container id \"84be0e4b680bec3448de5075b79a0b4b0811bdfe3fdb267aca16405ae9d61504\""
Aug 17 17:50:36 config-control-plane containerd[236]: time="2021-08-17T17:50:36.388969200Z" level=info msg="StartContainer for \"84be0e4b680bec3448de5075b79a0b4b0811bdfe3fdb267aca16405ae9d61504\""
Aug 17 17:50:36 config-control-plane containerd[236]: time="2021-08-17T17:50:36.469374000Z" level=info msg="StartContainer for \"84be0e4b680bec3448de5075b79a0b4b0811bdfe3fdb267aca16405ae9d61504\" returns successfully"
Aug 17 17:50:57 config-control-plane containerd[236]: time="2021-08-17T17:50:57.864263900Z" level=info msg="No cni config template is specified, wait for other system components to drop the config."
Aug 17 17:50:58 config-control-plane containerd[236]: time="2021-08-17T17:50:58.766009900Z" level=info msg="RunPodsandbox for &PodSandboxMetadata{Name:kube-proxy-qk46c,Uid:4e49a535-a067-4256-8f9b-544d3bf3fff5,Namespace:kube-system,Attempt:0,}"
Aug 17 17:50:58 config-control-plane containerd[236]: time="2021-08-17T17:50:58.788052200Z" level=info msg="starting signal loop" namespace=k8s.io path=/run/containerd/io.containerd.runtime.v2.task/k8s.io/139449ea11a264a7c824530500320590bf3fc2e5435a2a32b02ba9e7175655f8 pid=1574
Aug 17 17:50:58 config-control-plane containerd[236]: time="2021-08-17T17:50:58.883065900Z" level=info msg="RunPodSandbox for &PodSandboxMetadata{Name:kube-proxy-qk46c,Uid:4e49a535-a067-4256-8f9b-544d3bf3fff5,Namespace:kube-system,Attempt:0,} returns sandbox id \"139449ea11a264a7c824530500320590bf3fc2e5435a2a32b02ba9e7175655f8\""
Aug 17 17:50:58 config-control-plane containerd[236]: time="2021-08-17T17:50:58.886406800Z" level=info msg="CreateContainer within sandbox \"139449ea11a264a7c824530500320590bf3fc2e5435a2a32b02ba9e7175655f8\" for container &ContainerMetadata{Name:kube-proxy,Attempt:0,}"
Aug 17 17:50:59 config-control-plane containerd[236]: time="2021-08-17T17:50:59.094911500Z" level=info msg="RunPodsandbox for &PodSandboxMetadata{Name:kindnet-z8xnr,Uid:9d57ef57-6889-486b-a24b-38c241f5ccec,Namespace:kube-system,Attempt:0,}"
Aug 17 17:50:59 config-control-plane containerd[236]: time="2021-08-17T17:50:59.125967700Z" level=info msg="starting signal loop" namespace=k8s.io path=/run/containerd/io.containerd.runtime.v2.task/k8s.io/bd3d5a4234f5f23861634712833b247999fc0cb64254c18d822f0e2d465a208c pid=1634
Aug 17 17:50:59 config-control-plane containerd[236]: time="2021-08-17T17:50:59.533229200Z" level=info msg="RunPodSandbox for &PodSandboxMetadata{Name:kindnet-z8xnr,Uid:9d57ef57-6889-486b-a24b-38c241f5ccec,Namespace:kube-system,Attempt:0,} returns sandbox id \"bd3d5a4234f5f23861634712833b247999fc0cb64254c18d822f0e2d465a208c\""
Aug 17 17:50:59 config-control-plane containerd[236]: time="2021-08-17T17:50:59.541317700Z" level=info msg="CreateContainer within sandbox \"bd3d5a4234f5f23861634712833b247999fc0cb64254c18d822f0e2d465a208c\" for container &ContainerMetadata{Name:kindnet-cni,Attempt:0,}"
Aug 17 17:51:01 config-control-plane containerd[236]: time="2021-08-17T17:51:01.109777700Z" level=info msg="CreateContainer within sandbox \"139449ea11a264a7c824530500320590bf3fc2e5435a2a32b02ba9e7175655f8\" for &ContainerMetadata{Name:kube-proxy,Attempt:0,} returns container id \"712e432a8609013e0a536b3c458ca4e5769a235145643c55e3b075ebfb2b84c6\""
Aug 17 17:51:01 config-control-plane containerd[236]: time="2021-08-17T17:51:01.111132200Z" level=info msg="StartContainer for \"712e432a8609013e0a536b3c458ca4e5769a235145643c55e3b075ebfb2b84c6\""
Aug 17 17:51:01 config-control-plane containerd[236]: time="2021-08-17T17:51:01.292124300Z" level=info msg="StartContainer for \"712e432a8609013e0a536b3c458ca4e5769a235145643c55e3b075ebfb2b84c6\" returns successfully"
Aug 17 17:51:03 config-control-plane containerd[236]: time="2021-08-17T17:51:03.675448200Z" level=info msg="CreateContainer within sandbox \"bd3d5a4234f5f23861634712833b247999fc0cb64254c18d822f0e2d465a208c\" for &ContainerMetadata{Name:kindnet-cni,Attempt:0,} returns container id \"7e3eb2136b29ff294ad99efe66f41f70780cb24f56979492823bde2ec95abb3e\""
Aug 17 17:51:03 config-control-plane containerd[236]: time="2021-08-17T17:51:03.676527100Z" level=info msg="StartContainer for \"7e3eb2136b29ff294ad99efe66f41f70780cb24f56979492823bde2ec95abb3e\""
Aug 17 17:51:03 config-control-plane containerd[236]: time="2021-08-17T17:51:03.838667700Z" level=info msg="StartContainer for \"7e3eb2136b29ff294ad99efe66f41f70780cb24f56979492823bde2ec95abb3e\" returns successfully"
Aug 17 17:51:04 config-control-plane containerd[236]: time="2021-08-17T17:51:04.348449700Z" level=error msg="failed to reload cni configuration after receiving fs change event(\"/etc/cni/net.d/10-kindnet.conflist.temp\": WRITE)" error="cni config load failed: no network config found in /etc/cni/net.d: cni plugin not initialized: failed to load cni config"
Aug 17 17:51:04 config-control-plane containerd[236]: time="2021-08-17T17:51:04.348797100Z" level=error msg="failed to reload cni configuration after receiving fs change event(\"/etc/cni/net.d/10-kindnet.conflist.temp\": WRITE)" error="cni config load failed: no network config found in /etc/cni/net.d: cni plugin not initialized: failed to load cni config"
Aug 17 17:51:04 config-control-plane containerd[236]: time="2021-08-17T17:51:04.349008200Z" level=error msg="failed to reload cni configuration after receiving fs change event(\"/etc/cni/net.d/10-kindnet.conflist.temp\": WRITE)" error="cni config load failed: no network config found in /etc/cni/net.d: cni plugin not initialized: failed to load cni config"
Aug 17 17:51:04 config-control-plane containerd[236]: time="2021-08-17T17:51:04.349608900Z" level=error msg="failed to reload cni configuration after receiving fs change event(\"/etc/cni/net.d/10-kindnet.conflist.temp\": WRITE)" error="cni config load failed: no network config found in /etc/cni/net.d: cni plugin not initialized: failed to load cni config"
Aug 17 17:51:04 config-control-plane containerd[236]: time="2021-08-17T17:51:04.349886300Z" level=error msg="failed to reload cni configuration after receiving fs change event(\"/etc/cni/net.d/10-kindnet.conflist.temp\": WRITE)" error="cni config load failed: no network config found in /etc/cni/net.d: cni plugin not initialized: failed to load cni config"
Aug 17 17:51:04 config-control-plane containerd[236]: time="2021-08-17T17:51:04.350163600Z" level=error msg="failed to reload cni configuration after receiving fs change event(\"/etc/cni/net.d/10-kindnet.conflist.temp\": WRITE)" error="cni config load failed: no network config found in /etc/cni/net.d: cni plugin not initialized: failed to load cni config"
Aug 17 17:51:04 config-control-plane containerd[236]: time="2021-08-17T17:51:04.350328300Z" level=error msg="failed to reload cni configuration after receiving fs change event(\"/etc/cni/net.d/10-kindnet.conflist.temp\": WRITE)" error="cni config load failed: no network config found in /etc/cni/net.d: cni plugin not initialized: failed to load cni config"
Aug 17 17:51:04 config-control-plane containerd[236]: time="2021-08-17T17:51:04.350567100Z" level=error msg="failed to reload cni configuration after receiving fs change event(\"/etc/cni/net.d/10-kindnet.conflist.temp\": WRITE)" error="cni config load failed: no network config found in /etc/cni/net.d: cni plugin not initialized: failed to load cni config"
Aug 17 17:51:04 config-control-plane containerd[236]: time="2021-08-17T17:51:04.350701000Z" level=error msg="failed to reload cni configuration after receiving fs change event(\"/etc/cni/net.d/10-kindnet.conflist.temp\": WRITE)" error="cni config load failed: no network config found in /etc/cni/net.d: cni plugin not initialized: failed to load cni config"
Aug 17 17:51:04 config-control-plane containerd[236]: time="2021-08-17T17:51:04.350878900Z" level=error msg="failed to reload cni configuration after receiving fs change event(\"/etc/cni/net.d/10-kindnet.conflist.temp\": WRITE)" error="cni config load failed: no network config found in /etc/cni/net.d: cni plugin not initialized: failed to load cni config"
Aug 17 17:51:04 config-control-plane containerd[236]: time="2021-08-17T17:51:04.351076700Z" level=error msg="failed to reload cni configuration after receiving fs change event(\"/etc/cni/net.d/10-kindnet.conflist.temp\": WRITE)" error="cni config load failed: no network config found in /etc/cni/net.d: cni plugin not initialized: failed to load cni config"
Aug 17 17:51:04 config-control-plane containerd[236]: time="2021-08-17T17:51:04.351440000Z" level=error msg="failed to reload cni configuration after receiving fs change event(\"/etc/cni/net.d/10-kindnet.conflist.temp\": WRITE)" error="cni config load failed: no network config found in /etc/cni/net.d: cni plugin not initialized: failed to load cni config"
Aug 17 17:51:04 config-control-plane containerd[236]: time="2021-08-17T17:51:04.351600100Z" level=error msg="failed to reload cni configuration after receiving fs change event(\"/etc/cni/net.d/10-kindnet.conflist.temp\": WRITE)" error="cni config load failed: no network config found in /etc/cni/net.d: cni plugin not initialized: failed to load cni config"
Aug 17 17:51:04 config-control-plane containerd[236]: time="2021-08-17T17:51:04.351837400Z" level=error msg="failed to reload cni configuration after receiving fs change event(\"/etc/cni/net.d/10-kindnet.conflist.temp\": WRITE)" error="cni config load failed: no network config found in /etc/cni/net.d: cni plugin not initialized: failed to load cni config"
Aug 17 17:51:04 config-control-plane containerd[236]: time="2021-08-17T17:51:04.351978700Z" level=error msg="failed to reload cni configuration after receiving fs change event(\"/etc/cni/net.d/10-kindnet.conflist.temp\": WRITE)" error="cni config load failed: no network config found in /etc/cni/net.d: cni plugin not initialized: failed to load cni config"
Aug 17 17:51:16 config-control-plane containerd[236]: time="2021-08-17T17:51:16.808435200Z" level=info msg="RunPodsandbox for &PodSandboxMetadata{Name:metrics-server-99b5b5fc6-89vcp,Uid:3c431678-6cc4-48de-b070-3076f8f49886,Namespace:kube-system,Attempt:0,}"
Aug 17 17:51:16 config-control-plane containerd[236]: time="2021-08-17T17:51:16.902979000Z" level=info msg="starting signal loop" namespace=k8s.io path=/run/containerd/io.containerd.runtime.v2.task/k8s.io/f557bc1ad8dae30f79ac900bb41a94668ac6e2a5b3d860dd4fe47e147d02e659 pid=2756
Aug 17 17:51:17 config-control-plane containerd[236]: time="2021-08-17T17:51:17.087591900Z" level=info msg="RunPodSandbox for &PodSandboxMetadata{Name:metrics-server-99b5b5fc6-89vcp,Uid:3c431678-6cc4-48de-b070-3076f8f49886,Namespace:kube-system,Attempt:0,} returns sandbox id \"f557bc1ad8dae30f79ac900bb41a94668ac6e2a5b3d860dd4fe47e147d02e659\""
Aug 17 17:51:17 config-control-plane containerd[236]: time="2021-08-17T17:51:17.091771400Z" level=info msg="PullImage \"k8s.gcr.io/metrics-server/metrics-server:v0.4.4\""
Aug 17 17:51:18 config-control-plane containerd[236]: time="2021-08-17T17:51:18.796492100Z" level=info msg="RunPodsandbox for &PodSandboxMetadata{Name:controller-fb659dc8-sqvlg,Uid:92338b8a-af32-45ce-8373-9d7dbdadfe5b,Namespace:metallb-system,Attempt:0,}"
Aug 17 17:51:19 config-control-plane containerd[236]: time="2021-08-17T17:51:19.086858100Z" level=info msg="starting signal loop" namespace=k8s.io path=/run/containerd/io.containerd.runtime.v2.task/k8s.io/6dc3b127cb68224f556b100282680a94de022a40c7fb03cf7454feeeffbc710f pid=2864
Aug 17 17:51:19 config-control-plane containerd[236]: time="2021-08-17T17:51:19.096266700Z" level=info msg="RunPodsandbox for &PodSandboxMetadata{Name:speaker-qzsn6,Uid:52c3613d-62d6-44d1-9f6a-19a247675334,Namespace:metallb-system,Attempt:0,}"
Aug 17 17:51:19 config-control-plane containerd[236]: time="2021-08-17T17:51:19.154349200Z" level=info msg="starting signal loop" namespace=k8s.io path=/run/containerd/io.containerd.runtime.v2.task/k8s.io/62c59544fef43ad6b52c43f17fd51499cd9605c69b8df484c9989d1578e93f3a pid=2889
Aug 17 17:51:19 config-control-plane containerd[236]: time="2021-08-17T17:51:19.603664400Z" level=info msg="RunPodSandbox for &PodSandboxMetadata{Name:controller-fb659dc8-sqvlg,Uid:92338b8a-af32-45ce-8373-9d7dbdadfe5b,Namespace:metallb-system,Attempt:0,} returns sandbox id \"6dc3b127cb68224f556b100282680a94de022a40c7fb03cf7454feeeffbc710f\""
Aug 17 17:51:19 config-control-plane containerd[236]: time="2021-08-17T17:51:19.631754300Z" level=info msg="RunPodsandbox for &PodSandboxMetadata{Name:local-path-provisioner-547f784dff-fpkm8,Uid:8dc301c9-f72b-496a-b3e3-0839ad1ae4ac,Namespace:local-path-storage,Attempt:0,}"
Aug 17 17:51:19 config-control-plane containerd[236]: time="2021-08-17T17:51:19.709027600Z" level=info msg="RunPodSandbox for &PodSandboxMetadata{Name:speaker-qzsn6,Uid:52c3613d-62d6-44d1-9f6a-19a247675334,Namespace:metallb-system,Attempt:0,} returns sandbox id \"62c59544fef43ad6b52c43f17fd51499cd9605c69b8df484c9989d1578e93f3a\""
Aug 17 17:51:19 config-control-plane containerd[236]: time="2021-08-17T17:51:19.774911300Z" level=info msg="starting signal loop" namespace=k8s.io path=/run/containerd/io.containerd.runtime.v2.task/k8s.io/eb070c5a00f9b4abdb3526007b6b9b0e5a33943435abe7f92accd7a695464f20 pid=2978
Aug 17 17:51:19 config-control-plane containerd[236]: time="2021-08-17T17:51:19.926575000Z" level=info msg="RunPodsandbox for &PodSandboxMetadata{Name:coredns-558bd4d5db-dsndw,Uid:0164a305-40c5-4f77-b1e0-da7eef569f37,Namespace:kube-system,Attempt:0,}"
Aug 17 17:51:19 config-control-plane containerd[236]: time="2021-08-17T17:51:19.926875000Z" level=info msg="RunPodsandbox for &PodSandboxMetadata{Name:coredns-558bd4d5db-bjv9d,Uid:0ee912e3-fb21-4f32-8661-ff4a58e07ea5,Namespace:kube-system,Attempt:0,}"
Aug 17 17:51:19 config-control-plane containerd[236]: time="2021-08-17T17:51:19.961331100Z" level=info msg="RunPodSandbox for &PodSandboxMetadata{Name:local-path-provisioner-547f784dff-fpkm8,Uid:8dc301c9-f72b-496a-b3e3-0839ad1ae4ac,Namespace:local-path-storage,Attempt:0,} returns sandbox id \"eb070c5a00f9b4abdb3526007b6b9b0e5a33943435abe7f92accd7a695464f20\""
Aug 17 17:51:19 config-control-plane containerd[236]: time="2021-08-17T17:51:19.978687500Z" level=info msg="CreateContainer within sandbox \"eb070c5a00f9b4abdb3526007b6b9b0e5a33943435abe7f92accd7a695464f20\" for container &ContainerMetadata{Name:local-path-provisioner,Attempt:0,}"
Aug 17 17:51:20 config-control-plane containerd[236]: time="2021-08-17T17:51:20.073061300Z" level=info msg="starting signal loop" namespace=k8s.io path=/run/containerd/io.containerd.runtime.v2.task/k8s.io/e0b47ffc697aa4f13b73b26ee4b9d63c8b46cb5b868fb9d406576cc6e0a27d7a pid=3075
Aug 17 17:51:20 config-control-plane containerd[236]: time="2021-08-17T17:51:20.198018900Z" level=info msg="starting signal loop" namespace=k8s.io path=/run/containerd/io.containerd.runtime.v2.task/k8s.io/189a4484c8810490989b7ac9853abe3e7e2c78b391c434d341a85e2149f98856 pid=3103
Aug 17 17:51:20 config-control-plane containerd[236]: time="2021-08-17T17:51:20.407960400Z" level=info msg="RunPodSandbox for &PodSandboxMetadata{Name:coredns-558bd4d5db-dsndw,Uid:0164a305-40c5-4f77-b1e0-da7eef569f37,Namespace:kube-system,Attempt:0,} returns sandbox id \"e0b47ffc697aa4f13b73b26ee4b9d63c8b46cb5b868fb9d406576cc6e0a27d7a\""
Aug 17 17:51:20 config-control-plane containerd[236]: time="2021-08-17T17:51:20.417827700Z" level=info msg="CreateContainer within sandbox \"e0b47ffc697aa4f13b73b26ee4b9d63c8b46cb5b868fb9d406576cc6e0a27d7a\" for container &ContainerMetadata{Name:coredns,Attempt:0,}"
Aug 17 17:51:20 config-control-plane containerd[236]: time="2021-08-17T17:51:20.534265600Z" level=info msg="RunPodSandbox for &PodSandboxMetadata{Name:coredns-558bd4d5db-bjv9d,Uid:0ee912e3-fb21-4f32-8661-ff4a58e07ea5,Namespace:kube-system,Attempt:0,} returns sandbox id \"189a4484c8810490989b7ac9853abe3e7e2c78b391c434d341a85e2149f98856\""
Aug 17 17:51:20 config-control-plane containerd[236]: time="2021-08-17T17:51:20.555358000Z" level=info msg="CreateContainer within sandbox \"189a4484c8810490989b7ac9853abe3e7e2c78b391c434d341a85e2149f98856\" for container &ContainerMetadata{Name:coredns,Attempt:0,}"
Aug 17 17:51:22 config-control-plane containerd[236]: time="2021-08-17T17:51:22.026286900Z" level=info msg="CreateContainer within sandbox \"eb070c5a00f9b4abdb3526007b6b9b0e5a33943435abe7f92accd7a695464f20\" for &ContainerMetadata{Name:local-path-provisioner,Attempt:0,} returns container id \"bd24234dda3e2354d11469e774cc6592c378609955c405055f3b1de8d3c4043b\""
Aug 17 17:51:22 config-control-plane containerd[236]: time="2021-08-17T17:51:22.028701600Z" level=info msg="StartContainer for \"bd24234dda3e2354d11469e774cc6592c378609955c405055f3b1de8d3c4043b\""
Aug 17 17:51:22 config-control-plane containerd[236]: time="2021-08-17T17:51:22.346764500Z" level=info msg="StartContainer for \"bd24234dda3e2354d11469e774cc6592c378609955c405055f3b1de8d3c4043b\" returns successfully"
Aug 17 17:51:22 config-control-plane containerd[236]: time="2021-08-17T17:51:22.467598400Z" level=info msg="CreateContainer within sandbox \"189a4484c8810490989b7ac9853abe3e7e2c78b391c434d341a85e2149f98856\" for &ContainerMetadata{Name:coredns,Attempt:0,} returns container id \"1069979a29c3c4462d3225f599b9fdea9958eaaf4bb46997ac04848b3a10ee7e\""
Aug 17 17:51:22 config-control-plane containerd[236]: time="2021-08-17T17:51:22.470056300Z" level=info msg="StartContainer for \"1069979a29c3c4462d3225f599b9fdea9958eaaf4bb46997ac04848b3a10ee7e\""
Aug 17 17:51:22 config-control-plane containerd[236]: time="2021-08-17T17:51:22.617909900Z" level=info msg="CreateContainer within sandbox \"e0b47ffc697aa4f13b73b26ee4b9d63c8b46cb5b868fb9d406576cc6e0a27d7a\" for &ContainerMetadata{Name:coredns,Attempt:0,} returns container id \"9b464666f55eefbdbe1f296cc2e783bedc43ddca191b672590934459f7aa9557\""
Aug 17 17:51:22 config-control-plane containerd[236]: time="2021-08-17T17:51:22.619289000Z" level=info msg="StartContainer for \"9b464666f55eefbdbe1f296cc2e783bedc43ddca191b672590934459f7aa9557\""
Aug 17 17:51:22 config-control-plane containerd[236]: time="2021-08-17T17:51:22.709603200Z" level=info msg="StartContainer for \"1069979a29c3c4462d3225f599b9fdea9958eaaf4bb46997ac04848b3a10ee7e\" returns successfully"
Aug 17 17:51:22 config-control-plane containerd[236]: time="2021-08-17T17:51:22.859086000Z" level=info msg="StartContainer for \"9b464666f55eefbdbe1f296cc2e783bedc43ddca191b672590934459f7aa9557\" returns successfully"
Aug 17 17:51:22 config-control-plane containerd[236]: time="2021-08-17T17:51:22.922039200Z" level=info msg="ImageCreate event &ImageCreate{Name:k8s.gcr.io/metrics-server/metrics-server:v0.4.4,Labels:map[string]string{io.cri-containerd.image: managed,},XXX_unrecognized:[],}"
Aug 17 17:51:22 config-control-plane containerd[236]: time="2021-08-17T17:51:22.934364700Z" level=info msg="ImageCreate event &ImageCreate{Name:sha256:181172b235b225c5644edae46296bd7c2305c05113e89a9b4274a952546743f4,Labels:map[string]string{io.cri-containerd.image: managed,},XXX_unrecognized:[],}"
Aug 17 17:51:22 config-control-plane containerd[236]: time="2021-08-17T17:51:22.939952000Z" level=info msg="ImageUpdate event &ImageUpdate{Name:k8s.gcr.io/metrics-server/metrics-server:v0.4.4,Labels:map[string]string{io.cri-containerd.image: managed,},XXX_unrecognized:[],}"
Aug 17 17:51:22 config-control-plane containerd[236]: time="2021-08-17T17:51:22.947760200Z" level=info msg="ImageCreate event &ImageCreate{Name:k8s.gcr.io/metrics-server/metrics-server@sha256:f8643f007c8a604388eadbdac43d76b95b56ccd13f7447dd0934b594b9f7b363,Labels:map[string]string{io.cri-containerd.image: managed,},XXX_unrecognized:[],}"
Aug 17 17:51:22 config-control-plane containerd[236]: time="2021-08-17T17:51:22.948161700Z" level=info msg="PullImage \"k8s.gcr.io/metrics-server/metrics-server:v0.4.4\" returns image reference \"sha256:181172b235b225c5644edae46296bd7c2305c05113e89a9b4274a952546743f4\""
Aug 17 17:51:22 config-control-plane containerd[236]: time="2021-08-17T17:51:22.950782100Z" level=info msg="PullImage \"metallb/controller:v0.9.3\""
Aug 17 17:51:22 config-control-plane containerd[236]: time="2021-08-17T17:51:22.952767500Z" level=info msg="CreateContainer within sandbox \"f557bc1ad8dae30f79ac900bb41a94668ac6e2a5b3d860dd4fe47e147d02e659\" for container &ContainerMetadata{Name:metrics-server,Attempt:0,}"
Aug 17 17:51:22 config-control-plane containerd[236]: time="2021-08-17T17:51:22.988786400Z" level=info msg="CreateContainer within sandbox \"f557bc1ad8dae30f79ac900bb41a94668ac6e2a5b3d860dd4fe47e147d02e659\" for &ContainerMetadata{Name:metrics-server,Attempt:0,} returns container id \"1ff59240a067af6cf00a57069ead4c39083c1a9029aaf76f28387e127ed4ac3f\""
Aug 17 17:51:22 config-control-plane containerd[236]: time="2021-08-17T17:51:22.990564100Z" level=info msg="StartContainer for \"1ff59240a067af6cf00a57069ead4c39083c1a9029aaf76f28387e127ed4ac3f\""
Aug 17 17:51:23 config-control-plane containerd[236]: time="2021-08-17T17:51:23.157032300Z" level=info msg="StartContainer for \"1ff59240a067af6cf00a57069ead4c39083c1a9029aaf76f28387e127ed4ac3f\" returns successfully"
Aug 17 17:51:26 config-control-plane containerd[236]: time="2021-08-17T17:51:26.188801500Z" level=info msg="ImageCreate event &ImageCreate{Name:docker.io/metallb/controller:v0.9.3,Labels:map[string]string{io.cri-containerd.image: managed,},XXX_unrecognized:[],}"
Aug 17 17:51:26 config-control-plane containerd[236]: time="2021-08-17T17:51:26.191191700Z" level=info msg="ImageCreate event &ImageCreate{Name:sha256:4715cbeb692895ce6e233bcdb713632775e943eed606a0169f3d46ebf79d2af8,Labels:map[string]string{io.cri-containerd.image: managed,},XXX_unrecognized:[],}"
Aug 17 17:51:26 config-control-plane containerd[236]: time="2021-08-17T17:51:26.193339000Z" level=info msg="ImageUpdate event &ImageUpdate{Name:docker.io/metallb/controller:v0.9.3,Labels:map[string]string{io.cri-containerd.image: managed,},XXX_unrecognized:[],}"
Aug 17 17:51:26 config-control-plane containerd[236]: time="2021-08-17T17:51:26.197338900Z" level=info msg="ImageCreate event &ImageCreate{Name:docker.io/metallb/controller@sha256:c0c6f8655f9c855bc6e10c9a9975413d253b91063e91732021f07eca140797eb,Labels:map[string]string{io.cri-containerd.image: managed,},XXX_unrecognized:[],}"
Aug 17 17:51:26 config-control-plane containerd[236]: time="2021-08-17T17:51:26.198198600Z" level=info msg="PullImage \"metallb/controller:v0.9.3\" returns image reference \"sha256:4715cbeb692895ce6e233bcdb713632775e943eed606a0169f3d46ebf79d2af8\""
Aug 17 17:51:26 config-control-plane containerd[236]: time="2021-08-17T17:51:26.199304700Z" level=info msg="PullImage \"metallb/speaker:v0.9.3\""
Aug 17 17:51:26 config-control-plane containerd[236]: time="2021-08-17T17:51:26.210033900Z" level=info msg="CreateContainer within sandbox \"6dc3b127cb68224f556b100282680a94de022a40c7fb03cf7454feeeffbc710f\" for container &ContainerMetadata{Name:controller,Attempt:0,}"
Aug 17 17:51:26 config-control-plane containerd[236]: time="2021-08-17T17:51:26.295411800Z" level=info msg="CreateContainer within sandbox \"6dc3b127cb68224f556b100282680a94de022a40c7fb03cf7454feeeffbc710f\" for &ContainerMetadata{Name:controller,Attempt:0,} returns container id \"f7e623c560908627d1ab90c76c9293ff55b2aee6a3f4cba9a41fc25435e6f35b\""
Aug 17 17:51:26 config-control-plane containerd[236]: time="2021-08-17T17:51:26.297708700Z" level=info msg="StartContainer for \"f7e623c560908627d1ab90c76c9293ff55b2aee6a3f4cba9a41fc25435e6f35b\""
Aug 17 17:51:26 config-control-plane containerd[236]: time="2021-08-17T17:51:26.445090300Z" level=info msg="StartContainer for \"f7e623c560908627d1ab90c76c9293ff55b2aee6a3f4cba9a41fc25435e6f35b\" returns successfully"
Aug 17 17:51:29 config-control-plane containerd[236]: time="2021-08-17T17:51:29.580168000Z" level=info msg="ImageCreate event &ImageCreate{Name:docker.io/metallb/speaker:v0.9.3,Labels:map[string]string{io.cri-containerd.image: managed,},XXX_unrecognized:[],}"
Aug 17 17:51:29 config-control-plane containerd[236]: time="2021-08-17T17:51:29.585459700Z" level=info msg="ImageCreate event &ImageCreate{Name:sha256:f241be9dae66654ca9c3fc0ade0ac4c042cf360518a77520d196035057644eee,Labels:map[string]string{io.cri-containerd.image: managed,},XXX_unrecognized:[],}"
Aug 17 17:51:29 config-control-plane containerd[236]: time="2021-08-17T17:51:29.588089000Z" level=info msg="ImageUpdate event &ImageUpdate{Name:docker.io/metallb/speaker:v0.9.3,Labels:map[string]string{io.cri-containerd.image: managed,},XXX_unrecognized:[],}"
Aug 17 17:51:29 config-control-plane containerd[236]: time="2021-08-17T17:51:29.590466000Z" level=info msg="ImageCreate event &ImageCreate{Name:docker.io/metallb/speaker@sha256:2b74eca0f25e946e9a1dc4b94b9da067b1fec4244364d266283dfbbab546a629,Labels:map[string]string{io.cri-containerd.image: managed,},XXX_unrecognized:[],}"
Aug 17 17:51:29 config-control-plane containerd[236]: time="2021-08-17T17:51:29.590859500Z" level=info msg="PullImage \"metallb/speaker:v0.9.3\" returns image reference \"sha256:f241be9dae66654ca9c3fc0ade0ac4c042cf360518a77520d196035057644eee\""
Aug 17 17:51:29 config-control-plane containerd[236]: time="2021-08-17T17:51:29.605022200Z" level=info msg="CreateContainer within sandbox \"62c59544fef43ad6b52c43f17fd51499cd9605c69b8df484c9989d1578e93f3a\" for container &ContainerMetadata{Name:speaker,Attempt:0,}"
Aug 17 17:51:29 config-control-plane containerd[236]: time="2021-08-17T17:51:29.699148000Z" level=info msg="CreateContainer within sandbox \"62c59544fef43ad6b52c43f17fd51499cd9605c69b8df484c9989d1578e93f3a\" for &ContainerMetadata{Name:speaker,Attempt:0,} returns container id \"01e641645283cefb85d93bff1868a7b1d70cd2cf9b61c2ca0520795e0d43c5c0\""
Aug 17 17:51:29 config-control-plane containerd[236]: time="2021-08-17T17:51:29.699923800Z" level=info msg="StartContainer for \"01e641645283cefb85d93bff1868a7b1d70cd2cf9b61c2ca0520795e0d43c5c0\""
Aug 17 17:51:29 config-control-plane containerd[236]: time="2021-08-17T17:51:29.999026200Z" level=info msg="StartContainer for \"01e641645283cefb85d93bff1868a7b1d70cd2cf9b61c2ca0520795e0d43c5c0\" returns successfully"
