WARNING: Error loading config file: /home/.docker/config.json: Invalid auth configuration file
INFO: ensuring we can execute mount/umount even with userns-remap
INFO: remounting /sys read-only
INFO: making mounts shared
INFO: detected cgroup v1
INFO: fix cgroup mounts for all subsystems
INFO: clearing and regenerating /etc/machine-id
Initializing machine ID from random generator.
INFO: faking /sys/class/dmi/id/product_name to be "kind"
INFO: faking /sys/class/dmi/id/product_uuid to be random
INFO: faking /sys/devices/virtual/dmi/id/product_uuid as well
INFO: setting iptables to detected mode: legacy
INFO: Detected IPv4 address: 172.18.0.3
INFO: Detected IPv6 address: fc00:f853:ccd:e793::3
[0;1;31mFailed to find module 'autofs4'[0m
systemd 246.6-1ubuntu1.3 running in system mode. (+PAM +AUDIT +SELINUX +IMA +APPARMOR +SMACK +SYSVINIT +UTMP +LIBCRYPTSETUP +GCRYPT +GNUTLS +ACL +XZ +LZ4 +ZSTD +SECCOMP +BLKID +ELFUTILS +KMOD +IDN2 -IDN +PCRE2 default-hierarchy=hybrid)
Detected virtualization docker.
Detected architecture x86-64.
[0;1;31mFailed to create symlink /sys/fs/cgroup/net_prio: File exists[0m
[0;1;31mFailed to create symlink /sys/fs/cgroup/net_cls: File exists[0m
[0;1;31mFailed to create symlink /sys/fs/cgroup/cpuacct: File exists[0m
[0;1;31mFailed to create symlink /sys/fs/cgroup/cpu: File exists[0m

Welcome to [1mUbuntu 20.10[0m!

Set hostname to <config-control-plane>.
Queued start job for default target Graphical Interface.
[[0;32m  OK  [0m] Started [0;1;39mDispatch Password …ts to Console Directory Watch[0m.
[[0;1;38;5;185mUNSUPP[0m] Starting of [0;1;39mArbitrary Exec…Automount Point[0m not supported.
[[0;32m  OK  [0m] Reached target [0;1;39mLocal Encrypted Volumes[0m.
[[0;32m  OK  [0m] Reached target [0;1;39mPaths[0m.
[[0;32m  OK  [0m] Reached target [0;1;39mSlices[0m.
[[0;32m  OK  [0m] Reached target [0;1;39mSwap[0m.
[[0;32m  OK  [0m] Listening on [0;1;39mJournal Audit Socket[0m.
[[0;32m  OK  [0m] Listening on [0;1;39mJournal Socket (/dev/log)[0m.
[[0;32m  OK  [0m] Listening on [0;1;39mJournal Socket[0m.
[[0;32m  OK  [0m] Reached target [0;1;39mSockets[0m.
         Mounting [0;1;39mHuge Pages File System[0m...
         Mounting [0;1;39mKernel Debug File System[0m...
         Mounting [0;1;39mKernel Trace File System[0m...
         Starting [0;1;39mJournal Service[0m...
         Starting [0;1;39mCreate list of st…odes for the current kernel[0m...
         Mounting [0;1;39mFUSE Control File System[0m...
         Starting [0;1;39mRemount Root and Kernel File Systems[0m...
         Starting [0;1;39mApply Kernel Variables[0m...
[[0;32m  OK  [0m] Mounted [0;1;39mHuge Pages File System[0m.
[[0;32m  OK  [0m] Mounted [0;1;39mKernel Debug File System[0m.
[[0;32m  OK  [0m] Mounted [0;1;39mKernel Trace File System[0m.
[[0;32m  OK  [0m] Finished [0;1;39mCreate list of st… nodes for the current kernel[0m.
[[0;32m  OK  [0m] Mounted [0;1;39mFUSE Control File System[0m.
[[0;32m  OK  [0m] Finished [0;1;39mRemount Root and Kernel File Systems[0m.
         Starting [0;1;39mCreate System Users[0m...
         Starting [0;1;39mUpdate UTMP about System Boot/Shutdown[0m...
[[0;32m  OK  [0m] Started [0;1;39mJournal Service[0m.
         Starting [0;1;39mFlush Journal to Persistent Storage[0m...
[[0;32m  OK  [0m] Finished [0;1;39mUpdate UTMP about System Boot/Shutdown[0m.
[[0;32m  OK  [0m] Finished [0;1;39mFlush Journal to Persistent Storage[0m.
[[0;32m  OK  [0m] Finished [0;1;39mApply Kernel Variables[0m.
[[0;32m  OK  [0m] Finished [0;1;39mCreate System Users[0m.
         Starting [0;1;39mCreate Static Device Nodes in /dev[0m...
[[0;32m  OK  [0m] Finished [0;1;39mCreate Static Device Nodes in /dev[0m.
[[0;32m  OK  [0m] Reached target [0;1;39mLocal File Systems (Pre)[0m.
[[0;32m  OK  [0m] Reached target [0;1;39mLocal File Systems[0m.
[[0;32m  OK  [0m] Reached target [0;1;39mSystem Initialization[0m.
[[0;32m  OK  [0m] Started [0;1;39mDaily Cleanup of Temporary Directories[0m.
[[0;32m  OK  [0m] Reached target [0;1;39mBasic System[0m.
[[0;32m  OK  [0m] Reached target [0;1;39mTimers[0m.
         Starting [0;1;39mcontainerd container runtime[0m...
[[0;32m  OK  [0m] Started [0;1;39mcontainerd container runtime[0m.
[[0;32m  OK  [0m] Reached target [0;1;39mMulti-User System[0m.
[[0;32m  OK  [0m] Reached target [0;1;39mGraphical Interface[0m.
         Starting [0;1;39mUpdate UTMP about System Runlevel Changes[0m...
[[0;32m  OK  [0m] Finished [0;1;39mUpdate UTMP about System Runlevel Changes[0m.
