WARNING: Error loading config file: /home/.docker/config.json: Invalid auth configuration file
-- Logs begin at Tue 2021-08-17 17:50:16 UTC, end at Tue 2021-08-17 17:51:30 UTC. --
Aug 17 17:50:16 external-control-plane systemd[1]: Starting containerd container runtime...
Aug 17 17:50:16 external-control-plane systemd[1]: Started containerd container runtime.
Aug 17 17:50:17 external-control-plane containerd[190]: time="2021-08-17T17:50:17.188655400Z" level=info msg="starting containerd" revision=12dca9790f4cb6b18a6a7a027ce420145cb98ee7 version=v1.5.1
Aug 17 17:50:17 external-control-plane containerd[190]: time="2021-08-17T17:50:17.227203100Z" level=info msg="loading plugin \"io.containerd.content.v1.content\"..." type=io.containerd.content.v1
Aug 17 17:50:17 external-control-plane containerd[190]: time="2021-08-17T17:50:17.227282000Z" level=info msg="loading plugin \"io.containerd.snapshotter.v1.aufs\"..." type=io.containerd.snapshotter.v1
Aug 17 17:50:17 external-control-plane containerd[190]: time="2021-08-17T17:50:17.229639500Z" level=info msg="skip loading plugin \"io.containerd.snapshotter.v1.aufs\"..." error="aufs is not supported (modprobe aufs failed: exit status 1 \"modprobe: FATAL: Module aufs not found in directory /lib/modules/5.10.25-linuxkit\\n\"): skip plugin" type=io.containerd.snapshotter.v1
Aug 17 17:50:17 external-control-plane containerd[190]: time="2021-08-17T17:50:17.229691300Z" level=info msg="loading plugin \"io.containerd.snapshotter.v1.btrfs\"..." type=io.containerd.snapshotter.v1
Aug 17 17:50:17 external-control-plane containerd[190]: time="2021-08-17T17:50:17.230088600Z" level=info msg="skip loading plugin \"io.containerd.snapshotter.v1.btrfs\"..." error="path /var/lib/containerd/io.containerd.snapshotter.v1.btrfs (ext4) must be a btrfs filesystem to be used with the btrfs snapshotter: skip plugin" type=io.containerd.snapshotter.v1
Aug 17 17:50:17 external-control-plane containerd[190]: time="2021-08-17T17:50:17.230235900Z" level=info msg="loading plugin \"io.containerd.snapshotter.v1.devmapper\"..." type=io.containerd.snapshotter.v1
Aug 17 17:50:17 external-control-plane containerd[190]: time="2021-08-17T17:50:17.230279800Z" level=warning msg="failed to load plugin io.containerd.snapshotter.v1.devmapper" error="devmapper not configured"
Aug 17 17:50:17 external-control-plane containerd[190]: time="2021-08-17T17:50:17.230311100Z" level=info msg="loading plugin \"io.containerd.snapshotter.v1.native\"..." type=io.containerd.snapshotter.v1
Aug 17 17:50:17 external-control-plane containerd[190]: time="2021-08-17T17:50:17.230353700Z" level=info msg="loading plugin \"io.containerd.snapshotter.v1.overlayfs\"..." type=io.containerd.snapshotter.v1
Aug 17 17:50:17 external-control-plane containerd[190]: time="2021-08-17T17:50:17.230467800Z" level=info msg="loading plugin \"io.containerd.snapshotter.v1.zfs\"..." type=io.containerd.snapshotter.v1
Aug 17 17:50:17 external-control-plane containerd[190]: time="2021-08-17T17:50:17.230784700Z" level=info msg="skip loading plugin \"io.containerd.snapshotter.v1.zfs\"..." error="path /var/lib/containerd/io.containerd.snapshotter.v1.zfs must be a zfs filesystem to be used with the zfs snapshotter: skip plugin" type=io.containerd.snapshotter.v1
Aug 17 17:50:17 external-control-plane containerd[190]: time="2021-08-17T17:50:17.230816200Z" level=info msg="loading plugin \"io.containerd.metadata.v1.bolt\"..." type=io.containerd.metadata.v1
Aug 17 17:50:17 external-control-plane containerd[190]: time="2021-08-17T17:50:17.230845000Z" level=warning msg="could not use snapshotter devmapper in metadata plugin" error="devmapper not configured"
Aug 17 17:50:17 external-control-plane containerd[190]: time="2021-08-17T17:50:17.230865900Z" level=info msg="metadata content store policy set" policy=shared
Aug 17 17:50:17 external-control-plane containerd[190]: time="2021-08-17T17:50:17.230965000Z" level=info msg="loading plugin \"io.containerd.differ.v1.walking\"..." type=io.containerd.differ.v1
Aug 17 17:50:17 external-control-plane containerd[190]: time="2021-08-17T17:50:17.231016800Z" level=info msg="loading plugin \"io.containerd.gc.v1.scheduler\"..." type=io.containerd.gc.v1
Aug 17 17:50:17 external-control-plane containerd[190]: time="2021-08-17T17:50:17.231075600Z" level=info msg="loading plugin \"io.containerd.service.v1.introspection-service\"..." type=io.containerd.service.v1
Aug 17 17:50:17 external-control-plane containerd[190]: time="2021-08-17T17:50:17.231157600Z" level=info msg="loading plugin \"io.containerd.service.v1.containers-service\"..." type=io.containerd.service.v1
Aug 17 17:50:17 external-control-plane containerd[190]: time="2021-08-17T17:50:17.231188000Z" level=info msg="loading plugin \"io.containerd.service.v1.content-service\"..." type=io.containerd.service.v1
Aug 17 17:50:17 external-control-plane containerd[190]: time="2021-08-17T17:50:17.231216100Z" level=info msg="loading plugin \"io.containerd.service.v1.diff-service\"..." type=io.containerd.service.v1
Aug 17 17:50:17 external-control-plane containerd[190]: time="2021-08-17T17:50:17.231238500Z" level=info msg="loading plugin \"io.containerd.service.v1.images-service\"..." type=io.containerd.service.v1
Aug 17 17:50:17 external-control-plane containerd[190]: time="2021-08-17T17:50:17.231262000Z" level=info msg="loading plugin \"io.containerd.service.v1.leases-service\"..." type=io.containerd.service.v1
Aug 17 17:50:17 external-control-plane containerd[190]: time="2021-08-17T17:50:17.231289100Z" level=info msg="loading plugin \"io.containerd.service.v1.namespaces-service\"..." type=io.containerd.service.v1
Aug 17 17:50:17 external-control-plane containerd[190]: time="2021-08-17T17:50:17.231316400Z" level=info msg="loading plugin \"io.containerd.service.v1.snapshots-service\"..." type=io.containerd.service.v1
Aug 17 17:50:17 external-control-plane containerd[190]: time="2021-08-17T17:50:17.231344500Z" level=info msg="loading plugin \"io.containerd.runtime.v1.linux\"..." type=io.containerd.runtime.v1
Aug 17 17:50:17 external-control-plane containerd[190]: time="2021-08-17T17:50:17.231406900Z" level=info msg="loading plugin \"io.containerd.runtime.v2.task\"..." type=io.containerd.runtime.v2
Aug 17 17:50:17 external-control-plane containerd[190]: time="2021-08-17T17:50:17.231490000Z" level=info msg="loading plugin \"io.containerd.monitor.v1.cgroups\"..." type=io.containerd.monitor.v1
Aug 17 17:50:17 external-control-plane containerd[190]: time="2021-08-17T17:50:17.231846400Z" level=info msg="loading plugin \"io.containerd.service.v1.tasks-service\"..." type=io.containerd.service.v1
Aug 17 17:50:17 external-control-plane containerd[190]: time="2021-08-17T17:50:17.231885700Z" level=info msg="loading plugin \"io.containerd.internal.v1.restart\"..." type=io.containerd.internal.v1
Aug 17 17:50:17 external-control-plane containerd[190]: time="2021-08-17T17:50:17.231947100Z" level=info msg="loading plugin \"io.containerd.grpc.v1.containers\"..." type=io.containerd.grpc.v1
Aug 17 17:50:17 external-control-plane containerd[190]: time="2021-08-17T17:50:17.231971400Z" level=info msg="loading plugin \"io.containerd.grpc.v1.content\"..." type=io.containerd.grpc.v1
Aug 17 17:50:17 external-control-plane containerd[190]: time="2021-08-17T17:50:17.231997000Z" level=info msg="loading plugin \"io.containerd.grpc.v1.diff\"..." type=io.containerd.grpc.v1
Aug 17 17:50:17 external-control-plane containerd[190]: time="2021-08-17T17:50:17.232020700Z" level=info msg="loading plugin \"io.containerd.grpc.v1.events\"..." type=io.containerd.grpc.v1
Aug 17 17:50:17 external-control-plane containerd[190]: time="2021-08-17T17:50:17.232047900Z" level=info msg="loading plugin \"io.containerd.grpc.v1.healthcheck\"..." type=io.containerd.grpc.v1
Aug 17 17:50:17 external-control-plane containerd[190]: time="2021-08-17T17:50:17.232116600Z" level=info msg="loading plugin \"io.containerd.grpc.v1.images\"..." type=io.containerd.grpc.v1
Aug 17 17:50:17 external-control-plane containerd[190]: time="2021-08-17T17:50:17.232141300Z" level=info msg="loading plugin \"io.containerd.grpc.v1.leases\"..." type=io.containerd.grpc.v1
Aug 17 17:50:17 external-control-plane containerd[190]: time="2021-08-17T17:50:17.232166100Z" level=info msg="loading plugin \"io.containerd.grpc.v1.namespaces\"..." type=io.containerd.grpc.v1
Aug 17 17:50:17 external-control-plane containerd[190]: time="2021-08-17T17:50:17.232189400Z" level=info msg="loading plugin \"io.containerd.internal.v1.opt\"..." type=io.containerd.internal.v1
Aug 17 17:50:17 external-control-plane containerd[190]: time="2021-08-17T17:50:17.232265800Z" level=info msg="loading plugin \"io.containerd.grpc.v1.snapshots\"..." type=io.containerd.grpc.v1
Aug 17 17:50:17 external-control-plane containerd[190]: time="2021-08-17T17:50:17.232293700Z" level=info msg="loading plugin \"io.containerd.grpc.v1.tasks\"..." type=io.containerd.grpc.v1
Aug 17 17:50:17 external-control-plane containerd[190]: time="2021-08-17T17:50:17.232321400Z" level=info msg="loading plugin \"io.containerd.grpc.v1.version\"..." type=io.containerd.grpc.v1
Aug 17 17:50:17 external-control-plane containerd[190]: time="2021-08-17T17:50:17.232344900Z" level=info msg="loading plugin \"io.containerd.grpc.v1.cri\"..." type=io.containerd.grpc.v1
Aug 17 17:50:17 external-control-plane containerd[190]: time="2021-08-17T17:50:17.232683800Z" level=info msg="Start cri plugin with config {PluginConfig:{ContainerdConfig:{Snapshotter:overlayfs DefaultRuntimeName:runc DefaultRuntime:{Type: Engine: PodAnnotations:[] ContainerAnnotations:[] Root: Options:map[] PrivilegedWithoutHostDevices:false BaseRuntimeSpec:} UntrustedWorkloadRuntime:{Type: Engine: PodAnnotations:[] ContainerAnnotations:[] Root: Options:map[] PrivilegedWithoutHostDevices:false BaseRuntimeSpec:} Runtimes:map[runc:{Type:io.containerd.runc.v2 Engine: PodAnnotations:[] ContainerAnnotations:[] Root: Options:map[] PrivilegedWithoutHostDevices:false BaseRuntimeSpec:} test-handler:{Type:io.containerd.runc.v2 Engine: PodAnnotations:[] ContainerAnnotations:[] Root: Options:map[] PrivilegedWithoutHostDevices:false BaseRuntimeSpec:}] NoPivot:false DisableSnapshotAnnotations:true DiscardUnpackedLayers:true} CniConfig:{NetworkPluginBinDir:/opt/cni/bin NetworkPluginConfDir:/etc/cni/net.d NetworkPluginMaxConfNum:1 NetworkPluginConfTemplate:} Registry:{ConfigPath: Mirrors:map[] Configs:map[] Auths:map[] Headers:map[]} ImageDecryption:{KeyModel:node} DisableTCPService:true StreamServerAddress:127.0.0.1 StreamServerPort:0 StreamIdleTimeout:4h0m0s EnableSelinux:false SelinuxCategoryRange:1024 SandboxImage:k8s.gcr.io/pause:3.4.1 StatsCollectPeriod:10 SystemdCgroup:false EnableTLSStreaming:false X509KeyPairStreaming:{TLSCertFile: TLSKeyFile:} MaxContainerLogLineSize:16384 DisableCgroup:false DisableApparmor:false RestrictOOMScoreAdj:false MaxConcurrentDownloads:3 DisableProcMount:false UnsetSeccompProfile: TolerateMissingHugetlbController:true DisableHugetlbController:true IgnoreImageDefinedVolumes:false NetNSMountsUnderStateDir:false} ContainerdRootDir:/var/lib/containerd ContainerdEndpoint:/run/containerd/containerd.sock RootDir:/var/lib/containerd/io.containerd.grpc.v1.cri StateDir:/run/containerd/io.containerd.grpc.v1.cri}"
Aug 17 17:50:17 external-control-plane containerd[190]: time="2021-08-17T17:50:17.232760100Z" level=info msg="Connect containerd service"
Aug 17 17:50:17 external-control-plane containerd[190]: time="2021-08-17T17:50:17.232825900Z" level=info msg="Get image filesystem path \"/var/lib/containerd/io.containerd.snapshotter.v1.overlayfs\""
Aug 17 17:50:17 external-control-plane containerd[190]: time="2021-08-17T17:50:17.233414800Z" level=error msg="failed to load cni during init, please check CRI plugin status before setting up network for pods" error="cni config load failed: no network config found in /etc/cni/net.d: cni plugin not initialized: failed to load cni config"
Aug 17 17:50:17 external-control-plane containerd[190]: time="2021-08-17T17:50:17.233476400Z" level=info msg="loading plugin \"io.containerd.grpc.v1.introspection\"..." type=io.containerd.grpc.v1
Aug 17 17:50:17 external-control-plane containerd[190]: time="2021-08-17T17:50:17.233672500Z" level=info msg="Start subscribing containerd event"
Aug 17 17:50:17 external-control-plane containerd[190]: time="2021-08-17T17:50:17.233734300Z" level=info msg=serving... address=/run/containerd/containerd.sock.ttrpc
Aug 17 17:50:17 external-control-plane containerd[190]: time="2021-08-17T17:50:17.234741000Z" level=info msg="Start recovering state"
Aug 17 17:50:17 external-control-plane containerd[190]: time="2021-08-17T17:50:17.235107800Z" level=info msg=serving... address=/run/containerd/containerd.sock
Aug 17 17:50:17 external-control-plane containerd[190]: time="2021-08-17T17:50:17.235306600Z" level=info msg="containerd successfully booted in 0.050951s"
Aug 17 17:50:17 external-control-plane containerd[190]: time="2021-08-17T17:50:17.241830100Z" level=warning msg="The image docker.io/kindest/kindnetd:v20210326-1e038dc5 is not unpacked."
Aug 17 17:50:17 external-control-plane containerd[190]: time="2021-08-17T17:50:17.243359500Z" level=warning msg="The image docker.io/rancher/local-path-provisioner:v0.0.14 is not unpacked."
Aug 17 17:50:17 external-control-plane containerd[190]: time="2021-08-17T17:50:17.244535900Z" level=warning msg="The image k8s.gcr.io/build-image/debian-base:v2.1.0 is not unpacked."
Aug 17 17:50:17 external-control-plane containerd[190]: time="2021-08-17T17:50:17.245467500Z" level=warning msg="The image k8s.gcr.io/coredns/coredns:v1.8.0 is not unpacked."
Aug 17 17:50:17 external-control-plane containerd[190]: time="2021-08-17T17:50:17.246642400Z" level=warning msg="The image k8s.gcr.io/etcd:3.4.13-0 is not unpacked."
Aug 17 17:50:17 external-control-plane containerd[190]: time="2021-08-17T17:50:17.247345600Z" level=warning msg="The image k8s.gcr.io/kube-apiserver:v1.21.1 is not unpacked."
Aug 17 17:50:17 external-control-plane containerd[190]: time="2021-08-17T17:50:17.247824500Z" level=warning msg="The image k8s.gcr.io/kube-controller-manager:v1.21.1 is not unpacked."
Aug 17 17:50:17 external-control-plane containerd[190]: time="2021-08-17T17:50:17.251747400Z" level=warning msg="The image k8s.gcr.io/kube-proxy:v1.21.1 is not unpacked."
Aug 17 17:50:17 external-control-plane containerd[190]: time="2021-08-17T17:50:17.252579100Z" level=warning msg="The image k8s.gcr.io/kube-scheduler:v1.21.1 is not unpacked."
Aug 17 17:50:17 external-control-plane containerd[190]: time="2021-08-17T17:50:17.253348000Z" level=warning msg="The image k8s.gcr.io/pause:3.4.1 is not unpacked."
Aug 17 17:50:17 external-control-plane containerd[190]: time="2021-08-17T17:50:17.254607300Z" level=warning msg="The image sha256:0369cf4303ffdb467dc219990960a9baa8512a54b0ad9283eaf55bd6c0adb934 is not unpacked."
Aug 17 17:50:17 external-control-plane containerd[190]: time="2021-08-17T17:50:17.258971000Z" level=warning msg="The image sha256:0f8457a4c2ecaceac160805013dc3c61c63a1ff3dee74a473a36249a748e0253 is not unpacked."
Aug 17 17:50:17 external-control-plane containerd[190]: time="2021-08-17T17:50:17.263540600Z" level=warning msg="The image sha256:296a6d5035e2d6919249e02709a488d680ddca91357602bd65e605eac967b899 is not unpacked."
Aug 17 17:50:17 external-control-plane containerd[190]: time="2021-08-17T17:50:17.264845000Z" level=warning msg="The image sha256:3a0115c78c4b13fdfc3cab9b53a5e20c404f0e5afe8bf14a3cc1a920e107a360 is not unpacked."
Aug 17 17:50:17 external-control-plane containerd[190]: time="2021-08-17T17:50:17.265463600Z" level=warning msg="The image sha256:5cc243819b4ff9e1544096205a5dbc5e7d7ec5e49dc77bf8743ed7636a933995 is not unpacked."
Aug 17 17:50:17 external-control-plane containerd[190]: time="2021-08-17T17:50:17.266297600Z" level=warning msg="The image sha256:6de166512aa223315ff9cfd49bd4f13aab1591cd8fc57e31270f0e4aa34129cb is not unpacked."
Aug 17 17:50:17 external-control-plane containerd[190]: time="2021-08-17T17:50:17.267420000Z" level=warning msg="The image sha256:a6aa58804445822d24e0ff31e8faaf47101311d6505b83bc2b93777d809eb375 is not unpacked."
Aug 17 17:50:17 external-control-plane containerd[190]: time="2021-08-17T17:50:17.270470000Z" level=warning msg="The image sha256:c7c6c86897b63067b540640b3b47ba46e0587542fc6511eef3bd1f833e1319e1 is not unpacked."
Aug 17 17:50:17 external-control-plane containerd[190]: time="2021-08-17T17:50:17.271240700Z" level=warning msg="The image sha256:dcd3c2885cca57315a79524ccdd75deffb3ac1377fcc48d619426d18a695492f is not unpacked."
Aug 17 17:50:17 external-control-plane containerd[190]: time="2021-08-17T17:50:17.271928500Z" level=warning msg="The image sha256:e422121c9c5f97623245b7e600eeb5e223ee623f21fa04da985ae71057d8d70b is not unpacked."
Aug 17 17:50:17 external-control-plane containerd[190]: time="2021-08-17T17:50:17.272616800Z" level=info msg="Start event monitor"
Aug 17 17:50:17 external-control-plane containerd[190]: time="2021-08-17T17:50:17.272648900Z" level=info msg="Start snapshots syncer"
Aug 17 17:50:17 external-control-plane containerd[190]: time="2021-08-17T17:50:17.272674900Z" level=info msg="Start cni network conf syncer"
Aug 17 17:50:17 external-control-plane containerd[190]: time="2021-08-17T17:50:17.272692600Z" level=info msg="Start streaming server"
Aug 17 17:50:18 external-control-plane systemd[1]: Stopping containerd container runtime...
Aug 17 17:50:18 external-control-plane containerd[190]: time="2021-08-17T17:50:18.004523100Z" level=info msg="Stop CRI service"
Aug 17 17:50:18 external-control-plane systemd[1]: containerd.service: Succeeded.
Aug 17 17:50:18 external-control-plane systemd[1]: Stopped containerd container runtime.
Aug 17 17:50:18 external-control-plane systemd[1]: Starting containerd container runtime...
Aug 17 17:50:18 external-control-plane systemd[1]: Started containerd container runtime.
Aug 17 17:50:18 external-control-plane containerd[250]: time="2021-08-17T17:50:18.048922000Z" level=info msg="starting containerd" revision=12dca9790f4cb6b18a6a7a027ce420145cb98ee7 version=v1.5.1
Aug 17 17:50:18 external-control-plane containerd[250]: time="2021-08-17T17:50:18.097974700Z" level=info msg="loading plugin \"io.containerd.content.v1.content\"..." type=io.containerd.content.v1
Aug 17 17:50:18 external-control-plane containerd[250]: time="2021-08-17T17:50:18.098067400Z" level=info msg="loading plugin \"io.containerd.snapshotter.v1.aufs\"..." type=io.containerd.snapshotter.v1
Aug 17 17:50:18 external-control-plane containerd[250]: time="2021-08-17T17:50:18.100663400Z" level=info msg="skip loading plugin \"io.containerd.snapshotter.v1.aufs\"..." error="aufs is not supported (modprobe aufs failed: exit status 1 \"modprobe: FATAL: Module aufs not found in directory /lib/modules/5.10.25-linuxkit\\n\"): skip plugin" type=io.containerd.snapshotter.v1
Aug 17 17:50:18 external-control-plane containerd[250]: time="2021-08-17T17:50:18.100741100Z" level=info msg="loading plugin \"io.containerd.snapshotter.v1.btrfs\"..." type=io.containerd.snapshotter.v1
Aug 17 17:50:18 external-control-plane containerd[250]: time="2021-08-17T17:50:18.101213500Z" level=info msg="skip loading plugin \"io.containerd.snapshotter.v1.btrfs\"..." error="path /var/lib/containerd/io.containerd.snapshotter.v1.btrfs (ext4) must be a btrfs filesystem to be used with the btrfs snapshotter: skip plugin" type=io.containerd.snapshotter.v1
Aug 17 17:50:18 external-control-plane containerd[250]: time="2021-08-17T17:50:18.101257900Z" level=info msg="loading plugin \"io.containerd.snapshotter.v1.devmapper\"..." type=io.containerd.snapshotter.v1
Aug 17 17:50:18 external-control-plane containerd[250]: time="2021-08-17T17:50:18.101301600Z" level=warning msg="failed to load plugin io.containerd.snapshotter.v1.devmapper" error="devmapper not configured"
Aug 17 17:50:18 external-control-plane containerd[250]: time="2021-08-17T17:50:18.101325800Z" level=info msg="loading plugin \"io.containerd.snapshotter.v1.native\"..." type=io.containerd.snapshotter.v1
Aug 17 17:50:18 external-control-plane containerd[250]: time="2021-08-17T17:50:18.101364000Z" level=info msg="loading plugin \"io.containerd.snapshotter.v1.overlayfs\"..." type=io.containerd.snapshotter.v1
Aug 17 17:50:18 external-control-plane containerd[250]: time="2021-08-17T17:50:18.101477700Z" level=info msg="loading plugin \"io.containerd.snapshotter.v1.zfs\"..." type=io.containerd.snapshotter.v1
Aug 17 17:50:18 external-control-plane containerd[250]: time="2021-08-17T17:50:18.101786600Z" level=info msg="skip loading plugin \"io.containerd.snapshotter.v1.zfs\"..." error="path /var/lib/containerd/io.containerd.snapshotter.v1.zfs must be a zfs filesystem to be used with the zfs snapshotter: skip plugin" type=io.containerd.snapshotter.v1
Aug 17 17:50:18 external-control-plane containerd[250]: time="2021-08-17T17:50:18.101831400Z" level=info msg="loading plugin \"io.containerd.metadata.v1.bolt\"..." type=io.containerd.metadata.v1
Aug 17 17:50:18 external-control-plane containerd[250]: time="2021-08-17T17:50:18.101858800Z" level=warning msg="could not use snapshotter devmapper in metadata plugin" error="devmapper not configured"
Aug 17 17:50:18 external-control-plane containerd[250]: time="2021-08-17T17:50:18.101882600Z" level=info msg="metadata content store policy set" policy=shared
Aug 17 17:50:18 external-control-plane containerd[250]: time="2021-08-17T17:50:18.102106100Z" level=info msg="loading plugin \"io.containerd.differ.v1.walking\"..." type=io.containerd.differ.v1
Aug 17 17:50:18 external-control-plane containerd[250]: time="2021-08-17T17:50:18.102139600Z" level=info msg="loading plugin \"io.containerd.gc.v1.scheduler\"..." type=io.containerd.gc.v1
Aug 17 17:50:18 external-control-plane containerd[250]: time="2021-08-17T17:50:18.102205800Z" level=info msg="loading plugin \"io.containerd.service.v1.introspection-service\"..." type=io.containerd.service.v1
Aug 17 17:50:18 external-control-plane containerd[250]: time="2021-08-17T17:50:18.102252800Z" level=info msg="loading plugin \"io.containerd.service.v1.containers-service\"..." type=io.containerd.service.v1
Aug 17 17:50:18 external-control-plane containerd[250]: time="2021-08-17T17:50:18.102385300Z" level=info msg="loading plugin \"io.containerd.service.v1.content-service\"..." type=io.containerd.service.v1
Aug 17 17:50:18 external-control-plane containerd[250]: time="2021-08-17T17:50:18.102406600Z" level=info msg="loading plugin \"io.containerd.service.v1.diff-service\"..." type=io.containerd.service.v1
Aug 17 17:50:18 external-control-plane containerd[250]: time="2021-08-17T17:50:18.102428700Z" level=info msg="loading plugin \"io.containerd.service.v1.images-service\"..." type=io.containerd.service.v1
Aug 17 17:50:18 external-control-plane containerd[250]: time="2021-08-17T17:50:18.102452600Z" level=info msg="loading plugin \"io.containerd.service.v1.leases-service\"..." type=io.containerd.service.v1
Aug 17 17:50:18 external-control-plane containerd[250]: time="2021-08-17T17:50:18.102475200Z" level=info msg="loading plugin \"io.containerd.service.v1.namespaces-service\"..." type=io.containerd.service.v1
Aug 17 17:50:18 external-control-plane containerd[250]: time="2021-08-17T17:50:18.102506200Z" level=info msg="loading plugin \"io.containerd.service.v1.snapshots-service\"..." type=io.containerd.service.v1
Aug 17 17:50:18 external-control-plane containerd[250]: time="2021-08-17T17:50:18.102532000Z" level=info msg="loading plugin \"io.containerd.runtime.v1.linux\"..." type=io.containerd.runtime.v1
Aug 17 17:50:18 external-control-plane containerd[250]: time="2021-08-17T17:50:18.102599800Z" level=info msg="loading plugin \"io.containerd.runtime.v2.task\"..." type=io.containerd.runtime.v2
Aug 17 17:50:18 external-control-plane containerd[250]: time="2021-08-17T17:50:18.102702700Z" level=info msg="loading plugin \"io.containerd.monitor.v1.cgroups\"..." type=io.containerd.monitor.v1
Aug 17 17:50:18 external-control-plane containerd[250]: time="2021-08-17T17:50:18.103358400Z" level=info msg="loading plugin \"io.containerd.service.v1.tasks-service\"..." type=io.containerd.service.v1
Aug 17 17:50:18 external-control-plane containerd[250]: time="2021-08-17T17:50:18.103411800Z" level=info msg="loading plugin \"io.containerd.internal.v1.restart\"..." type=io.containerd.internal.v1
Aug 17 17:50:18 external-control-plane containerd[250]: time="2021-08-17T17:50:18.103513600Z" level=info msg="loading plugin \"io.containerd.grpc.v1.containers\"..." type=io.containerd.grpc.v1
Aug 17 17:50:18 external-control-plane containerd[250]: time="2021-08-17T17:50:18.103544800Z" level=info msg="loading plugin \"io.containerd.grpc.v1.content\"..." type=io.containerd.grpc.v1
Aug 17 17:50:18 external-control-plane containerd[250]: time="2021-08-17T17:50:18.103579000Z" level=info msg="loading plugin \"io.containerd.grpc.v1.diff\"..." type=io.containerd.grpc.v1
Aug 17 17:50:18 external-control-plane containerd[250]: time="2021-08-17T17:50:18.103608700Z" level=info msg="loading plugin \"io.containerd.grpc.v1.events\"..." type=io.containerd.grpc.v1
Aug 17 17:50:18 external-control-plane containerd[250]: time="2021-08-17T17:50:18.103639300Z" level=info msg="loading plugin \"io.containerd.grpc.v1.healthcheck\"..." type=io.containerd.grpc.v1
Aug 17 17:50:18 external-control-plane containerd[250]: time="2021-08-17T17:50:18.103709200Z" level=info msg="loading plugin \"io.containerd.grpc.v1.images\"..." type=io.containerd.grpc.v1
Aug 17 17:50:18 external-control-plane containerd[250]: time="2021-08-17T17:50:18.103744200Z" level=info msg="loading plugin \"io.containerd.grpc.v1.leases\"..." type=io.containerd.grpc.v1
Aug 17 17:50:18 external-control-plane containerd[250]: time="2021-08-17T17:50:18.103833500Z" level=info msg="loading plugin \"io.containerd.grpc.v1.namespaces\"..." type=io.containerd.grpc.v1
Aug 17 17:50:18 external-control-plane containerd[250]: time="2021-08-17T17:50:18.103895800Z" level=info msg="loading plugin \"io.containerd.internal.v1.opt\"..." type=io.containerd.internal.v1
Aug 17 17:50:18 external-control-plane containerd[250]: time="2021-08-17T17:50:18.103954100Z" level=info msg="loading plugin \"io.containerd.grpc.v1.snapshots\"..." type=io.containerd.grpc.v1
Aug 17 17:50:18 external-control-plane containerd[250]: time="2021-08-17T17:50:18.103990200Z" level=info msg="loading plugin \"io.containerd.grpc.v1.tasks\"..." type=io.containerd.grpc.v1
Aug 17 17:50:18 external-control-plane containerd[250]: time="2021-08-17T17:50:18.104021700Z" level=info msg="loading plugin \"io.containerd.grpc.v1.version\"..." type=io.containerd.grpc.v1
Aug 17 17:50:18 external-control-plane containerd[250]: time="2021-08-17T17:50:18.104098800Z" level=info msg="loading plugin \"io.containerd.grpc.v1.cri\"..." type=io.containerd.grpc.v1
Aug 17 17:50:18 external-control-plane containerd[250]: time="2021-08-17T17:50:18.104325500Z" level=warning msg="`mirrors` is deprecated, please use `config_path` instead"
Aug 17 17:50:18 external-control-plane containerd[250]: time="2021-08-17T17:50:18.104455900Z" level=info msg="Start cri plugin with config {PluginConfig:{ContainerdConfig:{Snapshotter:overlayfs DefaultRuntimeName:runc DefaultRuntime:{Type: Engine: PodAnnotations:[] ContainerAnnotations:[] Root: Options:map[] PrivilegedWithoutHostDevices:false BaseRuntimeSpec:} UntrustedWorkloadRuntime:{Type: Engine: PodAnnotations:[] ContainerAnnotations:[] Root: Options:map[] PrivilegedWithoutHostDevices:false BaseRuntimeSpec:} Runtimes:map[runc:{Type:io.containerd.runc.v2 Engine: PodAnnotations:[] ContainerAnnotations:[] Root: Options:map[] PrivilegedWithoutHostDevices:false BaseRuntimeSpec:} test-handler:{Type:io.containerd.runc.v2 Engine: PodAnnotations:[] ContainerAnnotations:[] Root: Options:map[] PrivilegedWithoutHostDevices:false BaseRuntimeSpec:}] NoPivot:false DisableSnapshotAnnotations:true DiscardUnpackedLayers:true} CniConfig:{NetworkPluginBinDir:/opt/cni/bin NetworkPluginConfDir:/etc/cni/net.d NetworkPluginMaxConfNum:1 NetworkPluginConfTemplate:} Registry:{ConfigPath: Mirrors:map[localhost:5000:{Endpoints:[http://kind-registry:5000]}] Configs:map[] Auths:map[] Headers:map[]} ImageDecryption:{KeyModel:node} DisableTCPService:true StreamServerAddress:127.0.0.1 StreamServerPort:0 StreamIdleTimeout:4h0m0s EnableSelinux:false SelinuxCategoryRange:1024 SandboxImage:k8s.gcr.io/pause:3.4.1 StatsCollectPeriod:10 SystemdCgroup:false EnableTLSStreaming:false X509KeyPairStreaming:{TLSCertFile: TLSKeyFile:} MaxContainerLogLineSize:16384 DisableCgroup:false DisableApparmor:false RestrictOOMScoreAdj:false MaxConcurrentDownloads:3 DisableProcMount:false UnsetSeccompProfile: TolerateMissingHugetlbController:true DisableHugetlbController:true IgnoreImageDefinedVolumes:false NetNSMountsUnderStateDir:false} ContainerdRootDir:/var/lib/containerd ContainerdEndpoint:/run/containerd/containerd.sock RootDir:/var/lib/containerd/io.containerd.grpc.v1.cri StateDir:/run/containerd/io.containerd.grpc.v1.cri}"
Aug 17 17:50:18 external-control-plane containerd[250]: time="2021-08-17T17:50:18.104658800Z" level=info msg="Connect containerd service"
Aug 17 17:50:18 external-control-plane containerd[250]: time="2021-08-17T17:50:18.104718200Z" level=info msg="Get image filesystem path \"/var/lib/containerd/io.containerd.snapshotter.v1.overlayfs\""
Aug 17 17:50:18 external-control-plane containerd[250]: time="2021-08-17T17:50:18.105357700Z" level=error msg="failed to load cni during init, please check CRI plugin status before setting up network for pods" error="cni config load failed: no network config found in /etc/cni/net.d: cni plugin not initialized: failed to load cni config"
Aug 17 17:50:18 external-control-plane containerd[250]: time="2021-08-17T17:50:18.105447300Z" level=info msg="loading plugin \"io.containerd.grpc.v1.introspection\"..." type=io.containerd.grpc.v1
Aug 17 17:50:18 external-control-plane containerd[250]: time="2021-08-17T17:50:18.105561500Z" level=info msg="Start subscribing containerd event"
Aug 17 17:50:18 external-control-plane containerd[250]: time="2021-08-17T17:50:18.105625700Z" level=info msg="Start recovering state"
Aug 17 17:50:18 external-control-plane containerd[250]: time="2021-08-17T17:50:18.106557200Z" level=info msg=serving... address=/run/containerd/containerd.sock.ttrpc
Aug 17 17:50:18 external-control-plane containerd[250]: time="2021-08-17T17:50:18.107419700Z" level=info msg=serving... address=/run/containerd/containerd.sock
Aug 17 17:50:18 external-control-plane containerd[250]: time="2021-08-17T17:50:18.107500100Z" level=info msg="containerd successfully booted in 0.059810s"
Aug 17 17:50:18 external-control-plane containerd[250]: time="2021-08-17T17:50:18.107908400Z" level=warning msg="The image docker.io/kindest/kindnetd:v20210326-1e038dc5 is not unpacked."
Aug 17 17:50:18 external-control-plane containerd[250]: time="2021-08-17T17:50:18.110378900Z" level=warning msg="The image docker.io/rancher/local-path-provisioner:v0.0.14 is not unpacked."
Aug 17 17:50:18 external-control-plane containerd[250]: time="2021-08-17T17:50:18.112639600Z" level=warning msg="The image k8s.gcr.io/build-image/debian-base:v2.1.0 is not unpacked."
Aug 17 17:50:18 external-control-plane containerd[250]: time="2021-08-17T17:50:18.114894800Z" level=warning msg="The image k8s.gcr.io/coredns/coredns:v1.8.0 is not unpacked."
Aug 17 17:50:18 external-control-plane containerd[250]: time="2021-08-17T17:50:18.115822500Z" level=warning msg="The image k8s.gcr.io/etcd:3.4.13-0 is not unpacked."
Aug 17 17:50:18 external-control-plane containerd[250]: time="2021-08-17T17:50:18.116630400Z" level=warning msg="The image k8s.gcr.io/kube-apiserver:v1.21.1 is not unpacked."
Aug 17 17:50:18 external-control-plane containerd[250]: time="2021-08-17T17:50:18.117193800Z" level=warning msg="The image k8s.gcr.io/kube-controller-manager:v1.21.1 is not unpacked."
Aug 17 17:50:18 external-control-plane containerd[250]: time="2021-08-17T17:50:18.117752000Z" level=warning msg="The image k8s.gcr.io/kube-proxy:v1.21.1 is not unpacked."
Aug 17 17:50:18 external-control-plane containerd[250]: time="2021-08-17T17:50:18.118480200Z" level=warning msg="The image k8s.gcr.io/kube-scheduler:v1.21.1 is not unpacked."
Aug 17 17:50:18 external-control-plane containerd[250]: time="2021-08-17T17:50:18.119243100Z" level=warning msg="The image k8s.gcr.io/pause:3.4.1 is not unpacked."
Aug 17 17:50:18 external-control-plane containerd[250]: time="2021-08-17T17:50:18.120723400Z" level=warning msg="The image sha256:0369cf4303ffdb467dc219990960a9baa8512a54b0ad9283eaf55bd6c0adb934 is not unpacked."
Aug 17 17:50:18 external-control-plane containerd[250]: time="2021-08-17T17:50:18.125167900Z" level=warning msg="The image sha256:0f8457a4c2ecaceac160805013dc3c61c63a1ff3dee74a473a36249a748e0253 is not unpacked."
Aug 17 17:50:18 external-control-plane containerd[250]: time="2021-08-17T17:50:18.126457900Z" level=warning msg="The image sha256:296a6d5035e2d6919249e02709a488d680ddca91357602bd65e605eac967b899 is not unpacked."
Aug 17 17:50:18 external-control-plane containerd[250]: time="2021-08-17T17:50:18.127025600Z" level=warning msg="The image sha256:3a0115c78c4b13fdfc3cab9b53a5e20c404f0e5afe8bf14a3cc1a920e107a360 is not unpacked."
Aug 17 17:50:18 external-control-plane containerd[250]: time="2021-08-17T17:50:18.127667600Z" level=warning msg="The image sha256:5cc243819b4ff9e1544096205a5dbc5e7d7ec5e49dc77bf8743ed7636a933995 is not unpacked."
Aug 17 17:50:18 external-control-plane containerd[250]: time="2021-08-17T17:50:18.128328600Z" level=warning msg="The image sha256:6de166512aa223315ff9cfd49bd4f13aab1591cd8fc57e31270f0e4aa34129cb is not unpacked."
Aug 17 17:50:18 external-control-plane containerd[250]: time="2021-08-17T17:50:18.129140900Z" level=warning msg="The image sha256:a6aa58804445822d24e0ff31e8faaf47101311d6505b83bc2b93777d809eb375 is not unpacked."
Aug 17 17:50:18 external-control-plane containerd[250]: time="2021-08-17T17:50:18.129736700Z" level=warning msg="The image sha256:c7c6c86897b63067b540640b3b47ba46e0587542fc6511eef3bd1f833e1319e1 is not unpacked."
Aug 17 17:50:18 external-control-plane containerd[250]: time="2021-08-17T17:50:18.130394200Z" level=warning msg="The image sha256:dcd3c2885cca57315a79524ccdd75deffb3ac1377fcc48d619426d18a695492f is not unpacked."
Aug 17 17:50:18 external-control-plane containerd[250]: time="2021-08-17T17:50:18.130920900Z" level=warning msg="The image sha256:e422121c9c5f97623245b7e600eeb5e223ee623f21fa04da985ae71057d8d70b is not unpacked."
Aug 17 17:50:18 external-control-plane containerd[250]: time="2021-08-17T17:50:18.131466600Z" level=info msg="Start event monitor"
Aug 17 17:50:18 external-control-plane containerd[250]: time="2021-08-17T17:50:18.131576000Z" level=info msg="Start snapshots syncer"
Aug 17 17:50:18 external-control-plane containerd[250]: time="2021-08-17T17:50:18.131645200Z" level=info msg="Start cni network conf syncer"
Aug 17 17:50:18 external-control-plane containerd[250]: time="2021-08-17T17:50:18.131665600Z" level=info msg="Start streaming server"
Aug 17 17:50:31 external-control-plane containerd[250]: time="2021-08-17T17:50:31.453714800Z" level=info msg="RunPodsandbox for &PodSandboxMetadata{Name:kube-apiserver-external-control-plane,Uid:949099c6581d332a8f1dbcdbd524d0ae,Namespace:kube-system,Attempt:0,}"
Aug 17 17:50:31 external-control-plane containerd[250]: time="2021-08-17T17:50:31.453698900Z" level=info msg="RunPodsandbox for &PodSandboxMetadata{Name:etcd-external-control-plane,Uid:ce54e720217c6f6d55666abfec72a7cc,Namespace:kube-system,Attempt:0,}"
Aug 17 17:50:31 external-control-plane containerd[250]: time="2021-08-17T17:50:31.454023700Z" level=info msg="RunPodsandbox for &PodSandboxMetadata{Name:kube-scheduler-external-control-plane,Uid:2684a87c49138cdc77a25350f55b72ff,Namespace:kube-system,Attempt:0,}"
Aug 17 17:50:31 external-control-plane containerd[250]: time="2021-08-17T17:50:31.455527400Z" level=info msg="RunPodsandbox for &PodSandboxMetadata{Name:kube-controller-manager-external-control-plane,Uid:62d94253dfb3bc7efea906594d5c451f,Namespace:kube-system,Attempt:0,}"
Aug 17 17:50:31 external-control-plane containerd[250]: time="2021-08-17T17:50:31.912273100Z" level=info msg="starting signal loop" namespace=k8s.io path=/run/containerd/io.containerd.runtime.v2.task/k8s.io/eae585be2fb908536b6206159be6794395952df82b84b624adefe3fe3fe87650 pid=408
Aug 17 17:50:31 external-control-plane containerd[250]: time="2021-08-17T17:50:31.912888200Z" level=info msg="starting signal loop" namespace=k8s.io path=/run/containerd/io.containerd.runtime.v2.task/k8s.io/e3929a358d39d8f92bdaf7b8e603af9823487a3e06497c3fe764b74c8bbcfb2f pid=410
Aug 17 17:50:31 external-control-plane containerd[250]: time="2021-08-17T17:50:31.929380900Z" level=info msg="starting signal loop" namespace=k8s.io path=/run/containerd/io.containerd.runtime.v2.task/k8s.io/9909d3ab0bd812f9f108838a2a7eaa71e4734069962f67b99f7b2efc60661324 pid=450
Aug 17 17:50:31 external-control-plane containerd[250]: time="2021-08-17T17:50:31.938436100Z" level=info msg="starting signal loop" namespace=k8s.io path=/run/containerd/io.containerd.runtime.v2.task/k8s.io/63297e04b6e26a97cc63323b5a6f5013082ef0d5b2ab49bf3b83acdfdca457c8 pid=447
Aug 17 17:50:32 external-control-plane containerd[250]: time="2021-08-17T17:50:32.097695900Z" level=info msg="RunPodSandbox for &PodSandboxMetadata{Name:kube-controller-manager-external-control-plane,Uid:62d94253dfb3bc7efea906594d5c451f,Namespace:kube-system,Attempt:0,} returns sandbox id \"eae585be2fb908536b6206159be6794395952df82b84b624adefe3fe3fe87650\""
Aug 17 17:50:32 external-control-plane containerd[250]: time="2021-08-17T17:50:32.101448900Z" level=info msg="CreateContainer within sandbox \"eae585be2fb908536b6206159be6794395952df82b84b624adefe3fe3fe87650\" for container &ContainerMetadata{Name:kube-controller-manager,Attempt:0,}"
Aug 17 17:50:32 external-control-plane containerd[250]: time="2021-08-17T17:50:32.112240800Z" level=info msg="RunPodSandbox for &PodSandboxMetadata{Name:etcd-external-control-plane,Uid:ce54e720217c6f6d55666abfec72a7cc,Namespace:kube-system,Attempt:0,} returns sandbox id \"e3929a358d39d8f92bdaf7b8e603af9823487a3e06497c3fe764b74c8bbcfb2f\""
Aug 17 17:50:32 external-control-plane containerd[250]: time="2021-08-17T17:50:32.118118000Z" level=info msg="RunPodSandbox for &PodSandboxMetadata{Name:kube-apiserver-external-control-plane,Uid:949099c6581d332a8f1dbcdbd524d0ae,Namespace:kube-system,Attempt:0,} returns sandbox id \"63297e04b6e26a97cc63323b5a6f5013082ef0d5b2ab49bf3b83acdfdca457c8\""
Aug 17 17:50:32 external-control-plane containerd[250]: time="2021-08-17T17:50:32.121435300Z" level=info msg="CreateContainer within sandbox \"e3929a358d39d8f92bdaf7b8e603af9823487a3e06497c3fe764b74c8bbcfb2f\" for container &ContainerMetadata{Name:etcd,Attempt:0,}"
Aug 17 17:50:32 external-control-plane containerd[250]: time="2021-08-17T17:50:32.125718500Z" level=info msg="CreateContainer within sandbox \"63297e04b6e26a97cc63323b5a6f5013082ef0d5b2ab49bf3b83acdfdca457c8\" for container &ContainerMetadata{Name:kube-apiserver,Attempt:0,}"
Aug 17 17:50:32 external-control-plane containerd[250]: time="2021-08-17T17:50:32.170491100Z" level=info msg="RunPodSandbox for &PodSandboxMetadata{Name:kube-scheduler-external-control-plane,Uid:2684a87c49138cdc77a25350f55b72ff,Namespace:kube-system,Attempt:0,} returns sandbox id \"9909d3ab0bd812f9f108838a2a7eaa71e4734069962f67b99f7b2efc60661324\""
Aug 17 17:50:32 external-control-plane containerd[250]: time="2021-08-17T17:50:32.180482600Z" level=info msg="CreateContainer within sandbox \"9909d3ab0bd812f9f108838a2a7eaa71e4734069962f67b99f7b2efc60661324\" for container &ContainerMetadata{Name:kube-scheduler,Attempt:0,}"
Aug 17 17:50:33 external-control-plane containerd[250]: time="2021-08-17T17:50:33.618539700Z" level=info msg="CreateContainer within sandbox \"9909d3ab0bd812f9f108838a2a7eaa71e4734069962f67b99f7b2efc60661324\" for &ContainerMetadata{Name:kube-scheduler,Attempt:0,} returns container id \"421dcdb98dc9fff0b8fe2940f0e92e16059bda42bfb76eae199f7752f6054145\""
Aug 17 17:50:33 external-control-plane containerd[250]: time="2021-08-17T17:50:33.619454300Z" level=info msg="StartContainer for \"421dcdb98dc9fff0b8fe2940f0e92e16059bda42bfb76eae199f7752f6054145\""
Aug 17 17:50:33 external-control-plane containerd[250]: time="2021-08-17T17:50:33.625209600Z" level=info msg="CreateContainer within sandbox \"eae585be2fb908536b6206159be6794395952df82b84b624adefe3fe3fe87650\" for &ContainerMetadata{Name:kube-controller-manager,Attempt:0,} returns container id \"4fd5ec62300eaabb4d8028fe7c5419e86e8844897151178baf97e3b288b409a0\""
Aug 17 17:50:33 external-control-plane containerd[250]: time="2021-08-17T17:50:33.626333300Z" level=info msg="StartContainer for \"4fd5ec62300eaabb4d8028fe7c5419e86e8844897151178baf97e3b288b409a0\""
Aug 17 17:50:33 external-control-plane containerd[250]: time="2021-08-17T17:50:33.628378700Z" level=info msg="CreateContainer within sandbox \"63297e04b6e26a97cc63323b5a6f5013082ef0d5b2ab49bf3b83acdfdca457c8\" for &ContainerMetadata{Name:kube-apiserver,Attempt:0,} returns container id \"032243af0807ad6a0dd8020fa009e829c705e77aa6705c88fd722e0d88e9cc24\""
Aug 17 17:50:33 external-control-plane containerd[250]: time="2021-08-17T17:50:33.633649500Z" level=info msg="StartContainer for \"032243af0807ad6a0dd8020fa009e829c705e77aa6705c88fd722e0d88e9cc24\""
Aug 17 17:50:33 external-control-plane containerd[250]: time="2021-08-17T17:50:33.788665700Z" level=info msg="StartContainer for \"032243af0807ad6a0dd8020fa009e829c705e77aa6705c88fd722e0d88e9cc24\" returns successfully"
Aug 17 17:50:33 external-control-plane containerd[250]: time="2021-08-17T17:50:33.790871400Z" level=info msg="StartContainer for \"421dcdb98dc9fff0b8fe2940f0e92e16059bda42bfb76eae199f7752f6054145\" returns successfully"
Aug 17 17:50:33 external-control-plane containerd[250]: time="2021-08-17T17:50:33.793977100Z" level=info msg="StartContainer for \"4fd5ec62300eaabb4d8028fe7c5419e86e8844897151178baf97e3b288b409a0\" returns successfully"
Aug 17 17:50:36 external-control-plane containerd[250]: time="2021-08-17T17:50:36.660582000Z" level=info msg="CreateContainer within sandbox \"e3929a358d39d8f92bdaf7b8e603af9823487a3e06497c3fe764b74c8bbcfb2f\" for &ContainerMetadata{Name:etcd,Attempt:0,} returns container id \"07b0f58575dd90ff38ef97426d29c098cd1ce390cf8573ee1b96874c75d5bac5\""
Aug 17 17:50:36 external-control-plane containerd[250]: time="2021-08-17T17:50:36.661184500Z" level=info msg="StartContainer for \"07b0f58575dd90ff38ef97426d29c098cd1ce390cf8573ee1b96874c75d5bac5\""
Aug 17 17:50:36 external-control-plane containerd[250]: time="2021-08-17T17:50:36.723650900Z" level=info msg="StartContainer for \"07b0f58575dd90ff38ef97426d29c098cd1ce390cf8573ee1b96874c75d5bac5\" returns successfully"
Aug 17 17:50:58 external-control-plane containerd[250]: time="2021-08-17T17:50:58.433788300Z" level=info msg="No cni config template is specified, wait for other system components to drop the config."
Aug 17 17:50:58 external-control-plane containerd[250]: time="2021-08-17T17:50:58.834167300Z" level=info msg="RunPodsandbox for &PodSandboxMetadata{Name:kindnet-ml8zk,Uid:b8130e68-85a0-4a6a-940f-b066d4405b70,Namespace:kube-system,Attempt:0,}"
Aug 17 17:50:58 external-control-plane containerd[250]: time="2021-08-17T17:50:58.841238800Z" level=info msg="RunPodsandbox for &PodSandboxMetadata{Name:kube-proxy-ssq26,Uid:4bc152ed-542d-4e57-8d03-298c23f1d0fe,Namespace:kube-system,Attempt:0,}"
Aug 17 17:50:58 external-control-plane containerd[250]: time="2021-08-17T17:50:58.855522900Z" level=info msg="starting signal loop" namespace=k8s.io path=/run/containerd/io.containerd.runtime.v2.task/k8s.io/8f7afcd57a419cef9c26351ecf023eedc530d557401f0769b055f6c88d2eb8d1 pid=1599
Aug 17 17:50:58 external-control-plane containerd[250]: time="2021-08-17T17:50:58.898444100Z" level=info msg="starting signal loop" namespace=k8s.io path=/run/containerd/io.containerd.runtime.v2.task/k8s.io/8e0914490377ae3f55333bfda84397fad521aa59663c87cb7eced2107fb350c3 pid=1626
Aug 17 17:50:59 external-control-plane containerd[250]: time="2021-08-17T17:50:59.098322000Z" level=info msg="RunPodSandbox for &PodSandboxMetadata{Name:kube-proxy-ssq26,Uid:4bc152ed-542d-4e57-8d03-298c23f1d0fe,Namespace:kube-system,Attempt:0,} returns sandbox id \"8e0914490377ae3f55333bfda84397fad521aa59663c87cb7eced2107fb350c3\""
Aug 17 17:50:59 external-control-plane containerd[250]: time="2021-08-17T17:50:59.108686600Z" level=info msg="CreateContainer within sandbox \"8e0914490377ae3f55333bfda84397fad521aa59663c87cb7eced2107fb350c3\" for container &ContainerMetadata{Name:kube-proxy,Attempt:0,}"
Aug 17 17:50:59 external-control-plane containerd[250]: time="2021-08-17T17:50:59.245155600Z" level=info msg="RunPodSandbox for &PodSandboxMetadata{Name:kindnet-ml8zk,Uid:b8130e68-85a0-4a6a-940f-b066d4405b70,Namespace:kube-system,Attempt:0,} returns sandbox id \"8f7afcd57a419cef9c26351ecf023eedc530d557401f0769b055f6c88d2eb8d1\""
Aug 17 17:50:59 external-control-plane containerd[250]: time="2021-08-17T17:50:59.253681200Z" level=info msg="CreateContainer within sandbox \"8f7afcd57a419cef9c26351ecf023eedc530d557401f0769b055f6c88d2eb8d1\" for container &ContainerMetadata{Name:kindnet-cni,Attempt:0,}"
Aug 17 17:51:01 external-control-plane containerd[250]: time="2021-08-17T17:51:01.170474800Z" level=info msg="CreateContainer within sandbox \"8e0914490377ae3f55333bfda84397fad521aa59663c87cb7eced2107fb350c3\" for &ContainerMetadata{Name:kube-proxy,Attempt:0,} returns container id \"01cfd4cfe8298305b8a204f7410c097b3af79e6ba9c060d7ffc88ada6f35718b\""
Aug 17 17:51:01 external-control-plane containerd[250]: time="2021-08-17T17:51:01.171431600Z" level=info msg="StartContainer for \"01cfd4cfe8298305b8a204f7410c097b3af79e6ba9c060d7ffc88ada6f35718b\""
Aug 17 17:51:01 external-control-plane containerd[250]: time="2021-08-17T17:51:01.301115300Z" level=info msg="StartContainer for \"01cfd4cfe8298305b8a204f7410c097b3af79e6ba9c060d7ffc88ada6f35718b\" returns successfully"
Aug 17 17:51:03 external-control-plane containerd[250]: time="2021-08-17T17:51:03.689748300Z" level=info msg="CreateContainer within sandbox \"8f7afcd57a419cef9c26351ecf023eedc530d557401f0769b055f6c88d2eb8d1\" for &ContainerMetadata{Name:kindnet-cni,Attempt:0,} returns container id \"3aa0a8f3d7930c698dc424b795389dc6f4fc4de7b481fb78c8ab37a9a8772381\""
Aug 17 17:51:03 external-control-plane containerd[250]: time="2021-08-17T17:51:03.691733600Z" level=info msg="StartContainer for \"3aa0a8f3d7930c698dc424b795389dc6f4fc4de7b481fb78c8ab37a9a8772381\""
Aug 17 17:51:03 external-control-plane containerd[250]: time="2021-08-17T17:51:03.937516800Z" level=info msg="StartContainer for \"3aa0a8f3d7930c698dc424b795389dc6f4fc4de7b481fb78c8ab37a9a8772381\" returns successfully"
Aug 17 17:51:04 external-control-plane containerd[250]: time="2021-08-17T17:51:04.526172900Z" level=error msg="failed to reload cni configuration after receiving fs change event(\"/etc/cni/net.d/10-kindnet.conflist.temp\": WRITE)" error="cni config load failed: no network config found in /etc/cni/net.d: cni plugin not initialized: failed to load cni config"
Aug 17 17:51:04 external-control-plane containerd[250]: time="2021-08-17T17:51:04.526339300Z" level=error msg="failed to reload cni configuration after receiving fs change event(\"/etc/cni/net.d/10-kindnet.conflist.temp\": WRITE)" error="cni config load failed: no network config found in /etc/cni/net.d: cni plugin not initialized: failed to load cni config"
Aug 17 17:51:04 external-control-plane containerd[250]: time="2021-08-17T17:51:04.526430800Z" level=error msg="failed to reload cni configuration after receiving fs change event(\"/etc/cni/net.d/10-kindnet.conflist.temp\": WRITE)" error="cni config load failed: no network config found in /etc/cni/net.d: cni plugin not initialized: failed to load cni config"
Aug 17 17:51:04 external-control-plane containerd[250]: time="2021-08-17T17:51:04.529718600Z" level=error msg="failed to reload cni configuration after receiving fs change event(\"/etc/cni/net.d/10-kindnet.conflist.temp\": WRITE)" error="cni config load failed: no network config found in /etc/cni/net.d: cni plugin not initialized: failed to load cni config"
Aug 17 17:51:04 external-control-plane containerd[250]: time="2021-08-17T17:51:04.529843500Z" level=error msg="failed to reload cni configuration after receiving fs change event(\"/etc/cni/net.d/10-kindnet.conflist.temp\": WRITE)" error="cni config load failed: no network config found in /etc/cni/net.d: cni plugin not initialized: failed to load cni config"
Aug 17 17:51:15 external-control-plane containerd[250]: time="2021-08-17T17:51:15.426500900Z" level=info msg="RunPodsandbox for &PodSandboxMetadata{Name:metrics-server-99b5b5fc6-8gfx4,Uid:fd7fc818-7e9e-4b4c-9c4b-24d1e74460d1,Namespace:kube-system,Attempt:0,}"
Aug 17 17:51:15 external-control-plane containerd[250]: time="2021-08-17T17:51:15.508844200Z" level=info msg="starting signal loop" namespace=k8s.io path=/run/containerd/io.containerd.runtime.v2.task/k8s.io/2a7e7c9b6c52c52cb6ad34b6f8345c0df7fa884ec09153ebf84b2de337bb4b91 pid=2692
Aug 17 17:51:15 external-control-plane containerd[250]: time="2021-08-17T17:51:15.632194900Z" level=info msg="RunPodSandbox for &PodSandboxMetadata{Name:metrics-server-99b5b5fc6-8gfx4,Uid:fd7fc818-7e9e-4b4c-9c4b-24d1e74460d1,Namespace:kube-system,Attempt:0,} returns sandbox id \"2a7e7c9b6c52c52cb6ad34b6f8345c0df7fa884ec09153ebf84b2de337bb4b91\""
Aug 17 17:51:15 external-control-plane containerd[250]: time="2021-08-17T17:51:15.638122700Z" level=info msg="PullImage \"k8s.gcr.io/metrics-server/metrics-server:v0.4.4\""
Aug 17 17:51:18 external-control-plane containerd[250]: time="2021-08-17T17:51:18.103102100Z" level=info msg="RunPodsandbox for &PodSandboxMetadata{Name:coredns-558bd4d5db-vz9mc,Uid:00911d7b-9402-4447-aae1-5e7e0cdc4e5b,Namespace:kube-system,Attempt:0,}"
Aug 17 17:51:18 external-control-plane containerd[250]: time="2021-08-17T17:51:18.107000000Z" level=info msg="RunPodsandbox for &PodSandboxMetadata{Name:local-path-provisioner-547f784dff-2zctb,Uid:665442b7-2898-48d0-9d40-40a63827a0a6,Namespace:local-path-storage,Attempt:0,}"
Aug 17 17:51:18 external-control-plane containerd[250]: time="2021-08-17T17:51:18.221379800Z" level=info msg="starting signal loop" namespace=k8s.io path=/run/containerd/io.containerd.runtime.v2.task/k8s.io/c33fc5fd69d4c21477cc0ac20d06e384691a1511fe75fb6635f15d0fdc0f209a pid=2835
Aug 17 17:51:18 external-control-plane containerd[250]: time="2021-08-17T17:51:18.231360800Z" level=info msg="starting signal loop" namespace=k8s.io path=/run/containerd/io.containerd.runtime.v2.task/k8s.io/435848423360823e0056cb603937b310ecd042408c95eb76bd0b23d4ba530f6f pid=2841
Aug 17 17:51:18 external-control-plane containerd[250]: time="2021-08-17T17:51:18.419070400Z" level=info msg="RunPodsandbox for &PodSandboxMetadata{Name:coredns-558bd4d5db-xn6sq,Uid:69eebc38-1eb9-4f31-9dbc-d920f7fc0325,Namespace:kube-system,Attempt:0,}"
Aug 17 17:51:18 external-control-plane containerd[250]: time="2021-08-17T17:51:18.423151600Z" level=info msg="RunPodSandbox for &PodSandboxMetadata{Name:local-path-provisioner-547f784dff-2zctb,Uid:665442b7-2898-48d0-9d40-40a63827a0a6,Namespace:local-path-storage,Attempt:0,} returns sandbox id \"c33fc5fd69d4c21477cc0ac20d06e384691a1511fe75fb6635f15d0fdc0f209a\""
Aug 17 17:51:18 external-control-plane containerd[250]: time="2021-08-17T17:51:18.430116300Z" level=info msg="CreateContainer within sandbox \"c33fc5fd69d4c21477cc0ac20d06e384691a1511fe75fb6635f15d0fdc0f209a\" for container &ContainerMetadata{Name:local-path-provisioner,Attempt:0,}"
Aug 17 17:51:18 external-control-plane containerd[250]: time="2021-08-17T17:51:18.463044900Z" level=info msg="RunPodSandbox for &PodSandboxMetadata{Name:coredns-558bd4d5db-vz9mc,Uid:00911d7b-9402-4447-aae1-5e7e0cdc4e5b,Namespace:kube-system,Attempt:0,} returns sandbox id \"435848423360823e0056cb603937b310ecd042408c95eb76bd0b23d4ba530f6f\""
Aug 17 17:51:18 external-control-plane containerd[250]: time="2021-08-17T17:51:18.470109600Z" level=info msg="CreateContainer within sandbox \"435848423360823e0056cb603937b310ecd042408c95eb76bd0b23d4ba530f6f\" for container &ContainerMetadata{Name:coredns,Attempt:0,}"
Aug 17 17:51:18 external-control-plane containerd[250]: time="2021-08-17T17:51:18.605262800Z" level=info msg="starting signal loop" namespace=k8s.io path=/run/containerd/io.containerd.runtime.v2.task/k8s.io/77d233a827952df70af9b7727f00bc7223c730a8454ab48b91139f16147768af pid=2946
Aug 17 17:51:18 external-control-plane containerd[250]: time="2021-08-17T17:51:18.845885600Z" level=info msg="RunPodSandbox for &PodSandboxMetadata{Name:coredns-558bd4d5db-xn6sq,Uid:69eebc38-1eb9-4f31-9dbc-d920f7fc0325,Namespace:kube-system,Attempt:0,} returns sandbox id \"77d233a827952df70af9b7727f00bc7223c730a8454ab48b91139f16147768af\""
Aug 17 17:51:18 external-control-plane containerd[250]: time="2021-08-17T17:51:18.855104700Z" level=info msg="CreateContainer within sandbox \"77d233a827952df70af9b7727f00bc7223c730a8454ab48b91139f16147768af\" for container &ContainerMetadata{Name:coredns,Attempt:0,}"
Aug 17 17:51:19 external-control-plane containerd[250]: time="2021-08-17T17:51:19.456282600Z" level=info msg="ImageCreate event &ImageCreate{Name:k8s.gcr.io/metrics-server/metrics-server:v0.4.4,Labels:map[string]string{io.cri-containerd.image: managed,},XXX_unrecognized:[],}"
Aug 17 17:51:19 external-control-plane containerd[250]: time="2021-08-17T17:51:19.459239100Z" level=info msg="ImageCreate event &ImageCreate{Name:sha256:181172b235b225c5644edae46296bd7c2305c05113e89a9b4274a952546743f4,Labels:map[string]string{io.cri-containerd.image: managed,},XXX_unrecognized:[],}"
Aug 17 17:51:19 external-control-plane containerd[250]: time="2021-08-17T17:51:19.461122400Z" level=info msg="ImageUpdate event &ImageUpdate{Name:k8s.gcr.io/metrics-server/metrics-server:v0.4.4,Labels:map[string]string{io.cri-containerd.image: managed,},XXX_unrecognized:[],}"
Aug 17 17:51:19 external-control-plane containerd[250]: time="2021-08-17T17:51:19.463062300Z" level=info msg="ImageCreate event &ImageCreate{Name:k8s.gcr.io/metrics-server/metrics-server@sha256:f8643f007c8a604388eadbdac43d76b95b56ccd13f7447dd0934b594b9f7b363,Labels:map[string]string{io.cri-containerd.image: managed,},XXX_unrecognized:[],}"
Aug 17 17:51:19 external-control-plane containerd[250]: time="2021-08-17T17:51:19.463382200Z" level=info msg="PullImage \"k8s.gcr.io/metrics-server/metrics-server:v0.4.4\" returns image reference \"sha256:181172b235b225c5644edae46296bd7c2305c05113e89a9b4274a952546743f4\""
Aug 17 17:51:19 external-control-plane containerd[250]: time="2021-08-17T17:51:19.468175500Z" level=info msg="CreateContainer within sandbox \"2a7e7c9b6c52c52cb6ad34b6f8345c0df7fa884ec09153ebf84b2de337bb4b91\" for container &ContainerMetadata{Name:metrics-server,Attempt:0,}"
Aug 17 17:51:19 external-control-plane containerd[250]: time="2021-08-17T17:51:19.707815500Z" level=info msg="CreateContainer within sandbox \"2a7e7c9b6c52c52cb6ad34b6f8345c0df7fa884ec09153ebf84b2de337bb4b91\" for &ContainerMetadata{Name:metrics-server,Attempt:0,} returns container id \"50cb7f58098ecbce0e590812700a88027ccc0deef60c0780c1f220c92fe6c6f5\""
Aug 17 17:51:19 external-control-plane containerd[250]: time="2021-08-17T17:51:19.708937100Z" level=info msg="StartContainer for \"50cb7f58098ecbce0e590812700a88027ccc0deef60c0780c1f220c92fe6c6f5\""
Aug 17 17:51:19 external-control-plane containerd[250]: time="2021-08-17T17:51:19.992050200Z" level=info msg="StartContainer for \"50cb7f58098ecbce0e590812700a88027ccc0deef60c0780c1f220c92fe6c6f5\" returns successfully"
Aug 17 17:51:20 external-control-plane containerd[250]: time="2021-08-17T17:51:20.191430300Z" level=info msg="CreateContainer within sandbox \"c33fc5fd69d4c21477cc0ac20d06e384691a1511fe75fb6635f15d0fdc0f209a\" for &ContainerMetadata{Name:local-path-provisioner,Attempt:0,} returns container id \"23cf3af9aeb2b3665cee52f363780cbf800c54aad071227c99c761888c96a53c\""
Aug 17 17:51:20 external-control-plane containerd[250]: time="2021-08-17T17:51:20.193343300Z" level=info msg="StartContainer for \"23cf3af9aeb2b3665cee52f363780cbf800c54aad071227c99c761888c96a53c\""
Aug 17 17:51:20 external-control-plane containerd[250]: time="2021-08-17T17:51:20.201024700Z" level=info msg="CreateContainer within sandbox \"435848423360823e0056cb603937b310ecd042408c95eb76bd0b23d4ba530f6f\" for &ContainerMetadata{Name:coredns,Attempt:0,} returns container id \"58d780e6429898d8c70280fb720c9fba1bea99b9aac8fe06f3273f96d973c85e\""
Aug 17 17:51:20 external-control-plane containerd[250]: time="2021-08-17T17:51:20.202179000Z" level=info msg="StartContainer for \"58d780e6429898d8c70280fb720c9fba1bea99b9aac8fe06f3273f96d973c85e\""
Aug 17 17:51:20 external-control-plane containerd[250]: time="2021-08-17T17:51:20.395027000Z" level=info msg="StartContainer for \"58d780e6429898d8c70280fb720c9fba1bea99b9aac8fe06f3273f96d973c85e\" returns successfully"
Aug 17 17:51:20 external-control-plane containerd[250]: time="2021-08-17T17:51:20.434692800Z" level=info msg="StartContainer for \"23cf3af9aeb2b3665cee52f363780cbf800c54aad071227c99c761888c96a53c\" returns successfully"
Aug 17 17:51:20 external-control-plane containerd[250]: time="2021-08-17T17:51:20.886745500Z" level=info msg="CreateContainer within sandbox \"77d233a827952df70af9b7727f00bc7223c730a8454ab48b91139f16147768af\" for &ContainerMetadata{Name:coredns,Attempt:0,} returns container id \"f424f85cccc66957d54fc5420f293e1c4a16eba55d052e0941682e8c8fb1c253\""
Aug 17 17:51:20 external-control-plane containerd[250]: time="2021-08-17T17:51:20.887695600Z" level=info msg="StartContainer for \"f424f85cccc66957d54fc5420f293e1c4a16eba55d052e0941682e8c8fb1c253\""
Aug 17 17:51:21 external-control-plane containerd[250]: time="2021-08-17T17:51:21.100367000Z" level=info msg="StartContainer for \"f424f85cccc66957d54fc5420f293e1c4a16eba55d052e0941682e8c8fb1c253\" returns successfully"
Aug 17 17:51:22 external-control-plane containerd[250]: time="2021-08-17T17:51:22.837569200Z" level=info msg="RunPodsandbox for &PodSandboxMetadata{Name:controller-fb659dc8-4c9fv,Uid:3737bf83-8aa7-4c90-89b1-7165b6eb9c53,Namespace:metallb-system,Attempt:0,}"
Aug 17 17:51:22 external-control-plane containerd[250]: time="2021-08-17T17:51:22.968864200Z" level=info msg="starting signal loop" namespace=k8s.io path=/run/containerd/io.containerd.runtime.v2.task/k8s.io/460f0eca54713a84a0109a1233cce7d6470c076e4140e74d1c25c4781ff34a0a pid=3265
Aug 17 17:51:23 external-control-plane containerd[250]: time="2021-08-17T17:51:23.111592400Z" level=info msg="RunPodsandbox for &PodSandboxMetadata{Name:speaker-4jpjs,Uid:76be2662-178e-4033-8567-a2838d694e9d,Namespace:metallb-system,Attempt:0,}"
Aug 17 17:51:23 external-control-plane containerd[250]: time="2021-08-17T17:51:23.154177100Z" level=info msg="starting signal loop" namespace=k8s.io path=/run/containerd/io.containerd.runtime.v2.task/k8s.io/632f403391777c465fd37509c488e43443403a1b23c341edd1c8da3b9806114e pid=3300
Aug 17 17:51:23 external-control-plane containerd[250]: time="2021-08-17T17:51:23.499540100Z" level=info msg="RunPodSandbox for &PodSandboxMetadata{Name:controller-fb659dc8-4c9fv,Uid:3737bf83-8aa7-4c90-89b1-7165b6eb9c53,Namespace:metallb-system,Attempt:0,} returns sandbox id \"460f0eca54713a84a0109a1233cce7d6470c076e4140e74d1c25c4781ff34a0a\""
Aug 17 17:51:23 external-control-plane containerd[250]: time="2021-08-17T17:51:23.519007200Z" level=info msg="PullImage \"metallb/controller:v0.9.3\""
Aug 17 17:51:23 external-control-plane containerd[250]: time="2021-08-17T17:51:23.693697700Z" level=info msg="RunPodSandbox for &PodSandboxMetadata{Name:speaker-4jpjs,Uid:76be2662-178e-4033-8567-a2838d694e9d,Namespace:metallb-system,Attempt:0,} returns sandbox id \"632f403391777c465fd37509c488e43443403a1b23c341edd1c8da3b9806114e\""
Aug 17 17:51:26 external-control-plane containerd[250]: time="2021-08-17T17:51:26.762230500Z" level=info msg="ImageCreate event &ImageCreate{Name:docker.io/metallb/controller:v0.9.3,Labels:map[string]string{io.cri-containerd.image: managed,},XXX_unrecognized:[],}"
Aug 17 17:51:26 external-control-plane containerd[250]: time="2021-08-17T17:51:26.765225200Z" level=info msg="ImageCreate event &ImageCreate{Name:sha256:4715cbeb692895ce6e233bcdb713632775e943eed606a0169f3d46ebf79d2af8,Labels:map[string]string{io.cri-containerd.image: managed,},XXX_unrecognized:[],}"
Aug 17 17:51:26 external-control-plane containerd[250]: time="2021-08-17T17:51:26.768700000Z" level=info msg="ImageUpdate event &ImageUpdate{Name:docker.io/metallb/controller:v0.9.3,Labels:map[string]string{io.cri-containerd.image: managed,},XXX_unrecognized:[],}"
Aug 17 17:51:26 external-control-plane containerd[250]: time="2021-08-17T17:51:26.769917500Z" level=info msg="ImageCreate event &ImageCreate{Name:docker.io/metallb/controller@sha256:c0c6f8655f9c855bc6e10c9a9975413d253b91063e91732021f07eca140797eb,Labels:map[string]string{io.cri-containerd.image: managed,},XXX_unrecognized:[],}"
Aug 17 17:51:26 external-control-plane containerd[250]: time="2021-08-17T17:51:26.770575200Z" level=info msg="PullImage \"metallb/controller:v0.9.3\" returns image reference \"sha256:4715cbeb692895ce6e233bcdb713632775e943eed606a0169f3d46ebf79d2af8\""
Aug 17 17:51:26 external-control-plane containerd[250]: time="2021-08-17T17:51:26.771322600Z" level=info msg="PullImage \"metallb/speaker:v0.9.3\""
Aug 17 17:51:26 external-control-plane containerd[250]: time="2021-08-17T17:51:26.780759600Z" level=info msg="CreateContainer within sandbox \"460f0eca54713a84a0109a1233cce7d6470c076e4140e74d1c25c4781ff34a0a\" for container &ContainerMetadata{Name:controller,Attempt:0,}"
Aug 17 17:51:26 external-control-plane containerd[250]: time="2021-08-17T17:51:26.835436600Z" level=info msg="CreateContainer within sandbox \"460f0eca54713a84a0109a1233cce7d6470c076e4140e74d1c25c4781ff34a0a\" for &ContainerMetadata{Name:controller,Attempt:0,} returns container id \"4df5cbb110c5f6bcdcec6dc08d7c4b3f752d400296f20594a359e24fffdaaa04\""
Aug 17 17:51:26 external-control-plane containerd[250]: time="2021-08-17T17:51:26.836932400Z" level=info msg="StartContainer for \"4df5cbb110c5f6bcdcec6dc08d7c4b3f752d400296f20594a359e24fffdaaa04\""
Aug 17 17:51:27 external-control-plane containerd[250]: time="2021-08-17T17:51:27.023202000Z" level=info msg="StartContainer for \"4df5cbb110c5f6bcdcec6dc08d7c4b3f752d400296f20594a359e24fffdaaa04\" returns successfully"
Aug 17 17:51:30 external-control-plane containerd[250]: time="2021-08-17T17:51:30.062906800Z" level=info msg="ImageCreate event &ImageCreate{Name:docker.io/metallb/speaker:v0.9.3,Labels:map[string]string{io.cri-containerd.image: managed,},XXX_unrecognized:[],}"
Aug 17 17:51:30 external-control-plane containerd[250]: time="2021-08-17T17:51:30.065439400Z" level=info msg="ImageCreate event &ImageCreate{Name:sha256:f241be9dae66654ca9c3fc0ade0ac4c042cf360518a77520d196035057644eee,Labels:map[string]string{io.cri-containerd.image: managed,},XXX_unrecognized:[],}"
Aug 17 17:51:30 external-control-plane containerd[250]: time="2021-08-17T17:51:30.068767200Z" level=info msg="ImageUpdate event &ImageUpdate{Name:docker.io/metallb/speaker:v0.9.3,Labels:map[string]string{io.cri-containerd.image: managed,},XXX_unrecognized:[],}"
Aug 17 17:51:30 external-control-plane containerd[250]: time="2021-08-17T17:51:30.070654300Z" level=info msg="ImageCreate event &ImageCreate{Name:docker.io/metallb/speaker@sha256:2b74eca0f25e946e9a1dc4b94b9da067b1fec4244364d266283dfbbab546a629,Labels:map[string]string{io.cri-containerd.image: managed,},XXX_unrecognized:[],}"
Aug 17 17:51:30 external-control-plane containerd[250]: time="2021-08-17T17:51:30.071972600Z" level=info msg="PullImage \"metallb/speaker:v0.9.3\" returns image reference \"sha256:f241be9dae66654ca9c3fc0ade0ac4c042cf360518a77520d196035057644eee\""
Aug 17 17:51:30 external-control-plane containerd[250]: time="2021-08-17T17:51:30.074327100Z" level=info msg="CreateContainer within sandbox \"632f403391777c465fd37509c488e43443403a1b23c341edd1c8da3b9806114e\" for container &ContainerMetadata{Name:speaker,Attempt:0,}"
Aug 17 17:51:30 external-control-plane containerd[250]: time="2021-08-17T17:51:30.136173200Z" level=info msg="CreateContainer within sandbox \"632f403391777c465fd37509c488e43443403a1b23c341edd1c8da3b9806114e\" for &ContainerMetadata{Name:speaker,Attempt:0,} returns container id \"8a6b5be7fd1c9f121dbd5378f04d417fb5721f3f72ebb5cc61480b3e2b39e582\""
Aug 17 17:51:30 external-control-plane containerd[250]: time="2021-08-17T17:51:30.137146000Z" level=info msg="StartContainer for \"8a6b5be7fd1c9f121dbd5378f04d417fb5721f3f72ebb5cc61480b3e2b39e582\""
Aug 17 17:51:30 external-control-plane containerd[250]: time="2021-08-17T17:51:30.402840800Z" level=info msg="StartContainer for \"8a6b5be7fd1c9f121dbd5378f04d417fb5721f3f72ebb5cc61480b3e2b39e582\" returns successfully"
